

***********************************************************************
Fatal NI connect error 12571, connecting to:
 (DESCRIPTION=(ADDRESS=(PROTOCOL=TCP)(HOST=115.94.5.157)(PORT=1521))(CONNECT_DATA=(SERVER=DEDICATED)(SID=orcl)(CID=(PROGRAM=httpd)(HOST=uws7-178.cafe24.com)(USER=easyinfo12))))

  VERSION INFORMATION:
	TNS for Linux: Version 10.2.0.5.0 - Production
	TCP/IP NT Protocol Adapter for Linux: Version 10.2.0.5.0 - Production
  Time: 15-JAN-2021 10:08:33
  Tracing not turned on.
  Tns error struct:
    ns main err code: 12571
    TNS-12571: Message 12571 not found; No message file for product=network, facility=TNS
    ns secondary err code: 12560
    nt main err code: 505
    TNS-00505: Message 505 not found; No message file for product=network, facility=TNS
    nt secondary err code: 110
    nt OS err code: 0


***********************************************************************
Fatal NI connect error 12571, connecting to:
 (DESCRIPTION=(ADDRESS=(PROTOCOL=TCP)(HOST=115.94.5.157)(PORT=1521))(CONNECT_DATA=(SERVER=DEDICATED)(SID=orcl)(CID=(PROGRAM=httpd)(HOST=uws7-178.cafe24.com)(USER=easyinfo12))))

  VERSION INFORMATION:
	TNS for Linux: Version 10.2.0.5.0 - Production
	TCP/IP NT Protocol Adapter for Linux: Version 10.2.0.5.0 - Production
  Time: 15-JAN-2021 10:08:58
  Tracing not turned on.
  Tns error struct:
    ns main err code: 12571
    TNS-12571: Message 12571 not found; No message file for product=network, facility=TNS
    ns secondary err code: 12560
    nt main err code: 505
    TNS-00505: Message 505 not found; No message file for product=network, facility=TNS
    nt secondary err code: 110
    nt OS err code: 0


***********************************************************************
Fatal NI connect error 12571, connecting to:
 (DESCRIPTION=(ADDRESS=(PROTOCOL=TCP)(HOST=115.94.5.157)(PORT=1521))(CONNECT_DATA=(SERVER=DEDICATED)(SID=orcl)(CID=(PROGRAM=httpd)(HOST=uws7-178.cafe24.com)(USER=easyinfo12))))

  VERSION INFORMATION:
	TNS for Linux: Version 10.2.0.5.0 - Production
	TCP/IP NT Protocol Adapter for Linux: Version 10.2.0.5.0 - Production
  Time: 15-JAN-2021 10:09:02
  Tracing not turned on.
  Tns error struct:
    ns main err code: 12571
    TNS-12571: Message 12571 not found; No message file for product=network, facility=TNS
    ns secondary err code: 12560
    nt main err code: 505
    TNS-00505: Message 505 not found; No message file for product=network, facility=TNS
    nt secondary err code: 110
    nt OS err code: 0


***********************************************************************
Fatal NI connect error 12571, connecting to:
 (DESCRIPTION=(ADDRESS=(PROTOCOL=TCP)(HOST=115.94.5.157)(PORT=1521))(CONNECT_DATA=(SERVER=DEDICATED)(SID=orcl)(CID=(PROGRAM=httpd)(HOST=uws7-178.cafe24.com)(USER=easyinfo12))))

  VERSION INFORMATION:
	TNS for Linux: Version 10.2.0.5.0 - Production
	TCP/IP NT Protocol Adapter for Linux: Version 10.2.0.5.0 - Production
  Time: 15-JAN-2021 10:09:13
  Tracing not turned on.
  Tns error struct:
    ns main err code: 12571
    TNS-12571: Message 12571 not found; No message file for product=network, facility=TNS
    ns secondary err code: 12560
    nt main err code: 505
    TNS-00505: Message 505 not found; No message file for product=network, facility=TNS
    nt secondary err code: 110
    nt OS err code: 0


***********************************************************************
Fatal NI connect error 12170.

  VERSION INFORMATION:
	TNS for Linux: Version 10.2.0.5.0 - Production
	TCP/IP NT Protocol Adapter for Linux: Version 10.2.0.5.0 - Production
  Time: 15-JAN-2021 10:14:39
  Tracing not turned on.
  Tns error struct:
    ns main err code: 12535
    TNS-12535: Message 12535 not found; No message file for product=network, facility=TNS
    ns secondary err code: 12560
    nt main err code: 505
    TNS-00505: Message 505 not found; No message file for product=network, facility=TNS


***********************************************************************
Fatal NI connect error 12170.

  VERSION INFORMATION:
	TNS for Linux: Version 10.2.0.5.0 - Production
	TCP/IP NT Protocol Adapter for Linux: Version 10.2.0.5.0 - Production
  Time: 15-JAN-2021 10:15:29
  Tracing not turned on.
  Tns error struct:
    ns main err code: 12535
    TNS-12535: Message 12535 not found; No message file for product=network, facility=TNS
    ns secondary err code: 12560
    nt main err code: 505
    TNS-00505: Message 505 not found; No message file for product=network, facility=TNS


***********************************************************************
Fatal NI connect error 12170.

  VERSION INFORMATION:
	TNS for Linux: Version 10.2.0.5.0 - Production
	TCP/IP NT Protocol Adapter for Linux: Version 10.2.0.5.0 - Production
  Time: 15-JAN-2021 10:16:03
  Tracing not turned on.
  Tns error struct:
    ns main err code: 12535
    TNS-12535: Message 12535 not found; No message file for product=network, facility=TNS
    ns secondary err code: 12560
    nt main err code: 505
    TNS-00505: Message 505 not found; No message file for product=network, facility=TNS
    nt secondary err code: 110
    nt OS err code: 0
  Client address: <unknown>
    nt secondary err code: 110
    nt OS err code: 0
  Client address: <unknown>
    nt secondary err code: 110
    nt OS err code: 0
  Client address: <unknown>


***********************************************************************
Fatal NI connect error 12518, connecting to:
 (DESCRIPTION=(ADDRESS=(PROTOCOL=TCP)(HOST=125.142.60.169)(PORT=1521))(CONNECT_DATA=(SERVER=DEDICATED)(SID=orcl)(CID=(PROGRAM=httpd)(HOST=uws7-178.cafe24.com)(USER=easyinfo12))))

  VERSION INFORMATION:
	TNS for Linux: Version 10.2.0.5.0 - Production
	TCP/IP NT Protocol Adapter for Linux: Version 10.2.0.5.0 - Production
  Time: 05-OCT-2021 10:18:29
  Tracing not turned on.
  Tns error struct:
    ns main err code: 12564
    TNS-12564: Message 12564 not found; No message file for product=network, facility=TNS


***********************************************************************
Fatal NI connect error 12518, connecting to:
 (DESCRIPTION=(ADDRESS=(PROTOCOL=TCP)(HOST=125.142.60.169)(PORT=1521))(CONNECT_DATA=(SERVER=DEDICATED)(SID=orcl)(CID=(PROGRAM=httpd)(HOST=uws7-178.cafe24.com)(USER=easyinfo12))))

  VERSION INFORMATION:
	TNS for Linux: Version 10.2.0.5.0 - Production
	TCP/IP NT Protocol Adapter for Linux: Version 10.2.0.5.0 - Production
  Time: 05-OCT-2021 10:18:31
  Tracing not turned on.
  Tns error struct:
    ns main err code: 12564
    TNS-12564: Message 12564 not found; No message file for product=network, facility=TNS


***********************************************************************
Fatal NI connect error 12518, connecting to:
 (DESCRIPTION=(ADDRESS=(PROTOCOL=TCP)(HOST=125.142.60.169)(PORT=1521))(CONNECT_DATA=(SERVER=DEDICATED)(SID=orcl)(CID=(PROGRAM=httpd)(HOST=uws7-178.cafe24.com)(USER=easyinfo12))))

  VERSION INFORMATION:
	TNS for Linux: Version 10.2.0.5.0 - Production
	TCP/IP NT Protocol Adapter for Linux: Version 10.2.0.5.0 - Production
  Time: 05-OCT-2021 10:18:37
  Tracing not turned on.
  Tns error struct:
    ns main err code: 12564
    TNS-12564: Message 12564 not found; No message file for product=network, facility=TNS


***********************************************************************
Fatal NI connect error 12518, connecting to:
 (DESCRIPTION=(ADDRESS=(PROTOCOL=TCP)(HOST=125.142.60.169)(PORT=1521))(CONNECT_DATA=(SERVER=DEDICATED)(SID=orcl)(CID=(PROGRAM=httpd)(HOST=uws7-178.cafe24.com)(USER=easyinfo12))))

  VERSION INFORMATION:
	TNS for Linux: Version 10.2.0.5.0 - Production
	TCP/IP NT Protocol Adapter for Linux: Version 10.2.0.5.0 - Production
  Time: 05-OCT-2021 10:18:42
  Tracing not turned on.
  Tns error struct:
    ns main err code: 12564
    TNS-12564: Message 12564 not found; No message file for product=network, facility=TNS
    ns secondary err code: 0
    nt main err code: 0
    nt secondary err code: 0
    nt OS err code: 0


***********************************************************************
Fatal NI connect error 12518, connecting to:
 (DESCRIPTION=(ADDRESS=(PROTOCOL=TCP)(HOST=125.142.60.169)(PORT=1521))(CONNECT_DATA=(SERVER=DEDICATED)(SID=orcl)(CID=(PROGRAM=httpd)(HOST=uws7-178.cafe24.com)(USER=easyinfo12))))

  VERSION INFORMATION:
	TNS for Linux: Version 10.2.0.5.0 - Production
	TCP/IP NT Protocol Adapter for Linux: Version 10.2.0.5.0 - Production
  Time: 05-OCT-2021 10:18:54
  Tracing not turned on.
  Tns error struct:
    ns main err code: 12564
    TNS-12564: Message 12564 not found; No message file for product=network, facility=TNS
    ns secondary err code: 0
    nt main err code: 0
    nt secondary err code: 0
    nt OS err code: 0
    ns secondary err code: 0
    nt main err code: 0
    nt secondary err code: 0
    nt OS err code: 0
    ns secondary err code: 0
    nt main err code: 0
    nt secondary err code: 0
    nt OS err code: 0
    ns secondary err code: 0
    nt main err code: 0
    nt secondary err code: 0
    nt OS err code: 0
