● 2020-09-10 16:07:27 / Thu > Worktime (ajax.gmember_worktime_update) > DEBUG :: Worktime > Post 1 ▶ {"wt_no":"1","wt_start_time":"09:00","wt_end_time":"17:00","work_days":null,"wt_fwd_ment_idx":"4509","wt_fwd_ment_name":"발신멘트004","wt_rcv_ment_idx":"4506","wt_rcv_ment_name":"티처콜1","wt_end_ment_idx":"4519","wt_end_ment_name":"업무종료","wt_lunch_start_time":"12:10","wt_lunch_end_time":"13:30","wt_lunch_ment_idx":"4537","wt_lunch_ment_name":"점심시간"}
● 2020-09-10 16:07:27 / Thu > Worktime (ajax.gmember_worktime_update) > DEBUG :: Worktime > days ▶ ["1","2","3","4"]
● 2020-09-10 16:07:27 / Thu > RequestCurl (common.lib) > INFO :: params ▶ {"Agency":"TC0010100","Work_Start":"0900","Work_End":"1700","Work_F_ment":"4509","Work_R_ment":"4506","Work_E_ment":"4519","Work_Days":"1234","Lunch_Start":"1210","Lunch_End":"1330","Lunch_ment":"4537"}
● 2020-09-10 16:07:27 / Thu > RequestCurl (common.lib) > INFO :: reqUrl ▶ ["http://27.255.100.84:7123/tlogpbx201.asp"]
● 2020-09-10 16:07:27 / Thu > RequestCurl (common.lib) > INFO :: plain params ▶ ["Agency=TC0010100&Work_Start=0900&Work_End=1700&Work_F_ment=4509&Work_R_ment=4506&Work_E_ment=4519&Work_Days=1234&Lunch_Start=1210&Lunch_End=1330&Lunch_ment=4537"]
● 2020-09-10 16:07:27 / Thu > RequestCurl (common.lib) > INFO :: Request output ▶ ["{\"Result\":\"1\",\"Agency\":\"TC0010100\",\"DNIS\":\"TC0010100\",\"ErrCode\":\"0\"}\r\n"]
● 2020-09-10 16:07:27 / Thu > Worktime (ajax.gmember_worktime_update) > INFO :: sql ▶ [" update g5_work_time set\n              wt_start_time = '09:00' , wt_end_time = '17:00', wt_work_days = '1,2,3,4',\n           wt_fwd_ment_idx = '4509', wt_rcv_ment_idx = '4506', wt_end_ment_idx = '4519'  , wt_lunch_start_time = '12:10', wt_lunch_end_time = '13:30', wt_lunch_ment_idx = '4537'     where mb_id = 'tcall_2214665013' and wt_no = '1'     "]
● 2020-09-10 16:12:29 / Thu > Ment (ajax.member_ment_update) > DEBUG :: ment_create ▶ {"cm_no":"","cm_type":"0","cm_idx":"","cm_name":"개인 발신 안내","cm_content":"거제초등학교입니다 반갑습니다"}
● 2020-09-10 16:12:29 / Thu > RequestCurl (common.lib) > INFO :: params ▶ {"Agency":"TC0010100","type":"0","Name":"개인 발신 안내","TtsData":"거제초등학교입니다 반갑습니다","DNIS":"050841764277"}
● 2020-09-10 16:12:29 / Thu > RequestCurl (common.lib) > INFO :: reqUrl ▶ ["http://27.255.100.84:7123/tlogpbx101.asp"]
● 2020-09-10 16:12:29 / Thu > RequestCurl (common.lib) > INFO :: plain params ▶ ["Agency=TC0010100&type=0&Name=%EA%B0%9C%EC%9D%B8+%EB%B0%9C%EC%8B%A0+%EC%95%88%EB%82%B4&TtsData=%EA%B1%B0%EC%A0%9C%EC%B4%88%EB%93%B1%ED%95%99%EA%B5%90%EC%9E%85%EB%8B%88%EB%8B%A4+%EB%B0%98%EA%B0%91%EC%8A%B5%EB%8B%88%EB%8B%A4&DNIS=050841764277"]
● 2020-09-10 16:12:30 / Thu > RequestCurl (common.lib) > INFO :: Request output ▶ ["{\"Result\":\"1\",\"Agency\":\"TC0010100\",\"DNIS\":\"050841764277\",\"MentIndex\":\"4557\",\"Filename\":\"TN_TC0010100_20200910-161224.wav\",\"ErrCode\":\"0\"}\r\n"]
● 2020-09-10 16:12:30 / Thu > Ment (ajax.member_ment_update) > INFO :: sql ▶ ["insert into g5_call_ment  set\n            mb_id = '050841764277', mg_no = '879', mb_level = '3',\n            cm_idx = '4557', cm_type = '0', cm_name = '개인 발신 안내', cm_content = '거제초등학교입니다 반갑습니다',\n              cm_filename = 'TN_TC0010100_20200910-161224.wav' "]
● 2020-09-10 16:12:42 / Thu > Worktime (ajax.member_worktime_update) > DEBUG :: Post 1 ▶ {"wt_no":"7","wt_start_time":"10:00","wt_end_time":"18:30","work_days":null,"wt_fwd_ment_idx":"4557","wt_fwd_ment_name":"개인 발신 안내","wt_rcv_ment_idx":"71","wt_rcv_ment_name":"[공통] 전화연결[착신] 멘트","wt_end_ment_idx":"4519","wt_end_ment_name":"업무종료","wt_lunch_start_time":"","wt_lunch_end_time":"","wt_lunch_ment_idx":"","wt_lunch_ment_name":""}
● 2020-09-10 16:12:42 / Thu > Worktime (ajax.member_worktime_update) > DEBUG :: Post 2 ▶ {"wt_no":"7","wt_start_time":"10:00","wt_end_time":"18:30","work_days":null,"wt_fwd_ment_idx":"4557","wt_fwd_ment_name":"개인 발신 안내","wt_rcv_ment_idx":"71","wt_rcv_ment_name":"[공통] 전화연결[착신] 멘트","wt_end_ment_idx":"4519","wt_end_ment_name":"업무종료","wt_lunch_start_time":"","wt_lunch_end_time":"","wt_lunch_ment_idx":"","wt_lunch_ment_name":""}
● 2020-09-10 16:12:42 / Thu > Worktime (ajax.member_worktime_update) > DEBUG :: days ▶ ["2","4","6"]
● 2020-09-10 16:12:42 / Thu > RequestCurl (common.lib) > INFO :: params ▶ {"Agency":"TC0010100","Work_Start":"1000","Work_End":"1830","Work_F_ment":"4557","Work_R_ment":"71","Work_E_ment":"4519","Work_Days":"246","Lunch_Start":"","Lunch_End":"","Lunch_ment":"","DNIS":"050841764277"}
● 2020-09-10 16:12:42 / Thu > RequestCurl (common.lib) > INFO :: reqUrl ▶ ["http://27.255.100.84:7123/tlogpbx201.asp"]
● 2020-09-10 16:12:42 / Thu > RequestCurl (common.lib) > INFO :: plain params ▶ ["Agency=TC0010100&Work_Start=1000&Work_End=1830&Work_F_ment=4557&Work_R_ment=71&Work_E_ment=4519&Work_Days=246&Lunch_Start=&Lunch_End=&Lunch_ment=&DNIS=050841764277"]
● 2020-09-10 16:12:42 / Thu > RequestCurl (common.lib) > INFO :: Request output ▶ ["{\"Result\":\"1\",\"Agency\":\"TC0010100\",\"DNIS\":\"050841764277\",\"ErrCode\":\"0\"}\r\n"]
● 2020-09-10 16:12:42 / Thu > Worktime (ajax.member_worktime_update) > INFO :: sql ▶ [" update g5_work_time set\n              wt_start_time = '10:00' , wt_end_time = '18:30', wt_work_days = '2,4,6',\n           wt_fwd_ment_idx = '4557', wt_rcv_ment_idx = '71', wt_end_ment_idx = '4519'     where mb_id = '050841764277' and wt_no = '7'     "]
● 2020-09-10 16:12:53 / Thu > Worktime (ajax.member_worktime_update) > DEBUG :: Post 1 ▶ {"wt_no":"7","wt_start_time":"10:00","wt_end_time":"18:30","work_days":null,"wt_fwd_ment_idx":"4557","wt_fwd_ment_name":"개인 발신 안내","wt_rcv_ment_idx":"71","wt_rcv_ment_name":"[공통] 전화연결[착신] 멘트","wt_end_ment_idx":"4519","wt_end_ment_name":"업무종료","wt_lunch_start_time":"","wt_lunch_end_time":"","wt_lunch_ment_idx":"","wt_lunch_ment_name":""}
● 2020-09-10 16:12:53 / Thu > Worktime (ajax.member_worktime_update) > DEBUG :: Post 2 ▶ {"wt_no":"7","wt_start_time":"10:00","wt_end_time":"18:30","work_days":null,"wt_fwd_ment_idx":"4557","wt_fwd_ment_name":"개인 발신 안내","wt_rcv_ment_idx":"71","wt_rcv_ment_name":"[공통] 전화연결[착신] 멘트","wt_end_ment_idx":"4519","wt_end_ment_name":"업무종료","wt_lunch_start_time":"","wt_lunch_end_time":"","wt_lunch_ment_idx":"","wt_lunch_ment_name":""}
● 2020-09-10 16:12:53 / Thu > Worktime (ajax.member_worktime_update) > DEBUG :: days ▶ ["5","6"]
● 2020-09-10 16:12:53 / Thu > RequestCurl (common.lib) > INFO :: params ▶ {"Agency":"TC0010100","Work_Start":"1000","Work_End":"1830","Work_F_ment":"4557","Work_R_ment":"71","Work_E_ment":"4519","Work_Days":"56","Lunch_Start":"","Lunch_End":"","Lunch_ment":"","DNIS":"050841764277"}
● 2020-09-10 16:12:53 / Thu > RequestCurl (common.lib) > INFO :: reqUrl ▶ ["http://27.255.100.84:7123/tlogpbx201.asp"]
● 2020-09-10 16:12:53 / Thu > RequestCurl (common.lib) > INFO :: plain params ▶ ["Agency=TC0010100&Work_Start=1000&Work_End=1830&Work_F_ment=4557&Work_R_ment=71&Work_E_ment=4519&Work_Days=56&Lunch_Start=&Lunch_End=&Lunch_ment=&DNIS=050841764277"]
● 2020-09-10 16:12:53 / Thu > RequestCurl (common.lib) > INFO :: Request output ▶ ["{\"Result\":\"1\",\"Agency\":\"TC0010100\",\"DNIS\":\"050841764277\",\"ErrCode\":\"0\"}\r\n"]
● 2020-09-10 16:12:53 / Thu > Worktime (ajax.member_worktime_update) > INFO :: sql ▶ [" update g5_work_time set\n              wt_start_time = '10:00' , wt_end_time = '18:30', wt_work_days = '5,6',\n           wt_fwd_ment_idx = '4557', wt_rcv_ment_idx = '71', wt_end_ment_idx = '4519'     where mb_id = '050841764277' and wt_no = '7'     "]
● 2020-09-10 16:25:21 / Thu > Worktime (ajax.member_worktime_update) > DEBUG :: Post 1 ▶ {"wt_no":"7","wt_start_time":"10:00","wt_end_time":"18:30","work_days":null,"wt_fwd_ment_idx":"4557","wt_fwd_ment_name":"개인 발신 안내","wt_rcv_ment_idx":"71","wt_rcv_ment_name":"[공통] 전화연결[착신] 멘트","wt_end_ment_idx":"4519","wt_end_ment_name":"업무종료","wt_lunch_start_time":"","wt_lunch_end_time":"","wt_lunch_ment_idx":"","wt_lunch_ment_name":""}
● 2020-09-10 16:25:21 / Thu > Worktime (ajax.member_worktime_update) > DEBUG :: Post 2 ▶ {"wt_no":"7","wt_start_time":"10:00","wt_end_time":"18:30","work_days":null,"wt_fwd_ment_idx":"4557","wt_fwd_ment_name":"개인 발신 안내","wt_rcv_ment_idx":"71","wt_rcv_ment_name":"[공통] 전화연결[착신] 멘트","wt_end_ment_idx":"4519","wt_end_ment_name":"업무종료","wt_lunch_start_time":"","wt_lunch_end_time":"","wt_lunch_ment_idx":"","wt_lunch_ment_name":""}
● 2020-09-10 16:25:21 / Thu > Worktime (ajax.member_worktime_update) > DEBUG :: days ▶ ["4","5","6"]
● 2020-09-10 16:25:21 / Thu > RequestCurl (common.lib) > INFO :: params ▶ {"Agency":"TC0010100","Work_Start":"1000","Work_End":"1830","Work_F_ment":"4557","Work_R_ment":"71","Work_E_ment":"4519","Work_Days":"456","Lunch_Start":"","Lunch_End":"","Lunch_ment":"","DNIS":"050841764277"}
● 2020-09-10 16:25:21 / Thu > RequestCurl (common.lib) > INFO :: reqUrl ▶ ["http://27.255.100.84:7123/tlogpbx201.asp"]
● 2020-09-10 16:25:21 / Thu > RequestCurl (common.lib) > INFO :: plain params ▶ ["Agency=TC0010100&Work_Start=1000&Work_End=1830&Work_F_ment=4557&Work_R_ment=71&Work_E_ment=4519&Work_Days=456&Lunch_Start=&Lunch_End=&Lunch_ment=&DNIS=050841764277"]
● 2020-09-10 16:25:21 / Thu > RequestCurl (common.lib) > INFO :: Request output ▶ ["{\"Result\":\"1\",\"Agency\":\"TC0010100\",\"DNIS\":\"050841764277\",\"ErrCode\":\"0\"}\r\n"]
● 2020-09-10 16:25:21 / Thu > Worktime (ajax.member_worktime_update) > INFO :: sql ▶ [" update g5_work_time set\n              wt_start_time = '10:00' , wt_end_time = '18:30', wt_work_days = '4,5,6',\n           wt_fwd_ment_idx = '4557', wt_rcv_ment_idx = '71', wt_end_ment_idx = '4519'     where mb_id = '050841764277' and wt_no = '7'     "]
● 2020-09-10 16:27:13 / Thu > Worktime (ajax.member_worktime_update) > DEBUG :: Post 1 ▶ {"wt_no":"7","wt_start_time":"10:00","wt_end_time":"18:30","work_days":null,"wt_fwd_ment_idx":"1501","wt_fwd_ment_name":"[공통] 학교 통화안내 멘트","wt_rcv_ment_idx":"71","wt_rcv_ment_name":"[공통] 전화연결[착신] 멘트","wt_end_ment_idx":"4519","wt_end_ment_name":"업무종료","wt_lunch_start_time":"","wt_lunch_end_time":"","wt_lunch_ment_idx":"","wt_lunch_ment_name":""}
● 2020-09-10 16:27:13 / Thu > Worktime (ajax.member_worktime_update) > DEBUG :: Post 2 ▶ {"wt_no":"7","wt_start_time":"10:00","wt_end_time":"18:30","work_days":null,"wt_fwd_ment_idx":"1501","wt_fwd_ment_name":"[공통] 학교 통화안내 멘트","wt_rcv_ment_idx":"71","wt_rcv_ment_name":"[공통] 전화연결[착신] 멘트","wt_end_ment_idx":"4519","wt_end_ment_name":"업무종료","wt_lunch_start_time":"","wt_lunch_end_time":"","wt_lunch_ment_idx":"","wt_lunch_ment_name":""}
● 2020-09-10 16:27:13 / Thu > Worktime (ajax.member_worktime_update) > DEBUG :: days ▶ ["4","5","6"]
● 2020-09-10 16:27:13 / Thu > RequestCurl (common.lib) > INFO :: params ▶ {"Agency":"TC0010100","Work_Start":"1000","Work_End":"1830","Work_F_ment":"1501","Work_R_ment":"71","Work_E_ment":"4519","Work_Days":"456","Lunch_Start":"","Lunch_End":"","Lunch_ment":"","DNIS":"050841764277"}
● 2020-09-10 16:27:13 / Thu > RequestCurl (common.lib) > INFO :: reqUrl ▶ ["http://27.255.100.84:7123/tlogpbx201.asp"]
● 2020-09-10 16:27:13 / Thu > RequestCurl (common.lib) > INFO :: plain params ▶ ["Agency=TC0010100&Work_Start=1000&Work_End=1830&Work_F_ment=1501&Work_R_ment=71&Work_E_ment=4519&Work_Days=456&Lunch_Start=&Lunch_End=&Lunch_ment=&DNIS=050841764277"]
● 2020-09-10 16:27:13 / Thu > RequestCurl (common.lib) > INFO :: Request output ▶ ["{\"Result\":\"1\",\"Agency\":\"TC0010100\",\"DNIS\":\"050841764277\",\"ErrCode\":\"0\"}\r\n"]
● 2020-09-10 16:27:13 / Thu > Worktime (ajax.member_worktime_update) > INFO :: sql ▶ [" update g5_work_time set\n              wt_start_time = '10:00' , wt_end_time = '18:30', wt_work_days = '4,5,6',\n           wt_fwd_ment_idx = '1501', wt_rcv_ment_idx = '71', wt_end_ment_idx = '4519'     where mb_id = '050841764277' and wt_no = '7'     "]
