● 2020-08-21 12:53:01 / Fri > Worktime (ajax.member_worktime_update) > DEBUG :: Post 1 ▶ {"wt_no":"","wt_start_time":"09:00","wt_end_time":"17:00","work_days":null,"wt_fwd_ment_idx":"4509","wt_fwd_ment_name":"발신멘트004","wt_rcv_ment_idx":"4506","wt_rcv_ment_name":"티처콜1","wt_end_ment_idx":"4519","wt_end_ment_name":"업무종료","wt_lunch_start_time":"","wt_lunch_end_time":"","wt_lunch_ment_idx":"","wt_lunch_ment_name":""}
● 2020-08-21 12:53:01 / Fri > Worktime (ajax.member_worktime_update) > DEBUG :: Post 2 ▶ {"wt_no":"","wt_start_time":"09:00","wt_end_time":"17:00","work_days":null,"wt_fwd_ment_idx":"4509","wt_fwd_ment_name":"발신멘트004","wt_rcv_ment_idx":"4506","wt_rcv_ment_name":"티처콜1","wt_end_ment_idx":"4519","wt_end_ment_name":"업무종료","wt_lunch_start_time":"","wt_lunch_end_time":"","wt_lunch_ment_idx":"","wt_lunch_ment_name":""}
● 2020-08-21 12:53:01 / Fri > Worktime (ajax.member_worktime_update) > DEBUG :: days ▶ ["1","2","3"]
● 2020-08-21 12:53:01 / Fri > RequestCurl (common.lib) > INFO :: params ▶ {"Agency":"TC0010100","Work_Start":"0900","Work_End":"1700","Work_F_ment":"4509","Work_R_ment":"4506","Work_E_ment":"4519","Work_Days":"123","Lunch_Start":"","Lunch_End":"","Lunch_ment":"","DNIS":"050841764277"}
● 2020-08-21 12:53:01 / Fri > RequestCurl (common.lib) > INFO :: reqUrl ▶ ["http://27.255.100.84:7123/tlogpbx201.asp"]
● 2020-08-21 12:53:01 / Fri > RequestCurl (common.lib) > INFO :: plain params ▶ ["Agency=TC0010100&Work_Start=0900&Work_End=1700&Work_F_ment=4509&Work_R_ment=4506&Work_E_ment=4519&Work_Days=123&Lunch_Start=&Lunch_End=&Lunch_ment=&DNIS=050841764277"]
● 2020-08-21 12:53:01 / Fri > RequestCurl (common.lib) > INFO :: Request output ▶ ["{\"Result\":\"1\",\"Agency\":\"TC0010100\",\"DNIS\":\"050841764277\",\"ErrCode\":\"0\"}\r\n"]
● 2020-08-21 12:53:01 / Fri > Worktime (ajax.member_worktime_update) > INFO :: sql ▶ ["insert into g5_work_time  set\n          mb_id = '050841764277', mg_no = '879', mb_level = '3',\n          wt_start_time = '09:00' , wt_end_time = '17:00', wt_work_days = '1,2,3',\n           wt_fwd_ment_idx = '4509', wt_rcv_ment_idx = '4506', wt_end_ment_idx = '4519' "]
● 2020-08-21 13:13:15 / Fri > Ment (ajax.member_ment_update) > DEBUG :: ment_create ▶ {"cm_no":"","cm_type":"0","cm_idx":"","cm_name":"하계 휴가","cm_content":"20일부터 24일까지 휴가이오니 그 이후에 연락주시면 감사하겠습니다"}
● 2020-08-21 13:13:15 / Fri > RequestCurl (common.lib) > INFO :: params ▶ {"Agency":"TC0010100","type":"0","Name":"하계 휴가","TtsData":"20일부터 24일까지 휴가이오니 그 이후에 연락주시면 감사하겠습니다","DNIS":"050841764277"}
● 2020-08-21 13:13:15 / Fri > RequestCurl (common.lib) > INFO :: reqUrl ▶ ["http://27.255.100.84:7123/tlogpbx101.asp"]
● 2020-08-21 13:13:15 / Fri > RequestCurl (common.lib) > INFO :: plain params ▶ ["Agency=TC0010100&type=0&Name=%ED%95%98%EA%B3%84+%ED%9C%B4%EA%B0%80&TtsData=20%EC%9D%BC%EB%B6%80%ED%84%B0+24%EC%9D%BC%EA%B9%8C%EC%A7%80+%ED%9C%B4%EA%B0%80%EC%9D%B4%EC%98%A4%EB%8B%88+%EA%B7%B8+%EC%9D%B4%ED%9B%84%EC%97%90+%EC%97%B0%EB%9D%BD%EC%A3%BC%EC%8B%9C%EB%A9%B4+%EA%B0%90%EC%82%AC%ED%95%98%EA%B2%A0%EC%8A%B5%EB%8B%88%EB%8B%A4&DNIS=050841764277"]
● 2020-08-21 13:13:16 / Fri > RequestCurl (common.lib) > INFO :: Request output ▶ ["{\"Result\":\"1\",\"Agency\":\"TC0010100\",\"DNIS\":\"050841764277\",\"MentIndex\":\"4520\",\"Filename\":\"TN_TC0010100_20200821-131313.wav\",\"ErrCode\":\"0\"}\r\n"]
● 2020-08-21 13:13:16 / Fri > Ment (ajax.member_ment_update) > INFO :: sql ▶ ["insert into g5_call_ment  set\n            mb_id = '050841764277', mg_no = '879', mb_level = '3',\n            cm_idx = '4520', cm_type = '0', cm_name = '하계 휴가', cm_content = '20일부터 24일까지 휴가이오니 그 이후에 연락주시면 감사하겠습니다',\n              cm_filename = 'TN_TC0010100_20200821-131313.wav' "]
● 2020-08-21 13:14:10 / Fri > RestTime (ajax.member_resttime_update) > INFO :: post ▶ {"rm_no":"","rm_idx":"","rm_name":"여름휴가","rm_stat":"Y","rm_start_time":"00:00","rm_end_time":"23:59","rm_days":["1","2","3","4","5","6","0"],"rm_ment_idx":"4520","rm_ment_name":"[학교] 하계 휴가"}
● 2020-08-21 13:14:10 / Fri > RequestCurlGet (common.lib) > INFO :: params ▶ {"Agency":"TC0010100","Rest_Name":"%EC%97%AC%EB%A6%84%ED%9C%B4%EA%B0%80","Rest_Start":"0000","Rest_End":"2359","Rest_Ment":"4520","Rest_Days":"1234560","DNIS":"050841764277"}
● 2020-08-21 13:14:10 / Fri > RequestCurlGet (common.lib) > INFO :: reqUrl ▶ ["http://27.255.100.84:7123/tlogpbx211.asp?Agency=TC0010100&Rest_Name=%EC%97%AC%EB%A6%84%ED%9C%B4%EA%B0%80&Rest_Start=0000&Rest_End=2359&Rest_Ment=4520&Rest_Days=1234560&DNIS=050841764277"]
● 2020-08-21 13:14:10 / Fri > RequestCurlGet (common.lib) > INFO :: Request output ▶ ["{\"Result\":\"1\",\"Agency\":\"TC0010100\",\"DNIS\":\"050841764277\",\"Rest_Index\":\"36\",\"ErrCode\":\"0\"}\r\n"]
● 2020-08-21 15:43:01 / Fri > RestTime (ajax.member_resttime_update) > INFO :: post ▶ {"rm_no":"7","rm_idx":"36","rm_name":"여름휴가","rm_stat":"N","rm_start_time":"00:00","rm_end_time":"23:59","rm_days":["1","2","3","4","5","6","0"],"rm_ment_idx":"4520","rm_ment_name":"하계 휴가"}
● 2020-08-21 15:43:01 / Fri > RequestCurlGet (common.lib) > INFO :: params ▶ {"Agency":"TC0010100","Rest_Name":"%EC%97%AC%EB%A6%84%ED%9C%B4%EA%B0%80","Rest_Start":"0000","Rest_End":"2359","Rest_Ment":"4520","Rest_Days":"1234560","DNIS":"050841764277","Rest_Index":"36"}
● 2020-08-21 15:43:01 / Fri > RequestCurlGet (common.lib) > INFO :: reqUrl ▶ ["http://27.255.100.84:7123/tlogpbx213.asp?Agency=TC0010100&Rest_Name=%EC%97%AC%EB%A6%84%ED%9C%B4%EA%B0%80&Rest_Start=0000&Rest_End=2359&Rest_Ment=4520&Rest_Days=1234560&DNIS=050841764277&Rest_Index=36"]
● 2020-08-21 15:43:01 / Fri > RequestCurlGet (common.lib) > INFO :: Request output ▶ ["{\"Result\":\"1\",\"Agency\":\"TC0010100\",\"DNIS\":\"050841764277\",\"Rest_Index\":\"36\",\"ErrCode\":\"0\"}\r\n"]
● 2020-08-21 15:44:26 / Fri > Ment (ajax.member_ment_update) > DEBUG :: ment_create ▶ {"cm_no":"","cm_type":"0","cm_idx":"","cm_name":"개인 업무종료","cm_content":"개인업무 종료 멘트 테스트입니다 업무가 종료되었습니다"}
● 2020-08-21 15:44:26 / Fri > RequestCurl (common.lib) > INFO :: params ▶ {"Agency":"TC0010100","type":"0","Name":"개인 업무종료","TtsData":"개인업무 종료 멘트 테스트입니다 업무가 종료되었습니다","DNIS":"050841764277"}
● 2020-08-21 15:44:26 / Fri > RequestCurl (common.lib) > INFO :: reqUrl ▶ ["http://27.255.100.84:7123/tlogpbx101.asp"]
● 2020-08-21 15:44:26 / Fri > RequestCurl (common.lib) > INFO :: plain params ▶ ["Agency=TC0010100&type=0&Name=%EA%B0%9C%EC%9D%B8+%EC%97%85%EB%AC%B4%EC%A2%85%EB%A3%8C&TtsData=%EA%B0%9C%EC%9D%B8%EC%97%85%EB%AC%B4+%EC%A2%85%EB%A3%8C+%EB%A9%98%ED%8A%B8+%ED%85%8C%EC%8A%A4%ED%8A%B8%EC%9E%85%EB%8B%88%EB%8B%A4+%EC%97%85%EB%AC%B4%EA%B0%80+%EC%A2%85%EB%A3%8C%EB%90%98%EC%97%88%EC%8A%B5%EB%8B%88%EB%8B%A4&DNIS=050841764277"]
● 2020-08-21 15:44:27 / Fri > RequestCurl (common.lib) > INFO :: Request output ▶ ["{\"Result\":\"1\",\"Agency\":\"TC0010100\",\"DNIS\":\"050841764277\",\"MentIndex\":\"4521\",\"Filename\":\"TN_TC0010100_20200821-154423.wav\",\"ErrCode\":\"0\"}\r\n"]
● 2020-08-21 15:44:27 / Fri > Ment (ajax.member_ment_update) > INFO :: sql ▶ ["insert into g5_call_ment  set\n            mb_id = '050841764277', mg_no = '879', mb_level = '3',\n            cm_idx = '4521', cm_type = '0', cm_name = '개인 업무종료', cm_content = '개인업무 종료 멘트 테스트입니다 업무가 종료되었습니다',\n              cm_filename = 'TN_TC0010100_20200821-154423.wav' "]
● 2020-08-21 15:45:49 / Fri > Worktime (ajax.member_worktime_update) > DEBUG :: Post 1 ▶ {"wt_no":"3","wt_start_time":"09:00","wt_end_time":"17:00","work_days":null,"wt_fwd_ment_idx":"4509","wt_fwd_ment_name":"발신멘트004","wt_rcv_ment_idx":"4506","wt_rcv_ment_name":"티처콜1","wt_end_ment_idx":"4521","wt_end_ment_name":"개인 업무종료","wt_lunch_start_time":"","wt_lunch_end_time":"","wt_lunch_ment_idx":"","wt_lunch_ment_name":""}
● 2020-08-21 15:45:49 / Fri > Worktime (ajax.member_worktime_update) > DEBUG :: Post 2 ▶ {"wt_no":"3","wt_start_time":"09:00","wt_end_time":"17:00","work_days":null,"wt_fwd_ment_idx":"4509","wt_fwd_ment_name":"발신멘트004","wt_rcv_ment_idx":"4506","wt_rcv_ment_name":"티처콜1","wt_end_ment_idx":"4521","wt_end_ment_name":"개인 업무종료","wt_lunch_start_time":"","wt_lunch_end_time":"","wt_lunch_ment_idx":"","wt_lunch_ment_name":""}
● 2020-08-21 15:45:49 / Fri > Worktime (ajax.member_worktime_update) > DEBUG :: days ▶ ["1","2","3"]
● 2020-08-21 15:45:49 / Fri > RequestCurl (common.lib) > INFO :: params ▶ {"Agency":"TC0010100","Work_Start":"0900","Work_End":"1700","Work_F_ment":"4509","Work_R_ment":"4506","Work_E_ment":"4521","Work_Days":"123","Lunch_Start":"","Lunch_End":"","Lunch_ment":"","DNIS":"050841764277"}
● 2020-08-21 15:45:49 / Fri > RequestCurl (common.lib) > INFO :: reqUrl ▶ ["http://27.255.100.84:7123/tlogpbx201.asp"]
● 2020-08-21 15:45:49 / Fri > RequestCurl (common.lib) > INFO :: plain params ▶ ["Agency=TC0010100&Work_Start=0900&Work_End=1700&Work_F_ment=4509&Work_R_ment=4506&Work_E_ment=4521&Work_Days=123&Lunch_Start=&Lunch_End=&Lunch_ment=&DNIS=050841764277"]
● 2020-08-21 15:45:49 / Fri > RequestCurl (common.lib) > INFO :: Request output ▶ ["{\"Result\":\"1\",\"Agency\":\"TC0010100\",\"DNIS\":\"050841764277\",\"ErrCode\":\"0\"}\r\n"]
● 2020-08-21 15:45:49 / Fri > Worktime (ajax.member_worktime_update) > INFO :: sql ▶ [" update g5_work_time set\n              wt_start_time = '09:00' , wt_end_time = '17:00', wt_work_days = '1,2,3',\n           wt_fwd_ment_idx = '4509', wt_rcv_ment_idx = '4506', wt_end_ment_idx = '4521'     where mb_id = '050841764277' and wt_no = '3'     "]
● 2020-08-21 16:00:40 / Fri > Worktime (ajax.member_worktime_update) > DEBUG :: Post 1 ▶ {"wt_no":"3","wt_start_time":"09:00","wt_end_time":"17:00","work_days":null,"wt_fwd_ment_idx":"4509","wt_fwd_ment_name":"발신멘트004","wt_rcv_ment_idx":"4506","wt_rcv_ment_name":"티처콜1","wt_end_ment_idx":"4521","wt_end_ment_name":"개인 업무종료","wt_lunch_start_time":"","wt_lunch_end_time":"","wt_lunch_ment_idx":"","wt_lunch_ment_name":""}
● 2020-08-21 16:00:40 / Fri > Worktime (ajax.member_worktime_update) > DEBUG :: Post 2 ▶ {"wt_no":"3","wt_start_time":"09:00","wt_end_time":"17:00","work_days":null,"wt_fwd_ment_idx":"4509","wt_fwd_ment_name":"발신멘트004","wt_rcv_ment_idx":"4506","wt_rcv_ment_name":"티처콜1","wt_end_ment_idx":"4521","wt_end_ment_name":"개인 업무종료","wt_lunch_start_time":"","wt_lunch_end_time":"","wt_lunch_ment_idx":"","wt_lunch_ment_name":""}
● 2020-08-21 16:00:40 / Fri > Worktime (ajax.member_worktime_update) > DEBUG :: days ▶ ["1","2","3","4"]
● 2020-08-21 16:00:40 / Fri > RequestCurl (common.lib) > INFO :: params ▶ {"Agency":"TC0010100","Work_Start":"0900","Work_End":"1700","Work_F_ment":"4509","Work_R_ment":"4506","Work_E_ment":"4521","Work_Days":"1234","Lunch_Start":"","Lunch_End":"","Lunch_ment":"","DNIS":"050841764277"}
● 2020-08-21 16:00:40 / Fri > RequestCurl (common.lib) > INFO :: reqUrl ▶ ["http://27.255.100.84:7123/tlogpbx201.asp"]
● 2020-08-21 16:00:40 / Fri > RequestCurl (common.lib) > INFO :: plain params ▶ ["Agency=TC0010100&Work_Start=0900&Work_End=1700&Work_F_ment=4509&Work_R_ment=4506&Work_E_ment=4521&Work_Days=1234&Lunch_Start=&Lunch_End=&Lunch_ment=&DNIS=050841764277"]
● 2020-08-21 16:00:41 / Fri > RequestCurl (common.lib) > INFO :: Request output ▶ ["{\"Result\":\"1\",\"Agency\":\"TC0010100\",\"DNIS\":\"050841764277\",\"ErrCode\":\"0\"}\r\n"]
● 2020-08-21 16:00:41 / Fri > Worktime (ajax.member_worktime_update) > INFO :: sql ▶ [" update g5_work_time set\n              wt_start_time = '09:00' , wt_end_time = '17:00', wt_work_days = '1,2,3,4',\n           wt_fwd_ment_idx = '4509', wt_rcv_ment_idx = '4506', wt_end_ment_idx = '4521'     where mb_id = '050841764277' and wt_no = '3'     "]
● 2020-08-21 16:14:26 / Fri > Ment (ajax.gmember_ment_update) > DEBUG :: ment_create ▶ {"cm_no":"","cm_type":"0","cm_idx":"","cm_name":"착신 멘트2","cm_content":"안심번호에서 연결된 전화입니다"}
● 2020-08-21 16:14:26 / Fri > RequestCurl (common.lib) > INFO :: params ▶ {"Agency":"TC0010100","type":"0","Name":"착신 멘트2","TtsData":"안심번호에서 연결된 전화입니다"}
● 2020-08-21 16:14:26 / Fri > RequestCurl (common.lib) > INFO :: reqUrl ▶ ["http://27.255.100.84:7123/tlogpbx101.asp"]
● 2020-08-21 16:14:26 / Fri > RequestCurl (common.lib) > INFO :: plain params ▶ ["Agency=TC0010100&type=0&Name=%EC%B0%A9%EC%8B%A0+%EB%A9%98%ED%8A%B82&TtsData=%EC%95%88%EC%8B%AC%EB%B2%88%ED%98%B8%EC%97%90%EC%84%9C+%EC%97%B0%EA%B2%B0%EB%90%9C+%EC%A0%84%ED%99%94%EC%9E%85%EB%8B%88%EB%8B%A4"]
● 2020-08-21 16:14:27 / Fri > RequestCurl (common.lib) > INFO :: Request output ▶ ["{\"Result\":\"1\",\"Agency\":\"TC0010100\",\"DNIS\":\"TC0010100\",\"MentIndex\":\"4522\",\"Filename\":\"TN_TC0010100_20200821-161422.wav\",\"ErrCode\":\"0\"}\r\n"]
● 2020-08-21 16:14:27 / Fri > Ment (ajax.gmember_ment_update) > INFO :: sql ▶ ["insert into g5_call_ment  set\n            mb_id = 'tcall_2214665013', mg_no = '879',\n            cm_idx = '4522', cm_type = '0', cm_name = '착신 멘트2', cm_content = '안심번호에서 연결된 전화입니다',\n              cm_filename = 'TN_TC0010100_20200821-161422.wav' "]
● 2020-08-21 16:25:03 / Fri > Ment (ajax.gmember_ment_update) > DEBUG :: ment_create ▶ {"cm_no":"","cm_type":"0","cm_idx":"","cm_name":"임시휴식시간","cm_content":"임시 휴식 시간입니다 잠시 후 연락주세요"}
● 2020-08-21 16:25:03 / Fri > RequestCurl (common.lib) > INFO :: params ▶ {"Agency":"TC0010100","type":"0","Name":"임시휴식시간","TtsData":"임시 휴식 시간입니다 잠시 후 연락주세요"}
● 2020-08-21 16:25:03 / Fri > RequestCurl (common.lib) > INFO :: reqUrl ▶ ["http://27.255.100.84:7123/tlogpbx101.asp"]
● 2020-08-21 16:25:03 / Fri > RequestCurl (common.lib) > INFO :: plain params ▶ ["Agency=TC0010100&type=0&Name=%EC%9E%84%EC%8B%9C%ED%9C%B4%EC%8B%9D%EC%8B%9C%EA%B0%84&TtsData=%EC%9E%84%EC%8B%9C+%ED%9C%B4%EC%8B%9D+%EC%8B%9C%EA%B0%84%EC%9E%85%EB%8B%88%EB%8B%A4+%EC%9E%A0%EC%8B%9C+%ED%9B%84+%EC%97%B0%EB%9D%BD%EC%A3%BC%EC%84%B8%EC%9A%94"]
● 2020-08-21 16:25:04 / Fri > RequestCurl (common.lib) > INFO :: Request output ▶ ["{\"Result\":\"1\",\"Agency\":\"TC0010100\",\"DNIS\":\"TC0010100\",\"MentIndex\":\"4523\",\"Filename\":\"TN_TC0010100_20200821-162459.wav\",\"ErrCode\":\"0\"}\r\n"]
● 2020-08-21 16:25:04 / Fri > Ment (ajax.gmember_ment_update) > INFO :: sql ▶ ["insert into g5_call_ment  set\n            mb_id = 'tcall_2214665013', mg_no = '879',\n            cm_idx = '4523', cm_type = '0', cm_name = '임시휴식시간', cm_content = '임시 휴식 시간입니다 잠시 후 연락주세요',\n              cm_filename = 'TN_TC0010100_20200821-162459.wav' "]
● 2020-08-21 16:26:17 / Fri > RestTime (ajax.gmember_resttime_update) > INFO :: post ▶ {"rm_no":"","rm_idx":"","rm_name":"먹타임","rm_stat":"Y","rm_start_time":"16:00","rm_end_time":"16:30","rm_days":["5"],"rm_ment_idx":"4523","rm_ment_name":"임시휴식시간"}
● 2020-08-21 16:26:17 / Fri > RequestCurlGet (common.lib) > INFO :: params ▶ {"Agency":"TC0010100","Rest_Name":"%EB%A8%B9%ED%83%80%EC%9E%84","Rest_Start":"1600","Rest_End":"1630","Rest_Ment":"4523","Rest_Days":"5"}
● 2020-08-21 16:26:17 / Fri > RequestCurlGet (common.lib) > INFO :: reqUrl ▶ ["http://27.255.100.84:7123/tlogpbx211.asp?Agency=TC0010100&Rest_Name=%EB%A8%B9%ED%83%80%EC%9E%84&Rest_Start=1600&Rest_End=1630&Rest_Ment=4523&Rest_Days=5"]
● 2020-08-21 16:26:17 / Fri > RequestCurlGet (common.lib) > INFO :: Request output ▶ ["{\"Result\":\"1\",\"Agency\":\"TC0010100\",\"DNIS\":\"TC0010100\",\"Rest_Index\":\"37\",\"ErrCode\":\"0\"}\r\n"]
● 2020-08-21 16:39:22 / Fri > RequestCurlGet (common.lib) > INFO :: params ▶ {"Agency":"TC0010100","Rest_Index":"35"}
● 2020-08-21 16:39:22 / Fri > RequestCurlGet (common.lib) > INFO :: reqUrl ▶ ["http://27.255.100.84:7123/tlogpbx213.asp?Agency=TC0010100&Rest_Index=35"]
● 2020-08-21 16:39:22 / Fri > RequestCurlGet (common.lib) > INFO :: Request output ▶ ["{\"Result\":\"0\",\"Agency\":\"TC0010100\",\"DNIS\":\"TC0010100\",\"Rest_Index\":\"35\",\"ErrCode\":\"901\"}\r\n"]
● 2020-08-21 16:39:31 / Fri > RequestCurlGet (common.lib) > INFO :: params ▶ {"Agency":"TC0010100","Rest_Index":"35"}
● 2020-08-21 16:39:31 / Fri > RequestCurlGet (common.lib) > INFO :: reqUrl ▶ ["http://27.255.100.84:7123/tlogpbx213.asp?Agency=TC0010100&Rest_Index=35"]
● 2020-08-21 16:39:31 / Fri > RequestCurlGet (common.lib) > INFO :: Request output ▶ ["{\"Result\":\"0\",\"Agency\":\"TC0010100\",\"DNIS\":\"TC0010100\",\"Rest_Index\":\"35\",\"ErrCode\":\"901\"}\r\n"]
● 2020-08-21 16:40:25 / Fri > RequestCurlGet (common.lib) > INFO :: params ▶ {"Agency":"TC0010100","Rest_Index":"33"}
● 2020-08-21 16:40:25 / Fri > RequestCurlGet (common.lib) > INFO :: reqUrl ▶ ["http://27.255.100.84:7123/tlogpbx213.asp?Agency=TC0010100&Rest_Index=33"]
● 2020-08-21 16:40:25 / Fri > RequestCurlGet (common.lib) > INFO :: Request output ▶ ["{\"Result\":\"0\",\"Agency\":\"TC0010100\",\"DNIS\":\"TC0010100\",\"Rest_Index\":\"33\",\"ErrCode\":\"901\"}\r\n"]
