● 2020-11-30 10:30:58 / Mon > RequestCurl (teachercall.config) > INFO :: params ▶ {"Agency":"tc0010400","Work_Start":"0745","Work_End":"1800","Work_F_ment":"4617","Work_R_ment":"71","Work_E_ment":"22","Work_Days":"12345","Lunch_Start":"","Lunch_End":"","Lunch_ment":""}
● 2020-11-30 10:30:58 / Mon > RequestCurl (teachercall.config) > INFO :: reqUrl ▶ ["http://27.255.100.84:7123/tlogpbx201.asp"]
● 2020-11-30 10:30:58 / Mon > RequestCurl (teachercall.config) > INFO :: plain params ▶ ["Agency=tc0010400&Work_Start=0745&Work_End=1800&Work_F_ment=4617&Work_R_ment=71&Work_E_ment=22&Work_Days=12345&Lunch_Start=&Lunch_End=&Lunch_ment="]
● 2020-11-30 10:30:58 / Mon > RequestCurl (teachercall.config) > DEBUG :: Request output ▶ ["{\"Result\":\"1\",\"Agency\":\"tc0010400\",\"DNIS\":\"tc0010400\",\"ErrCode\":\"0\"}\r\n"]
● 2020-11-30 11:33:11 / Mon > DashBoard (ajax.tnms_stat) > INFO :: sms query ▶ ["select count(*)  from g5_tnms_log\r\n     where  mg_no = '884'  and DATE_FORMAT(cm_datetime,'%Y-%m-%d') = '2020-11-30' and cm_time > 0"]
● 2020-11-30 11:33:11 / Mon > DashBoard (ajax.tnms_stat) > INFO :: tnms query ▶ ["select count(*)  from g5_tnms_log\r\n     where  mg_no = '884' and cm_month = '2020-11' and cm_time > 0 "]
● 2020-11-30 12:09:35 / Mon > RequestCurlGet (teachercall.config) > INFO :: params ▶ {"Agency":"TC0010100","DNIS":"050841764277"}
● 2020-11-30 12:09:35 / Mon > RequestCurlGet (teachercall.config) > INFO :: reqUrl ▶ ["http://27.255.100.84:7123/tlogpbx203.asp?Agency=TC0010100&DNIS=050841764277"]
● 2020-11-30 12:09:35 / Mon > RequestCurlGet (teachercall.config) > INFO :: Request output ▶ ["{\"Result\":\"1\",\"Agency\":\"TC0010100\",\"DNIS\":\"050841764277\",\"ErrCode\":\"0\"}\r\n"]
● 2020-11-30 13:30:32 / Mon > login (common) > ERROR :: login check ▶ ["called__________________"]
● 2020-11-30 13:30:32 / Mon > login (common) > ERROR :: login session ▶ ["050841764276"]
● 2020-11-30 13:30:33 / Mon > login (common) > ERROR :: login check ▶ ["called__________________"]
● 2020-11-30 13:30:33 / Mon > login (common) > ERROR :: login session ▶ ["050841764276"]
● 2020-11-30 13:30:33 / Mon > login (common) > ERROR :: login check ▶ ["called__________________"]
● 2020-11-30 13:30:33 / Mon > login (common) > ERROR :: login session ▶ ["050841764276"]
● 2020-11-30 13:30:36 / Mon > login (common) > ERROR :: login check ▶ ["called__________________"]
● 2020-11-30 13:30:36 / Mon > login (common) > ERROR :: login cookie ▶ ["050841760016"]
● 2020-11-30 13:30:43 / Mon > login (common) > ERROR :: login check ▶ ["called__________________"]
● 2020-11-30 13:30:43 / Mon > login (common) > ERROR :: login session ▶ ["050841760016"]
● 2020-11-30 13:30:45 / Mon > login (common) > ERROR :: login check ▶ ["called__________________"]
● 2020-11-30 13:30:45 / Mon > login (common) > ERROR :: login session ▶ ["050841760016"]
● 2020-11-30 13:31:01 / Mon > login (common) > ERROR :: login check ▶ ["called__________________"]
● 2020-11-30 13:31:29 / Mon > login (common) > ERROR :: login check ▶ ["called__________________"]
● 2020-11-30 13:31:29 / Mon > login (common) > ERROR :: login session 11  ▶ ["050841760016"]
● 2020-11-30 13:31:30 / Mon > login (common) > ERROR :: login check ▶ ["called__________________"]
● 2020-11-30 13:31:30 / Mon > login (common) > ERROR :: login session 11  ▶ ["050841764276"]
● 2020-11-30 13:31:31 / Mon > login (common) > ERROR :: login check ▶ ["called__________________"]
● 2020-11-30 13:31:31 / Mon > login (common) > ERROR :: login session 11  ▶ ["050841760016"]
● 2020-11-30 13:31:31 / Mon > login (common) > ERROR :: login check ▶ ["called__________________"]
● 2020-11-30 13:31:31 / Mon > login (common) > ERROR :: login session 11  ▶ ["050841760016"]
● 2020-11-30 13:32:00 / Mon > login (common) > ERROR :: login check ▶ ["called__________________"]
● 2020-11-30 13:32:00 / Mon > login (common) > ERROR :: login session 11  ▶ ["050841760016"]
● 2020-11-30 13:32:00 / Mon > login (common) > ERROR :: login check ▶ ["called__________________"]
● 2020-11-30 13:32:00 / Mon > login (common) > ERROR :: login session 11  ▶ ["050841760016"]
● 2020-11-30 13:32:18 / Mon > login (common) > ERROR :: login check ▶ ["called__________________"]
● 2020-11-30 13:32:18 / Mon > login (common) > ERROR :: login session 11  ▶ ["050841764276"]
● 2020-11-30 13:32:18 / Mon > login (common) > ERROR :: login check ▶ ["called__________________"]
● 2020-11-30 13:32:22 / Mon > login (common) > ERROR :: login check ▶ ["called__________________"]
● 2020-11-30 13:32:22 / Mon > login (common) > ERROR :: login session 11  ▶ ["050841760016"]
● 2020-11-30 13:32:29 / Mon > login (common) > ERROR :: login check ▶ ["called__________________"]
● 2020-11-30 13:32:29 / Mon > login (common) > ERROR :: login session 11  ▶ ["050841760016"]
● 2020-11-30 13:32:38 / Mon > login (common) > ERROR :: login check ▶ ["called__________________"]
● 2020-11-30 13:32:38 / Mon > login (common) > ERROR :: login session 11  ▶ ["050841760016"]
● 2020-11-30 13:32:39 / Mon > login (common) > ERROR :: login check ▶ ["called__________________"]
● 2020-11-30 13:33:00 / Mon > login (common) > ERROR :: login check ▶ ["called__________________"]
● 2020-11-30 13:33:00 / Mon > login (common) > ERROR :: login session 11  ▶ ["050841760016"]
● 2020-11-30 13:33:15 / Mon > login (common) > ERROR :: login check ▶ ["called__________________"]
● 2020-11-30 13:36:25 / Mon > login (common) > ERROR :: login check ▶ ["called  ==================================================="]
● 2020-11-30 13:36:41 / Mon > login (common) > ERROR :: login check ▶ ["called  ==================================================="]
● 2020-11-30 13:36:41 / Mon > login (common) > ERROR :: login check ▶ ["called  ==================================================="]
● 2020-11-30 13:36:41 / Mon > login (common) > ERROR :: login session 11  ▶ ["050841764276"]
● 2020-11-30 13:36:42 / Mon > login (common) > ERROR :: login check ▶ ["called  ==================================================="]
● 2020-11-30 13:36:42 / Mon > login (common) > ERROR :: login session 11  ▶ ["050841764276"]
● 2020-11-30 13:36:42 / Mon > login (common) > ERROR :: login check ▶ ["called  ==================================================="]
● 2020-11-30 13:36:42 / Mon > login (common) > ERROR :: login session 11  ▶ ["050841764276"]
● 2020-11-30 13:36:46 / Mon > login (common) > ERROR :: login check ▶ ["called  ==================================================="]
● 2020-11-30 13:36:46 / Mon > login (common) > ERROR :: login session 11  ▶ ["050841764276"]
● 2020-11-30 13:38:39 / Mon > login (common) > ERROR :: login check ▶ ["called  ==================================================="]
● 2020-11-30 13:38:39 / Mon > login (common) > ERROR :: login session 11  ▶ ["050841764276"]
● 2020-11-30 13:38:39 / Mon > login (common) > ERROR :: login check ▶ ["called  ==================================================="]
● 2020-11-30 13:38:39 / Mon > login (common) > ERROR :: login session 11  ▶ ["050841764276"]
● 2020-11-30 13:38:39 / Mon > login (common) > ERROR :: login check ▶ ["called  ==================================================="]
● 2020-11-30 13:38:39 / Mon > login (common) > ERROR :: login session 11  ▶ ["050841764276"]
● 2020-11-30 13:38:44 / Mon > login (common) > ERROR :: login check ▶ ["called  ==================================================="]
● 2020-11-30 13:38:44 / Mon > login (common) > ERROR :: login session 11  ▶ ["050841764276"]
● 2020-11-30 13:38:44 / Mon > logout (logout) > ERROR :: logout check ▶ ["called  XXXXXXXXXXXXXXXXXXXXXXXXXXXXXXXXXXXXXXXXXXXXXXXX"]
● 2020-11-30 13:38:44 / Mon > logout (logout) > ERROR :: logout session 11  ▶ [null]
● 2020-11-30 13:38:44 / Mon > logout (logout) > ERROR :: logout cookie 22  ▶ ["050841764276"]
● 2020-11-30 13:38:44 / Mon > login (common) > ERROR :: login check ▶ ["called  ==================================================="]
● 2020-11-30 13:39:14 / Mon > login (common) > ERROR :: login check ▶ ["called  ==================================================="]
● 2020-11-30 13:39:14 / Mon > login (common) > ERROR :: login session 11  ▶ ["050841764276"]
● 2020-11-30 13:39:16 / Mon > login (common) > ERROR :: login check ▶ ["called  ==================================================="]
● 2020-11-30 13:39:16 / Mon > login (common) > ERROR :: login session 11  ▶ ["050841764276"]
● 2020-11-30 13:39:16 / Mon > login (common) > ERROR :: login check ▶ ["called  ==================================================="]
● 2020-11-30 13:39:16 / Mon > login (common) > ERROR :: login session 11  ▶ ["050841764276"]
● 2020-11-30 13:39:35 / Mon > login (common) > ERROR :: login check ▶ ["called  ==================================================="]
● 2020-11-30 13:39:53 / Mon > login (common) > ERROR :: login check ▶ ["called  ==================================================="]
● 2020-11-30 13:39:53 / Mon > login (common) > ERROR :: login session 11  ▶ ["050841764276"]
● 2020-11-30 13:39:53 / Mon > logout (logout) > ERROR :: logout check ▶ ["called  XXXXXXXXXXXXXXXXXXXXXXXXXXXXXXXXXXXXXXXXXXXXXXXX"]
● 2020-11-30 13:39:53 / Mon > logout (logout) > ERROR :: logout session 11  ▶ [null]
● 2020-11-30 13:39:53 / Mon > logout (logout) > ERROR :: logout cookie 22  ▶ ["050841764276"]
● 2020-11-30 13:39:53 / Mon > login (common) > ERROR :: login check ▶ ["called  ==================================================="]
● 2020-11-30 13:39:56 / Mon > login (common) > ERROR :: login check ▶ ["called  ==================================================="]
● 2020-11-30 13:40:11 / Mon > login (common) > ERROR :: login check ▶ ["called  ==================================================="]
● 2020-11-30 13:40:39 / Mon > login (common) > ERROR :: login check ▶ ["called  ==================================================="]
● 2020-11-30 13:40:48 / Mon > login (common) > ERROR :: login check ▶ ["called  ==================================================="]
● 2020-11-30 13:40:58 / Mon > login (common) > ERROR :: login check ▶ ["called  ==================================================="]
● 2020-11-30 13:41:22 / Mon > login (common) > ERROR :: login check ▶ ["called  ==================================================="]
● 2020-11-30 13:41:37 / Mon > login (common) > ERROR :: login check ▶ ["called  ==================================================="]
● 2020-11-30 13:41:37 / Mon > login (common) > ERROR :: login check ▶ ["called  ==================================================="]
● 2020-11-30 13:41:37 / Mon > login (common) > ERROR :: login session 11  ▶ ["050841764276"]
● 2020-11-30 13:41:38 / Mon > login (common) > ERROR :: login check ▶ ["called  ==================================================="]
● 2020-11-30 13:41:38 / Mon > login (common) > ERROR :: login session 11  ▶ ["050841764276"]
● 2020-11-30 13:41:38 / Mon > login (common) > ERROR :: login check ▶ ["called  ==================================================="]
● 2020-11-30 13:41:38 / Mon > login (common) > ERROR :: login session 11  ▶ ["050841764276"]
● 2020-11-30 13:41:40 / Mon > login (common) > ERROR :: login check ▶ ["called  ==================================================="]
● 2020-11-30 13:41:49 / Mon > login (common) > ERROR :: login check ▶ ["called  ==================================================="]
● 2020-11-30 13:41:49 / Mon > login (common) > ERROR :: login session 11  ▶ ["050841764276"]
● 2020-11-30 13:42:01 / Mon > login (common) > ERROR :: login check ▶ ["called  ==================================================="]
● 2020-11-30 13:42:01 / Mon > login (common) > ERROR :: login session 11  ▶ ["050841764276"]
● 2020-11-30 13:42:01 / Mon > login (common) > ERROR :: login check ▶ ["called  ==================================================="]
● 2020-11-30 13:42:01 / Mon > login (common) > ERROR :: login session 11  ▶ ["050841764276"]
● 2020-11-30 13:42:01 / Mon > login (common) > ERROR :: login check ▶ ["called  ==================================================="]
● 2020-11-30 13:42:01 / Mon > login (common) > ERROR :: login session 11  ▶ ["050841764276"]
● 2020-11-30 13:42:15 / Mon > login (common) > ERROR :: login check ▶ ["called  ==================================================="]
● 2020-11-30 13:42:15 / Mon > login (common) > ERROR :: login session 11  ▶ ["050841764276"]
● 2020-11-30 13:42:15 / Mon > logout (logout) > ERROR :: logout check ▶ ["called  XXXXXXXXXXXXXXXXXXXXXXXXXXXXXXXXXXXXXXXXXXXXXXXX"]
● 2020-11-30 13:42:15 / Mon > logout (logout) > ERROR :: logout session 11  ▶ [null]
● 2020-11-30 13:42:15 / Mon > logout (logout) > ERROR :: logout cookie 22  ▶ ["050841764276"]
● 2020-11-30 13:42:15 / Mon > login (common) > ERROR :: login check ▶ ["called  ==================================================="]
● 2020-11-30 13:42:34 / Mon > login (common) > ERROR :: login check ▶ ["called  ==================================================="]
● 2020-11-30 13:42:37 / Mon > login (common) > ERROR :: login check ▶ ["called  ==================================================="]
● 2020-11-30 13:42:42 / Mon > login (common) > ERROR :: login check ▶ ["called  ==================================================="]
● 2020-11-30 13:42:42 / Mon > login (common) > ERROR :: login check ▶ ["called  ==================================================="]
● 2020-11-30 13:42:42 / Mon > login (common) > ERROR :: login session 11  ▶ ["050841760020"]
● 2020-11-30 13:42:44 / Mon > login (common) > ERROR :: login check ▶ ["called  ==================================================="]
● 2020-11-30 13:42:44 / Mon > login (common) > ERROR :: login session 11  ▶ ["050841760020"]
● 2020-11-30 13:42:44 / Mon > login (common) > ERROR :: login check ▶ ["called  ==================================================="]
● 2020-11-30 13:42:44 / Mon > login (common) > ERROR :: login session 11  ▶ ["050841760020"]
● 2020-11-30 13:42:47 / Mon > login (common) > ERROR :: login check ▶ ["called  ==================================================="]
● 2020-11-30 13:42:47 / Mon > login (common) > ERROR :: login session 11  ▶ ["050841760020"]
● 2020-11-30 13:42:48 / Mon > login (common) > ERROR :: login check ▶ ["called  ==================================================="]
● 2020-11-30 13:42:48 / Mon > login (common) > ERROR :: login session 11  ▶ ["050841760020"]
● 2020-11-30 13:43:21 / Mon > login (common) > ERROR :: login check ▶ ["called  ==================================================="]
● 2020-11-30 13:43:21 / Mon > login (common) > ERROR :: login check ▶ ["called  ==================================================="]
● 2020-11-30 13:44:14 / Mon > login (common) > ERROR :: login check ▶ ["called  ==================================================="]
● 2020-11-30 13:44:36 / Mon > login (common) > ERROR :: login check ▶ ["called  ==================================================="]
● 2020-11-30 13:44:48 / Mon > login (common) > ERROR :: login check ▶ ["called  ==================================================="]
● 2020-11-30 13:44:48 / Mon > login (common) > ERROR :: login check ▶ ["called  ==================================================="]
● 2020-11-30 13:44:48 / Mon > login (common) > ERROR :: login session 11  ▶ ["050841760021"]
● 2020-11-30 13:44:50 / Mon > login (common) > ERROR :: login check ▶ ["called  ==================================================="]
● 2020-11-30 13:44:50 / Mon > login (common) > ERROR :: login session 11  ▶ ["050841760021"]
● 2020-11-30 13:45:05 / Mon > login (common) > ERROR :: login check ▶ ["called  ==================================================="]
● 2020-11-30 13:45:05 / Mon > login (common) > ERROR :: login session 11  ▶ ["050841760021"]
● 2020-11-30 13:45:07 / Mon > login (common) > ERROR :: login check ▶ ["called  ==================================================="]
● 2020-11-30 13:45:07 / Mon > login (common) > ERROR :: login session 11  ▶ ["050841760021"]
● 2020-11-30 13:45:12 / Mon > login (common) > ERROR :: login check ▶ ["called  ==================================================="]
● 2020-11-30 13:45:12 / Mon > login (common) > ERROR :: login session 11  ▶ ["050841760021"]
● 2020-11-30 13:45:15 / Mon > login (common) > ERROR :: login check ▶ ["called  ==================================================="]
● 2020-11-30 13:45:15 / Mon > login (common) > ERROR :: login session 11  ▶ ["050841760021"]
● 2020-11-30 13:45:22 / Mon > login (common) > ERROR :: login check ▶ ["called  ==================================================="]
● 2020-11-30 13:45:22 / Mon > login (common) > ERROR :: login session 11  ▶ ["050841760021"]
● 2020-11-30 13:45:27 / Mon > login (common) > ERROR :: login check ▶ ["called  ==================================================="]
● 2020-11-30 13:45:27 / Mon > login (common) > ERROR :: login session 11  ▶ ["050841760021"]
● 2020-11-30 13:45:53 / Mon > login (common) > ERROR :: login check ▶ ["called  ==================================================="]
● 2020-11-30 13:45:53 / Mon > login (common) > ERROR :: login session 11  ▶ ["050841760021"]
● 2020-11-30 13:46:10 / Mon > login (common) > ERROR :: login check ▶ ["called  ==================================================="]
● 2020-11-30 13:46:10 / Mon > login (common) > ERROR :: login session 11  ▶ ["050841760021"]
● 2020-11-30 13:46:14 / Mon > login (common) > ERROR :: login check ▶ ["called  ==================================================="]
● 2020-11-30 13:46:18 / Mon > login (common) > ERROR :: login check ▶ ["called  ==================================================="]
● 2020-11-30 13:46:41 / Mon > login (common) > ERROR :: login check ▶ ["called  ==================================================="]
● 2020-11-30 13:46:41 / Mon > login (common) > ERROR :: login session 11  ▶ ["050841760020"]
● 2020-11-30 13:47:08 / Mon > login (common) > ERROR :: login check ▶ ["called  ==================================================="]
● 2020-11-30 13:47:08 / Mon > login (common) > ERROR :: login session 11  ▶ ["050841760020"]
● 2020-11-30 13:47:26 / Mon > login (common) > ERROR :: login check ▶ ["called  ==================================================="]
● 2020-11-30 13:47:26 / Mon > login (common) > ERROR :: login check ▶ ["called  ==================================================="]
● 2020-11-30 13:47:26 / Mon > login (common) > ERROR :: login session 11  ▶ ["050841764276"]
● 2020-11-30 13:47:27 / Mon > login (common) > ERROR :: login check ▶ ["called  ==================================================="]
● 2020-11-30 13:47:27 / Mon > login (common) > ERROR :: login session 11  ▶ ["050841764276"]
● 2020-11-30 13:47:27 / Mon > login (common) > ERROR :: login check ▶ ["called  ==================================================="]
● 2020-11-30 13:47:27 / Mon > login (common) > ERROR :: login session 11  ▶ ["050841764276"]
● 2020-11-30 13:47:38 / Mon > login (common) > ERROR :: login check ▶ ["called  ==================================================="]
● 2020-11-30 13:47:38 / Mon > login (common) > ERROR :: login session 11  ▶ ["050841764276"]
● 2020-11-30 13:47:41 / Mon > login (common) > ERROR :: login check ▶ ["called  ==================================================="]
● 2020-11-30 13:47:41 / Mon > login (common) > ERROR :: login session 11  ▶ ["050841764276"]
● 2020-11-30 13:47:42 / Mon > login (common) > ERROR :: login check ▶ ["called  ==================================================="]
● 2020-11-30 13:47:42 / Mon > login (common) > ERROR :: login session 11  ▶ ["050841764276"]
● 2020-11-30 13:47:42 / Mon > login (common) > ERROR :: login check ▶ ["called  ==================================================="]
● 2020-11-30 13:47:42 / Mon > login (common) > ERROR :: login session 11  ▶ ["050841764276"]
● 2020-11-30 13:47:48 / Mon > login (common) > ERROR :: login check ▶ ["called  ==================================================="]
● 2020-11-30 13:47:48 / Mon > login (common) > ERROR :: login session 11  ▶ ["050841764276"]
● 2020-11-30 13:47:48 / Mon > logout (logout) > ERROR :: logout check ▶ ["called  XXXXXXXXXXXXXXXXXXXXXXXXXXXXXXXXXXXXXXXXXXXXXXXX"]
● 2020-11-30 13:47:48 / Mon > logout (logout) > ERROR :: logout session 11  ▶ [null]
● 2020-11-30 13:47:48 / Mon > logout (logout) > ERROR :: logout cookie 22  ▶ ["050841764276"]
● 2020-11-30 13:47:48 / Mon > login (common) > ERROR :: login check ▶ ["called  ==================================================="]
● 2020-11-30 13:48:20 / Mon > login (common) > ERROR :: login check ▶ ["called  ==================================================="]
● 2020-11-30 13:48:51 / Mon > login (common) > ERROR :: login check ▶ ["called  ==================================================="]
● 2020-11-30 13:49:04 / Mon > login (common) > ERROR :: login check ▶ ["called  ==================================================="]
● 2020-11-30 13:49:04 / Mon > login (common) > ERROR :: login session 11  ▶ ["050841760015"]
● 2020-11-30 13:49:05 / Mon > login (common) > ERROR :: login check ▶ ["called  ==================================================="]
● 2020-11-30 13:49:05 / Mon > login (common) > ERROR :: login check ▶ ["called  ==================================================="]
● 2020-11-30 13:49:05 / Mon > login (common) > ERROR :: login session 11  ▶ ["050841764277"]
● 2020-11-30 13:49:06 / Mon > login (common) > ERROR :: login check ▶ ["called  ==================================================="]
● 2020-11-30 13:49:06 / Mon > login (common) > ERROR :: login session 11  ▶ ["050841764277"]
● 2020-11-30 13:49:06 / Mon > login (common) > ERROR :: login check ▶ ["called  ==================================================="]
● 2020-11-30 13:49:06 / Mon > login (common) > ERROR :: login session 11  ▶ ["050841764277"]
● 2020-11-30 13:49:07 / Mon > login (common) > ERROR :: login check ▶ ["called  ==================================================="]
● 2020-11-30 13:49:07 / Mon > login (common) > ERROR :: login session 11  ▶ ["050841760015"]
● 2020-11-30 13:49:07 / Mon > login (common) > ERROR :: login check ▶ ["called  ==================================================="]
● 2020-11-30 13:49:07 / Mon > login (common) > ERROR :: login session 11  ▶ ["050841760015"]
● 2020-11-30 13:49:08 / Mon > login (common) > ERROR :: login check ▶ ["called  ==================================================="]
● 2020-11-30 13:49:08 / Mon > login (common) > ERROR :: login session 11  ▶ ["050841764277"]
● 2020-11-30 13:49:09 / Mon > login (common) > ERROR :: login check ▶ ["called  ==================================================="]
● 2020-11-30 13:49:09 / Mon > login (common) > ERROR :: login session 11  ▶ ["050841760020"]
● 2020-11-30 13:49:10 / Mon > login (common) > ERROR :: login check ▶ ["called  ==================================================="]
● 2020-11-30 13:49:10 / Mon > login (common) > ERROR :: login session 11  ▶ ["050841760020"]
● 2020-11-30 13:49:10 / Mon > login (common) > ERROR :: login check ▶ ["called  ==================================================="]
● 2020-11-30 13:49:10 / Mon > login (common) > ERROR :: login session 11  ▶ ["050841760015"]
● 2020-11-30 13:49:11 / Mon > login (common) > ERROR :: login check ▶ ["called  ==================================================="]
● 2020-11-30 13:49:11 / Mon > login (common) > ERROR :: login session 11  ▶ ["050841764277"]
● 2020-11-30 13:49:12 / Mon > login (common) > ERROR :: login check ▶ ["called  ==================================================="]
● 2020-11-30 13:49:12 / Mon > login (common) > ERROR :: login session 11  ▶ ["050841764277"]
● 2020-11-30 13:49:12 / Mon > login (common) > ERROR :: login check ▶ ["called  ==================================================="]
● 2020-11-30 13:49:12 / Mon > login (common) > ERROR :: login session 11  ▶ ["050841764277"]
● 2020-11-30 13:49:13 / Mon > login (common) > ERROR :: login check ▶ ["called  ==================================================="]
● 2020-11-30 13:49:13 / Mon > login (common) > ERROR :: login session 11  ▶ ["050841760015"]
● 2020-11-30 13:49:13 / Mon > login (common) > ERROR :: login check ▶ ["called  ==================================================="]
● 2020-11-30 13:49:13 / Mon > login (common) > ERROR :: login session 11  ▶ ["050841760015"]
● 2020-11-30 13:49:14 / Mon > login (common) > ERROR :: login check ▶ ["called  ==================================================="]
● 2020-11-30 13:49:14 / Mon > login (common) > ERROR :: login session 11  ▶ ["050841764277"]
● 2020-11-30 13:49:14 / Mon > login (common) > ERROR :: login check ▶ ["called  ==================================================="]
● 2020-11-30 13:49:14 / Mon > login (common) > ERROR :: login session 11  ▶ ["050841760015"]
● 2020-11-30 13:49:14 / Mon > login (common) > ERROR :: login check ▶ ["called  ==================================================="]
● 2020-11-30 13:49:14 / Mon > login (common) > ERROR :: login session 11  ▶ ["050841760015"]
● 2020-11-30 13:49:14 / Mon > login (common) > ERROR :: login check ▶ ["called  ==================================================="]
● 2020-11-30 13:49:14 / Mon > login (common) > ERROR :: login session 11  ▶ ["050841764277"]
● 2020-11-30 13:49:17 / Mon > login (common) > ERROR :: login check ▶ ["called  ==================================================="]
● 2020-11-30 13:49:17 / Mon > login (common) > ERROR :: login check ▶ ["called  ==================================================="]
● 2020-11-30 13:49:17 / Mon > login (common) > ERROR :: login session 11  ▶ ["050841760015"]
● 2020-11-30 13:49:17 / Mon > login (common) > ERROR :: login check ▶ ["called  ==================================================="]
● 2020-11-30 13:49:17 / Mon > login (common) > ERROR :: login session 11  ▶ ["050841760015"]
● 2020-11-30 13:49:18 / Mon > login (common) > ERROR :: login check ▶ ["called  ==================================================="]
● 2020-11-30 13:49:18 / Mon > login (common) > ERROR :: login session 11  ▶ ["050841764277"]
● 2020-11-30 13:49:18 / Mon > login (common) > ERROR :: login check ▶ ["called  ==================================================="]
● 2020-11-30 13:49:18 / Mon > login (common) > ERROR :: login session 11  ▶ ["050841764277"]
● 2020-11-30 13:49:18 / Mon > login (common) > ERROR :: login check ▶ ["called  ==================================================="]
● 2020-11-30 13:49:18 / Mon > login (common) > ERROR :: login session 11  ▶ ["050841764277"]
● 2020-11-30 13:49:18 / Mon > login (common) > ERROR :: login check ▶ ["called  ==================================================="]
● 2020-11-30 13:49:18 / Mon > login (common) > ERROR :: login session 11  ▶ ["050841760020"]
● 2020-11-30 13:49:21 / Mon > login (common) > ERROR :: login check ▶ ["called  ==================================================="]
● 2020-11-30 13:49:21 / Mon > login (common) > ERROR :: login session 11  ▶ ["050841764277"]
● 2020-11-30 13:49:21 / Mon > logout (logout) > ERROR :: logout check ▶ ["called  XXXXXXXXXXXXXXXXXXXXXXXXXXXXXXXXXXXXXXXXXXXXXXXX"]
● 2020-11-30 13:49:21 / Mon > logout (logout) > ERROR :: logout session 11  ▶ [null]
● 2020-11-30 13:49:21 / Mon > logout (logout) > ERROR :: logout cookie 22  ▶ ["050841764277"]
● 2020-11-30 13:49:22 / Mon > login (common) > ERROR :: login check ▶ ["called  ==================================================="]
● 2020-11-30 13:49:22 / Mon > login (common) > ERROR :: login check ▶ ["called  ==================================================="]
● 2020-11-30 13:49:22 / Mon > login (common) > ERROR :: login cookie 22  ▶ ["050841760016"]
● 2020-11-30 13:49:22 / Mon > login (common) > ERROR :: login check ▶ ["called  ==================================================="]
● 2020-11-30 13:49:22 / Mon > login (common) > ERROR :: login session 11  ▶ ["050841760016"]
● 2020-11-30 13:49:24 / Mon > login (common) > ERROR :: login check ▶ ["called  ==================================================="]
● 2020-11-30 13:49:24 / Mon > login (common) > ERROR :: login check ▶ ["called  ==================================================="]
● 2020-11-30 13:49:24 / Mon > login (common) > ERROR :: login session 11  ▶ ["050841760020"]
● 2020-11-30 13:49:24 / Mon > login (common) > ERROR :: login check ▶ ["called  ==================================================="]
● 2020-11-30 13:49:24 / Mon > login (common) > ERROR :: login session 11  ▶ ["050841760016"]
● 2020-11-30 13:49:24 / Mon > login (common) > ERROR :: login check ▶ ["called  ==================================================="]
● 2020-11-30 13:49:24 / Mon > login (common) > ERROR :: login session 11  ▶ ["050841760016"]
● 2020-11-30 13:49:32 / Mon > login (common) > ERROR :: login check ▶ ["called  ==================================================="]
● 2020-11-30 13:49:32 / Mon > login (common) > ERROR :: login session 11  ▶ ["050841760020"]
● 2020-11-30 13:49:33 / Mon > login (common) > ERROR :: login check ▶ ["called  ==================================================="]
● 2020-11-30 13:49:33 / Mon > login (common) > ERROR :: login session 11  ▶ ["050841760016"]
● 2020-11-30 13:49:35 / Mon > login (common) > ERROR :: login check ▶ ["called  ==================================================="]
● 2020-11-30 13:49:35 / Mon > login (common) > ERROR :: login session 11  ▶ ["050841764277"]
● 2020-11-30 13:49:36 / Mon > login (common) > ERROR :: login check ▶ ["called  ==================================================="]
● 2020-11-30 13:49:36 / Mon > login (common) > ERROR :: login session 11  ▶ ["050841760020"]
● 2020-11-30 13:49:37 / Mon > login (common) > ERROR :: login check ▶ ["called  ==================================================="]
● 2020-11-30 13:49:37 / Mon > login (common) > ERROR :: login session 11  ▶ ["050841764277"]
● 2020-11-30 13:49:37 / Mon > login (common) > ERROR :: login check ▶ ["called  ==================================================="]
● 2020-11-30 13:49:37 / Mon > login (common) > ERROR :: login session 11  ▶ ["050841764277"]
● 2020-11-30 13:49:44 / Mon > login (common) > ERROR :: login check ▶ ["called  ==================================================="]
● 2020-11-30 13:49:44 / Mon > login (common) > ERROR :: login session 11  ▶ ["050841760020"]
● 2020-11-30 13:49:45 / Mon > login (common) > ERROR :: login check ▶ ["called  ==================================================="]
● 2020-11-30 13:49:45 / Mon > login (common) > ERROR :: login session 11  ▶ ["050841760020"]
● 2020-11-30 13:49:46 / Mon > login (common) > ERROR :: login check ▶ ["called  ==================================================="]
● 2020-11-30 13:49:50 / Mon > login (common) > ERROR :: login check ▶ ["called  ==================================================="]
● 2020-11-30 13:49:51 / Mon > login (common) > ERROR :: login check ▶ ["called  ==================================================="]
● 2020-11-30 13:49:51 / Mon > login (common) > ERROR :: login session 11  ▶ ["050841760020"]
● 2020-11-30 13:49:51 / Mon > login (common) > ERROR :: login check ▶ ["called  ==================================================="]
● 2020-11-30 13:49:51 / Mon > login (common) > ERROR :: login session 11  ▶ ["050841760020"]
● 2020-11-30 13:49:51 / Mon > login (common) > ERROR :: login check ▶ ["called  ==================================================="]
● 2020-11-30 13:49:51 / Mon > login (common) > ERROR :: login session 11  ▶ ["050841760020"]
● 2020-11-30 13:50:00 / Mon > login (common) > ERROR :: login check ▶ ["called  ==================================================="]
● 2020-11-30 13:50:00 / Mon > login (common) > ERROR :: login session 11  ▶ ["050841760016"]
● 2020-11-30 13:50:13 / Mon > login (common) > ERROR :: login check ▶ ["called  ==================================================="]
● 2020-11-30 13:51:22 / Mon > login (common) > ERROR :: login check ▶ ["called  ==================================================="]
● 2020-11-30 13:51:23 / Mon > login (common) > ERROR :: login check ▶ ["called  ==================================================="]
● 2020-11-30 13:51:26 / Mon > login (common) > ERROR :: login check ▶ ["called  ==================================================="]
● 2020-11-30 13:51:32 / Mon > login (common) > ERROR :: login check ▶ ["called  ==================================================="]
● 2020-11-30 13:51:37 / Mon > login (common) > ERROR :: login check ▶ ["called  ==================================================="]
● 2020-11-30 13:51:37 / Mon > login (common) > ERROR :: login session 11  ▶ ["050841764277"]
● 2020-11-30 13:51:37 / Mon > logout (logout) > ERROR :: logout check ▶ ["called  XXXXXXXXXXXXXXXXXXXXXXXXXXXXXXXXXXXXXXXXXXXXXXXX"]
● 2020-11-30 13:51:37 / Mon > logout (logout) > ERROR :: logout session 11  ▶ [null]
● 2020-11-30 13:51:37 / Mon > logout (logout) > ERROR :: logout cookie 22  ▶ ["050841764277"]
● 2020-11-30 13:51:37 / Mon > login (common) > ERROR :: login check ▶ ["called  ==================================================="]
● 2020-11-30 13:51:40 / Mon > login (common) > ERROR :: login check ▶ ["called  ==================================================="]
● 2020-11-30 13:51:40 / Mon > login (common) > ERROR :: login check ▶ ["called  ==================================================="]
● 2020-11-30 13:51:40 / Mon > login (common) > ERROR :: login check ▶ ["called  ==================================================="]
● 2020-11-30 13:51:40 / Mon > login (common) > ERROR :: login session 11  ▶ ["050841760018"]
● 2020-11-30 13:51:44 / Mon > login (common) > ERROR :: login check ▶ ["called  ==================================================="]
● 2020-11-30 13:51:44 / Mon > login (common) > ERROR :: login session 11  ▶ ["050841760018"]
● 2020-11-30 13:51:51 / Mon > login (common) > ERROR :: login check ▶ ["called  ==================================================="]
● 2020-11-30 13:51:51 / Mon > login (common) > ERROR :: login check ▶ ["called  ==================================================="]
● 2020-11-30 13:51:51 / Mon > login (common) > ERROR :: login session 11  ▶ ["050841760018"]
● 2020-11-30 13:52:03 / Mon > login (common) > ERROR :: login check ▶ ["called  ==================================================="]
● 2020-11-30 13:52:05 / Mon > login (common) > ERROR :: login check ▶ ["called  ==================================================="]
● 2020-11-30 13:52:09 / Mon > login (common) > ERROR :: login check ▶ ["called  ==================================================="]
● 2020-11-30 13:52:19 / Mon > login (common) > ERROR :: login check ▶ ["called  ==================================================="]
● 2020-11-30 13:52:21 / Mon > login (common) > ERROR :: login check ▶ ["called  ==================================================="]
● 2020-11-30 13:52:22 / Mon > login (common) > ERROR :: login check ▶ ["called  ==================================================="]
● 2020-11-30 13:52:23 / Mon > login (common) > ERROR :: login check ▶ ["called  ==================================================="]
● 2020-11-30 13:52:29 / Mon > login (common) > ERROR :: login check ▶ ["called  ==================================================="]
