● 2020-11-18 12:11:58 / Wed > sql (ajax.group_fcm_request) > INFO :: booking ▶ ["2020-11-19 01:00"]
● 2020-11-18 12:11:58 / Wed > sql (ajax.group_fcm_request) > INFO :: query ▶ ["select * from g5_member where mb_1 = '879' and mb_level = '2' "]
● 2020-11-18 12:11:58 / Wed > sql (ajax.group_fcm_request) > INFO :: sub query ▶ [" insert g5_adm_fcm_log set\r\n        fcm_req_type = 'G', fcm_grp_no = '1',\r\n        mb_id = '050841764276', mg_no = '879',\r\n        fcm_dev_type = '',\r\n        fcm_stat = 'R', fcm_msg_type  = 'alert', fcm_msg = 'ㅁㅁㅁㅁㅁㅁㅁㄹㄴㄹㅇㅇㄴㄹㄴㄹ',\r\n        fcm_link = '',  fcm_booking_datetime = '2020-11-19 01:00:00'  "]
● 2020-11-18 12:11:58 / Wed > sql (ajax.group_fcm_request) > INFO :: sub query ▶ [" insert g5_adm_fcm_log set\r\n        fcm_req_type = 'G', fcm_grp_no = '1',\r\n        mb_id = '050841764277', mg_no = '879',\r\n        fcm_dev_type = '',\r\n        fcm_stat = 'R', fcm_msg_type  = 'alert', fcm_msg = 'ㅁㅁㅁㅁㅁㅁㅁㄹㄴㄹㅇㅇㄴㄹㄴㄹ',\r\n        fcm_link = '',  fcm_booking_datetime = '2020-11-19 01:00:00'  "]
● 2020-11-18 12:11:58 / Wed > sql (ajax.group_fcm_request) > INFO :: sub query ▶ [" insert g5_adm_fcm_log set\r\n        fcm_req_type = 'G', fcm_grp_no = '1',\r\n        mb_id = '050841764278', mg_no = '879',\r\n        fcm_dev_type = '',\r\n        fcm_stat = 'R', fcm_msg_type  = 'alert', fcm_msg = 'ㅁㅁㅁㅁㅁㅁㅁㄹㄴㄹㅇㅇㄴㄹㄴㄹ',\r\n        fcm_link = '',  fcm_booking_datetime = '2020-11-19 01:00:00'  "]
● 2020-11-18 12:11:58 / Wed > sql (ajax.group_fcm_request) > INFO :: sub query ▶ [" insert g5_adm_fcm_log set\r\n        fcm_req_type = 'G', fcm_grp_no = '1',\r\n        mb_id = '050841764279', mg_no = '879',\r\n        fcm_dev_type = '',\r\n        fcm_stat = 'R', fcm_msg_type  = 'alert', fcm_msg = 'ㅁㅁㅁㅁㅁㅁㅁㄹㄴㄹㅇㅇㄴㄹㄴㄹ',\r\n        fcm_link = '',  fcm_booking_datetime = '2020-11-19 01:00:00'  "]
● 2020-11-18 12:15:48 / Wed > sql (ajax.group_fcm_request) > INFO :: booking ▶ [""]
● 2020-11-18 12:15:48 / Wed > sql (ajax.group_fcm_request) > INFO :: query ▶ ["select * from g5_member where mb_1 = '879' and mb_level = '2' "]
● 2020-11-18 12:21:34 / Wed > sql (ajax.group_fcm_request) > INFO :: booking ▶ [""]
● 2020-11-18 12:21:34 / Wed > sql (ajax.group_fcm_request) > INFO :: query ▶ ["select * from g5_member where mb_1 = '879' and mb_level = '2' "]
● 2020-11-18 12:21:34 / Wed > sql (ajax.group_fcm_request) > DEBUG :: mb_id ▶ ["050841764276"]
● 2020-11-18 12:23:52 / Wed > sql (ajax.group_fcm_request) > INFO :: booking ▶ [""]
● 2020-11-18 12:23:52 / Wed > sql (ajax.group_fcm_request) > INFO :: query ▶ ["select * from g5_member where mb_1 = '879' and mb_level = '2' "]
● 2020-11-18 12:23:52 / Wed > sql (ajax.group_fcm_request) > DEBUG :: rows ▶ [4]
● 2020-11-18 12:23:52 / Wed > sql (ajax.group_fcm_request) > DEBUG :: mb_id ▶ ["050841764276"]
● 2020-11-18 12:27:12 / Wed > sql (ajax.group_fcm_request) > INFO :: booking ▶ [""]
● 2020-11-18 12:27:12 / Wed > sql (ajax.group_fcm_request) > INFO :: query ▶ ["select * from g5_member where mb_1 = '879' and mb_level = '2' "]
● 2020-11-18 12:27:12 / Wed > sql (ajax.group_fcm_request) > DEBUG :: mb_id ▶ ["050841764276"]
● 2020-11-18 12:28:12 / Wed > sql (ajax.group_fcm_request) > INFO :: booking ▶ [""]
● 2020-11-18 12:28:12 / Wed > sql (ajax.group_fcm_request) > INFO :: query ▶ ["select * from g5_member where mb_1 = '879' and mb_level = '2' "]
● 2020-11-18 12:28:12 / Wed > sql (ajax.group_fcm_request) > DEBUG :: mb_id ▶ ["050841764276"]
● 2020-11-18 12:28:13 / Wed > sql (ajax.group_fcm_request) > INFO :: sub query11 ▶ [" insert g5_adm_fcm_log set\r\n        fcm_req_type = 'G', fcm_grp_no = '1',\r\n        mb_id = '050841764276', mg_no = '879',\r\n        fcm_dev_type = 'android',\r\n        fcm_stat = 'Y', fcm_msg_type  = 'A', fcm_msg = '22222222222222222222222222222',\r\n        fcm_link = '',  fcm_result = '{\"multicast_id\":3053050038921206789,\"success\":1,\"failure\":0,\"canonical_ids\":0,\"results\":[{\"message_id\":\"0:1605670091776822%56c2f103f9fd7ecd\"}]}'  "]
● 2020-11-18 13:29:28 / Wed > sql (ajax.group_fcm_request) > INFO :: booking ▶ [""]
● 2020-11-18 13:29:28 / Wed > sql (ajax.group_fcm_request) > INFO :: query ▶ ["select * from g5_member where mb_1 = '879' and mb_level = '2' "]
● 2020-11-18 13:29:28 / Wed > sql (ajax.group_fcm_request) > DEBUG :: mb_id ▶ ["050841764276"]
● 2020-11-18 13:29:28 / Wed > sql (ajax.group_fcm_request) > INFO :: sub query11 ▶ [" insert g5_adm_fcm_log set\r\n        fcm_req_type = 'G', fcm_grp_no = '1',\r\n        mb_id = '050841764276', mg_no = '879',\r\n        fcm_dev_type = 'android',\r\n        fcm_stat = 'Y', fcm_msg_type  = 'A', fcm_msg = 'sdffsdfsfdsfsdf',\r\n        fcm_link = '',  fcm_result = '{\"multicast_id\":2260602103356767965,\"success\":1,\"failure\":0,\"canonical_ids\":0,\"results\":[{\"message_id\":\"0:1605673767076383%56c2f103f9fd7ecd\"}]}'  "]
● 2020-11-18 13:30:32 / Wed > sql (ajax.group_fcm_request) > INFO :: booking ▶ [""]
● 2020-11-18 13:30:32 / Wed > sql (ajax.group_fcm_request) > INFO :: query ▶ ["select * from g5_member where mb_1 = '879' and mb_level = '2' "]
● 2020-11-18 13:30:32 / Wed > sql (ajax.group_fcm_request) > DEBUG :: mb_id ▶ ["050841764276"]
● 2020-11-18 13:30:32 / Wed > sql (ajax.group_fcm_request) > DEBUG :: mb_id ▶ ["050841764277"]
● 2020-11-18 13:30:32 / Wed > sql (ajax.group_fcm_request) > DEBUG :: mb_id ▶ ["050841764278"]
● 2020-11-18 13:30:32 / Wed > sql (ajax.group_fcm_request) > DEBUG :: mb_id ▶ ["050841764279"]
● 2020-11-18 13:31:03 / Wed > sql (ajax.group_fcm_request) > INFO :: booking ▶ [""]
● 2020-11-18 13:31:03 / Wed > sql (ajax.group_fcm_request) > INFO :: query ▶ ["select * from g5_member where mb_1 = '879' and mb_level = '2' "]
● 2020-11-18 13:31:03 / Wed > sql (ajax.group_fcm_request) > DEBUG :: mb_id ▶ ["050841764276"]
● 2020-11-18 13:32:43 / Wed > sql (ajax.group_fcm_request) > INFO :: booking ▶ [""]
● 2020-11-18 13:32:43 / Wed > sql (ajax.group_fcm_request) > INFO :: query ▶ ["select * from g5_member where mb_1 = '879' and mb_level = '2' "]
● 2020-11-18 13:32:43 / Wed > sql (ajax.group_fcm_request) > DEBUG :: mb_id ▶ ["050841764276"]
● 2020-11-18 14:47:17 / Wed > sql (ajax.group_fcm_request) > INFO :: booking ▶ [""]
● 2020-11-18 14:47:17 / Wed > sql (ajax.group_fcm_request) > INFO :: query ▶ ["select * from g5_member where mb_1 = '879' and mb_level = '2' "]
● 2020-11-18 14:47:17 / Wed > sql (ajax.group_fcm_request) > DEBUG :: mb_id ▶ ["050841764276"]
● 2020-11-18 14:47:17 / Wed > sql (ajax.group_fcm_request) > INFO :: sub query11 ▶ [" insert g5_adm_fcm_log set\r\n        fcm_req_type = 'G', fcm_grp_no = '1',\r\n        mb_id = '050841764276', mg_no = '879',\r\n        fcm_dev_type = 'android',\r\n        fcm_stat = 'Y', fcm_msg_type  = 'A', fcm_msg = '학교테스트 중입니다. ',\r\n        fcm_link = '',  fcm_result = '{\"multicast_id\":7000217109183640910,\"success\":1,\"failure\":0,\"canonical_ids\":0,\"results\":[{\"message_id\":\"0:1605678435422341%56c2f103f9fd7ecd\"}]}'  "]
● 2020-11-18 14:48:19 / Wed > sql (ajax.group_fcm_request) > INFO :: booking ▶ [""]
● 2020-11-18 14:48:19 / Wed > sql (ajax.group_fcm_request) > INFO :: query ▶ ["select * from g5_member where mb_1 = '879' and mb_level = '2' "]
● 2020-11-18 14:48:19 / Wed > sql (ajax.group_fcm_request) > DEBUG :: mb_id ▶ ["050841764276"]
● 2020-11-18 14:48:19 / Wed > sql (ajax.group_fcm_request) > INFO :: sub query11 ▶ [" insert g5_adm_fcm_log set\r\n        fcm_req_type = 'G', fcm_grp_no = '1',\r\n        mb_id = '050841764276', mg_no = '879',\r\n        fcm_dev_type = 'android',\r\n        fcm_stat = 'Y', fcm_msg_type  = 'A', fcm_msg = 'ㄴㄹㄴㄹㄴㅇㄹㄴㅇㄹㄴㅇㄹㄴㄹ',\r\n        fcm_link = '',  fcm_result = '{\"multicast_id\":3971260704685416648,\"success\":1,\"failure\":0,\"canonical_ids\":0,\"results\":[{\"message_id\":\"0:1605678497567100%56c2f103f9fd7ecd\"}]}'  "]
● 2020-11-18 14:48:46 / Wed > sql (ajax.group_fcm_request) > INFO :: booking ▶ [""]
● 2020-11-18 14:48:46 / Wed > sql (ajax.group_fcm_request) > INFO :: query ▶ ["select * from g5_member where mb_1 = '879' and mb_level = '2' "]
● 2020-11-18 14:48:46 / Wed > sql (ajax.group_fcm_request) > DEBUG :: mb_id ▶ ["050841764276"]
● 2020-11-18 14:48:46 / Wed > sql (ajax.group_fcm_request) > INFO :: sub query11 ▶ [" insert g5_adm_fcm_log set\r\n        fcm_req_type = 'G', fcm_grp_no = '1',\r\n        mb_id = '050841764276', mg_no = '879',\r\n        fcm_dev_type = 'android',\r\n        fcm_stat = 'Y', fcm_msg_type  = 'A', fcm_msg = 'ㄴㅇㄹㄴㄹㄴㄹㄴㄹ',\r\n        fcm_link = '',  fcm_result = '{\"multicast_id\":502552937302801625,\"success\":1,\"failure\":0,\"canonical_ids\":0,\"results\":[{\"message_id\":\"0:1605678524457755%56c2f103f9fd7ecd\"}]}'  "]
● 2020-11-18 14:50:05 / Wed > sql (ajax.group_fcm_request) > INFO :: booking ▶ [""]
● 2020-11-18 14:50:05 / Wed > sql (ajax.group_fcm_request) > INFO :: query ▶ ["select * from g5_member where mb_1 = '879' and mb_level = '2' "]
● 2020-11-18 14:50:05 / Wed > sql (ajax.group_fcm_request) > DEBUG :: mb_id ▶ ["050841764276"]
● 2020-11-18 14:50:05 / Wed > sql (ajax.group_fcm_request) > INFO :: sub query11 ▶ [" insert g5_adm_fcm_log set\r\n        fcm_req_type = 'G', fcm_grp_no = '1',\r\n        mb_id = '050841764276', mg_no = '879',\r\n        fcm_dev_type = 'android',\r\n        fcm_stat = 'N', fcm_msg_type  = 'A', fcm_msg = 'ㄴㄹㄴㅇㄹㄴㄹㄴㄹㄴㅇ',\r\n        fcm_link = '',  fcm_result = 'error'  "]
● 2020-11-18 14:50:56 / Wed > sql (ajax.group_fcm_request) > INFO :: booking ▶ [""]
● 2020-11-18 14:50:56 / Wed > sql (ajax.group_fcm_request) > INFO :: query ▶ ["select * from g5_member where mb_1 = '879' and mb_level = '2' "]
● 2020-11-18 14:50:56 / Wed > sql (ajax.group_fcm_request) > DEBUG :: mb_id ▶ ["050841764276"]
● 2020-11-18 14:50:56 / Wed > sql (ajax.group_fcm_request) > INFO :: sub query11 ▶ [" insert g5_adm_fcm_log set\r\n        fcm_req_type = 'G', fcm_grp_no = '1',\r\n        mb_id = '050841764276', mg_no = '879',\r\n        fcm_dev_type = 'android',\r\n        fcm_stat = 'N', fcm_msg_type  = 'A', fcm_msg = '테스트 중입니다  ',\r\n        fcm_link = '',  fcm_result = 'error'  "]
● 2020-11-18 14:52:05 / Wed > sql (ajax.group_fcm_request) > INFO :: booking ▶ [""]
● 2020-11-18 14:52:05 / Wed > sql (ajax.group_fcm_request) > INFO :: query ▶ ["select * from g5_member where mb_1 = '879' and mb_level = '2' "]
● 2020-11-18 14:52:05 / Wed > sql (ajax.group_fcm_request) > DEBUG :: mb_id ▶ ["050841764276"]
● 2020-11-18 14:52:05 / Wed > sql (ajax.group_fcm_request) > INFO :: sub query11 ▶ [" insert g5_adm_fcm_log set\r\n        fcm_req_type = 'G', fcm_grp_no = '1',\r\n        mb_id = '050841764276', mg_no = '879',\r\n        fcm_dev_type = 'android',\r\n        fcm_stat = 'N', fcm_msg_type  = 'A', fcm_msg = 'ㄴㅇㄹㄴㄹㄹㄴㅇㄹㄴㄹ',\r\n        fcm_link = '',  fcm_result = 'error'  "]
● 2020-11-18 14:54:37 / Wed > sql (ajax.group_fcm_request) > INFO :: booking ▶ [""]
● 2020-11-18 14:54:37 / Wed > sql (ajax.group_fcm_request) > INFO :: query ▶ ["select * from g5_member where mb_1 = '879' and mb_level = '2' "]
● 2020-11-18 14:54:37 / Wed > sql (ajax.group_fcm_request) > DEBUG :: mb_id ▶ ["050841764276"]
● 2020-11-18 14:54:37 / Wed > sql (ajax.group_fcm_request) > INFO :: sub query11 ▶ [" insert g5_adm_fcm_log set\r\n        fcm_req_type = 'G', fcm_grp_no = '1',\r\n        mb_id = '050841764276', mg_no = '879',\r\n        fcm_dev_type = 'android',\r\n        fcm_stat = 'N', fcm_msg_type  = 'A', fcm_msg = 'cccccccccccccc',\r\n        fcm_link = '',  fcm_result = 'error'  "]
● 2020-11-18 14:54:37 / Wed > sql (ajax.group_fcm_request) > INFO :: cycle ▶ ["00"]
● 2020-11-18 14:54:37 / Wed > sql (ajax.group_fcm_request) > INFO :: cycle ▶ ["11"]
● 2020-11-18 14:55:15 / Wed > sql (ajax.group_fcm_request) > INFO :: booking ▶ [""]
● 2020-11-18 14:55:15 / Wed > sql (ajax.group_fcm_request) > INFO :: query ▶ ["select * from g5_member where mb_1 = '879' and mb_level = '2' "]
● 2020-11-18 14:55:15 / Wed > sql (ajax.group_fcm_request) > INFO :: cycle ▶ ["00"]
● 2020-11-18 14:55:15 / Wed > sql (ajax.group_fcm_request) > DEBUG :: mb_id ▶ ["050841764276"]
● 2020-11-18 14:55:15 / Wed > sql (ajax.group_fcm_request) > INFO :: sub query11 ▶ [" insert g5_adm_fcm_log set\r\n        fcm_req_type = 'G', fcm_grp_no = '1',\r\n        mb_id = '050841764276', mg_no = '879',\r\n        fcm_dev_type = 'android',\r\n        fcm_stat = 'N', fcm_msg_type  = 'A', fcm_msg = '54664565464565',\r\n        fcm_link = '',  fcm_result = 'error'  "]
● 2020-11-18 14:55:15 / Wed > sql (ajax.group_fcm_request) > INFO :: cycle ▶ ["11"]
● 2020-11-18 14:55:15 / Wed > sql (ajax.group_fcm_request) > INFO :: cycle ▶ ["22"]
