● 2020-08-14 12:12:00 / Fri > UID : tcall_2214665013 / Ment (ajax.gmember_ment_update) > DEBUG :: ment_create ▶ {"cm_no":"","cm_type":"0","cm_name":"테스트입니다","cm_content":"테스트 안녀하십니까"}
● 2020-08-14 12:12:14 / Fri > UID : tcall_2214665013 / Ment (ajax.gmember_ment_update) > DEBUG :: ment_create ▶ {"cm_no":"","cm_type":"0","cm_name":"테스트입니다","cm_content":"테스트 안녕하십니까"}
● 2020-08-14 12:17:44 / Fri > UID : tcall_2214665013 / Ment (ajax.gmember_ment_update) > DEBUG :: ment_create ▶ {"cm_no":"","cm_type":"0","cm_name":"테스트 발신멘트","cm_content":"멘트생성 테스트중입니다"}
● 2020-08-14 12:17:44 / Fri > UID : tcall_2214665013 / RequestCurl (common.lib) > ERROR :: Request Error ▶ {"httpCode":"$httpCode"}
● 2020-08-14 12:18:28 / Fri > UID : tcall_2214665013 / Ment (ajax.gmember_ment_update) > DEBUG :: ment_create ▶ {"cm_no":"","cm_type":"0","cm_name":"테스트 발신멘트","cm_content":"멘트생성 테스트중입니다"}
● 2020-08-14 12:18:28 / Fri > UID : tcall_2214665013 / RequestCurl (common.lib) > ERROR :: Request Error ▶ {"httpCode":400}
● 2020-08-14 12:20:12 / Fri > UID : tcall_2214665013 / Ment (ajax.gmember_ment_update) > DEBUG :: ment_create ▶ {"cm_no":"","cm_type":"0","cm_name":"테스트 발신멘트","cm_content":"멘트생성 테스트중입니다"}
● 2020-08-14 12:20:12 / Fri > UID : tcall_2214665013 / RequestCurl (common.lib) > INFO :: reqUrl ▶ ["http://27.255.100.84:7123/tlogpbx101.asp?Agency=TC0010100&type=0&Name=테스트 발신멘트&TtsData=멘트생성 테스트중입니다"]
● 2020-08-14 12:20:12 / Fri > UID : tcall_2214665013 / RequestCurl (common.lib) > ERROR :: Request Error ▶ {"httpCode":400}
● 2020-08-14 12:24:30 / Fri > UID : tcall_2214665013 / Ment (ajax.gmember_ment_update) > DEBUG :: ment_create ▶ {"cm_no":"","cm_type":"0","cm_name":"테스트 발신멘트","cm_content":"멘트생성 테스트중입니다"}
● 2020-08-14 12:24:30 / Fri > UID : tcall_2214665013 / RequestCurl (common.lib) > INFO :: reqUrl ▶ ["http://27.255.100.84:7123/tlogpbx101.asp?Agency=TC0010100&type=0&Name=%ED%85%8C%EC%8A%A4%ED%8A%B8+%EB%B0%9C%EC%8B%A0%EB%A9%98%ED%8A%B8&TtsData=%EB%A9%98%ED%8A%B8%EC%83%9D%EC%84%B1+%ED%85%8C%EC%8A%A4%ED%8A%B8%EC%A4%91%EC%9E%85%EB%8B%88%EB%8B%A4"]
● 2020-08-14 12:24:46 / Fri > UID : tcall_2214665013 / Ment (ajax.gmember_ment_update) > DEBUG :: ment_create ▶ {"cm_no":"","cm_type":"0","cm_name":"테스트 발신멘트","cm_content":"멘트생성 테스트중입니다"}
● 2020-08-14 12:24:46 / Fri > UID : tcall_2214665013 / RequestCurl (common.lib) > INFO :: reqUrl ▶ ["http://27.255.100.84:7123/tlogpbx101.asp?Agency=TC0010100&type=0&Name=%ED%85%8C%EC%8A%A4%ED%8A%B8+%EB%B0%9C%EC%8B%A0%EB%A9%98%ED%8A%B8&TtsData=%EB%A9%98%ED%8A%B8%EC%83%9D%EC%84%B1+%ED%85%8C%EC%8A%A4%ED%8A%B8%EC%A4%91%EC%9E%85%EB%8B%88%EB%8B%A4"]
● 2020-08-14 12:25:34 / Fri > UID : tcall_2214665013 / Ment (ajax.gmember_ment_update) > DEBUG :: ment_create ▶ {"cm_no":"","cm_type":"0","cm_name":"테스트 마지막","cm_content":"멘트생성 테스트중입니다"}
● 2020-08-14 12:25:34 / Fri > UID : tcall_2214665013 / RequestCurl (common.lib) > INFO :: reqUrl ▶ ["http://27.255.100.84:7123/tlogpbx101.asp?Agency=TC0010100&type=0&Name=테스트 마지막&TtsData=멘트생성 테스트중입니다"]
● 2020-08-14 12:25:34 / Fri > UID : tcall_2214665013 / RequestCurl (common.lib) > ERROR :: Request Error ▶ {"httpCode":400}
● 2020-08-14 12:31:25 / Fri > UID : tcall_2214665013 / Ment (ajax.gmember_ment_update) > DEBUG :: ment_create ▶ {"cm_no":"","cm_type":"0","cm_name":"발신멘트001","cm_content":"발신멘트테스트중입니다"}
● 2020-08-14 12:31:25 / Fri > UID : tcall_2214665013 / RequestCurl (common.lib) > INFO :: reqUrl ▶ ["http://27.255.100.84:7123/tlogpbx101.asp?Agency=TC0010100&type=0&Name=%EB%B0%9C%EC%8B%A0%EB%A9%98%ED%8A%B8001&TtsData=%EB%B0%9C%EC%8B%A0%EB%A9%98%ED%8A%B8%ED%85%8C%EC%8A%A4%ED%8A%B8%EC%A4%91%EC%9E%85%EB%8B%88%EB%8B%A4"]
● 2020-08-14 12:32:11 / Fri > UID : tcall_2214665013 / Ment (ajax.gmember_ment_update) > DEBUG :: ment_create ▶ {"cm_no":"","cm_type":"0","cm_name":"발신멘트001","cm_content":"발신멘트테스트중입니다"}
● 2020-08-14 12:35:21 / Fri > UID : tcall_2214665013 / Ment (ajax.gmember_ment_update) > DEBUG :: ment_create ▶ {"cm_no":"","cm_type":"0","cm_name":"발신멘트002","cm_content":"발신멘트테스트중입니다"}
● 2020-08-14 12:35:21 / Fri > UID : tcall_2214665013 / RequestCurl (common.lib) > ERROR :: Request Error ▶ {"httpCode":400}
● 2020-08-14 12:37:39 / Fri > UID : tcall_2214665013 / Ment (ajax.gmember_ment_update) > DEBUG :: ment_create ▶ {"cm_no":"","cm_type":"0","cm_name":"발신멘트002","cm_content":"발신멘트테스트중입니다"}
● 2020-08-14 12:37:39 / Fri > UID : tcall_2214665013 / RequestCurl (common.lib) > ERROR :: Request Error ▶ {"httpCode":400}
● 2020-08-14 12:37:47 / Fri > UID : tcall_2214665013 / Ment (ajax.gmember_ment_update) > DEBUG :: ment_create ▶ {"cm_no":"","cm_type":"0","cm_name":"발신멘트004","cm_content":"발신멘트테스트중입니다"}
● 2020-08-14 12:37:47 / Fri > UID : tcall_2214665013 / RequestCurl (common.lib) > ERROR :: Request Error ▶ {"httpCode":400}
● 2020-08-14 12:42:59 / Fri > UID : tcall_2214665013 / Ment (ajax.gmember_ment_update) > DEBUG :: ment_create ▶ {"cm_no":"","cm_type":"0","cm_name":"발신멘트004","cm_content":"발신멘트테스트중입니다"}
● 2020-08-14 12:42:59 / Fri > UID : tcall_2214665013 / RequestCurl (common.lib) > INFO :: params ▶ {"Agency":"TC0010100","type":"0","Name":"발신멘트004","TtsData":"발신멘트테스트중입니다"}
● 2020-08-14 12:42:59 / Fri > UID : tcall_2214665013 / RequestCurl (common.lib) > ERROR :: Request Error ▶ {"httpCode":400}
● 2020-08-14 12:44:55 / Fri > UID : tcall_2214665013 / Ment (ajax.gmember_ment_update) > DEBUG :: ment_create ▶ {"cm_no":"","cm_type":"0","cm_name":"발신멘트004","cm_content":"발신멘트테스트중입니다"}
● 2020-08-14 12:44:55 / Fri > UID : tcall_2214665013 / RequestCurl (common.lib) > INFO :: params ▶ {"Agency":"TC0010100","type":"0","Name":"발신멘트004","TtsData":"발신멘트테스트중입니다"}
● 2020-08-14 12:44:55 / Fri > UID : tcall_2214665013 / RequestCurl (common.lib) > ERROR :: Request Error ▶ {"httpCode":400,"error":""}
● 2020-08-14 12:46:55 / Fri > UID : tcall_2214665013 / Ment (ajax.gmember_ment_update) > DEBUG :: ment_create ▶ {"cm_no":"","cm_type":"0","cm_name":"발신멘트001","cm_content":"발신멘트테스트중입니다"}
● 2020-08-14 12:46:55 / Fri > UID : tcall_2214665013 / RequestCurl (common.lib) > INFO :: params ▶ {"Agency":"TC0010100","type":"0","Name":"발신멘트001","TtsData":"발신멘트테스트중입니다"}
● 2020-08-14 12:46:55 / Fri > UID : tcall_2214665013 / RequestCurl (common.lib) > ERROR :: Request Error ▶ {"httpCode":400,"error":"","output":"<!DOCTYPE HTML PUBLIC \"-//W3C//DTD HTML 4.01//EN\"\"http://www.w3.org/TR/html4/strict.dtd\">\r\n<HTML><HEAD><TITLE>Bad Request</TITLE>\r\n<META HTTP-EQUIV=\"Content-Type\" Content=\"text/html; charset=us-ascii\"></HEAD>\r\n<BODY><h2>Bad Request - Invalid Content Length</h2>\r\n<hr><p>HTTP Error 400. There is an invalid content length or chunk length in the request.</p>\r\n</BODY></HTML>\r\n"}
● 2020-08-14 12:51:08 / Fri > UID : tcall_2214665013 / Ment (ajax.gmember_ment_update) > DEBUG :: ment_create ▶ {"cm_no":"","cm_type":"0","cm_name":"발신멘트001","cm_content":"발신멘트테스트중입니다"}
● 2020-08-14 12:51:08 / Fri > UID : tcall_2214665013 / RequestCurl (common.lib) > INFO :: params ▶ {"Agency":"TC0010100","type":"0","Name":"발신멘트001","TtsData":"발신멘트테스트중입니다"}
● 2020-08-14 12:51:08 / Fri > UID : tcall_2214665013 / RequestCurl (common.lib) > INFO :: plain params ▶ ["Agency=TC0010100&type=0&Name=%EB%B0%9C%EC%8B%A0%EB%A9%98%ED%8A%B8001&TtsData=%EB%B0%9C%EC%8B%A0%EB%A9%98%ED%8A%B8%ED%85%8C%EC%8A%A4%ED%8A%B8%EC%A4%91%EC%9E%85%EB%8B%88%EB%8B%A4"]
● 2020-08-14 12:51:22 / Fri > UID : tcall_2214665013 / Ment (ajax.gmember_ment_update) > DEBUG :: ment_create ▶ {"cm_no":"","cm_type":"0","cm_name":"발신멘트001","cm_content":"발신멘트테스트중입니다"}
● 2020-08-14 12:51:22 / Fri > UID : tcall_2214665013 / RequestCurl (common.lib) > INFO :: params ▶ {"Agency":"TC0010100","type":"0","Name":"발신멘트001","TtsData":"발신멘트테스트중입니다"}
● 2020-08-14 12:51:22 / Fri > UID : tcall_2214665013 / RequestCurl (common.lib) > INFO :: plain params ▶ ["Agency=TC0010100&type=0&Name=발신멘트001&TtsData=발신멘트테스트중입니다"]
● 2020-08-14 12:52:35 / Fri > UID : tcall_2214665013 / Ment (ajax.gmember_ment_update) > DEBUG :: ment_create ▶ {"cm_no":"","cm_type":"0","cm_name":"발신멘트001","cm_content":"발신멘트테스트중입니다"}
● 2020-08-14 12:52:35 / Fri > UID : tcall_2214665013 / RequestCurl (common.lib) > INFO :: params ▶ {"Agency":"TC0010100","type":"0","Name":"발신멘트001","TtsData":"발신멘트테스트중입니다"}
● 2020-08-14 12:52:35 / Fri > UID : tcall_2214665013 / RequestCurl (common.lib) > INFO :: plain params ▶ ["Agency=TC0010100&type=0&Name=%EB%B0%9C%EC%8B%A0%EB%A9%98%ED%8A%B8001&TtsData=%EB%B0%9C%EC%8B%A0%EB%A9%98%ED%8A%B8%ED%85%8C%EC%8A%A4%ED%8A%B8%EC%A4%91%EC%9E%85%EB%8B%88%EB%8B%A4"]
● 2020-08-14 12:56:40 / Fri > UID : tcall_2214665013 / Ment (ajax.gmember_ment_update) > DEBUG :: ment_create ▶ {"cm_no":"","cm_type":"0","cm_name":"발신멘트001","cm_content":"발신멘트테스트중입니다"}
● 2020-08-14 12:56:40 / Fri > UID : tcall_2214665013 / RequestCurl (common.lib) > INFO :: params ▶ {"Agency":"TC0010100","type":"0","Name":"발신멘트001","TtsData":"발신멘트테스트중입니다"}
● 2020-08-14 12:56:40 / Fri > UID : tcall_2214665013 / RequestCurl (common.lib) > INFO :: reqUrl ▶ ["http://27.255.100.84:7123/tlogpbx101.asp"]
● 2020-08-14 12:56:40 / Fri > UID : tcall_2214665013 / RequestCurl (common.lib) > INFO :: plain params ▶ ["Agency=TC0010100&type=0&Name=%EB%B0%9C%EC%8B%A0%EB%A9%98%ED%8A%B8001&TtsData=%EB%B0%9C%EC%8B%A0%EB%A9%98%ED%8A%B8%ED%85%8C%EC%8A%A4%ED%8A%B8%EC%A4%91%EC%9E%85%EB%8B%88%EB%8B%A4"]
● 2020-08-14 12:58:08 / Fri > UID : tcall_2214665013 / Ment (ajax.gmember_ment_update) > DEBUG :: ment_create ▶ {"cm_no":"","cm_type":"0","cm_name":"발신멘트003","cm_content":"발신멘트테스트중입니다"}
● 2020-08-14 12:58:08 / Fri > RequestCurl (common.lib) > INFO :: params ▶ {"Agency":"TC0010100","type":"0","Name":"발신멘트003","TtsData":"발신멘트테스트중입니다"}
● 2020-08-14 12:58:08 / Fri > RequestCurl (common.lib) > INFO :: reqUrl ▶ ["http://27.255.100.84:7123/tlogpbx101.asp"]
● 2020-08-14 12:58:08 / Fri > RequestCurl (common.lib) > INFO :: plain params ▶ ["Agency=TC0010100&type=0&Name=%EB%B0%9C%EC%8B%A0%EB%A9%98%ED%8A%B8003&TtsData=%EB%B0%9C%EC%8B%A0%EB%A9%98%ED%8A%B8%ED%85%8C%EC%8A%A4%ED%8A%B8%EC%A4%91%EC%9E%85%EB%8B%88%EB%8B%A4"]
● 2020-08-14 12:58:09 / Fri > RequestCurl (common.lib) > ERROR :: Request output ▶ ["{\"Result\":\"1\",\"Agency\":\"TC0010100\",\"DNIS\":\"TC0010100\",\"MentIndex\":\"1\",\"ErrCode\":\"0\"}\r\n"]
● 2020-08-14 12:59:58 / Fri > UID : tcall_2214665013 / Ment (ajax.gmember_ment_update) > DEBUG :: ment_create ▶ {"cm_no":"","cm_type":"0","cm_name":"발신멘트004","cm_content":"발신멘트테스트중입니다"}
● 2020-08-14 12:59:58 / Fri > RequestCurl (common.lib) > INFO :: params ▶ {"Agency":"TC0010100","type":"0","Name":"발신멘트004","TtsData":"발신멘트테스트중입니다"}
● 2020-08-14 12:59:58 / Fri > RequestCurl (common.lib) > INFO :: reqUrl ▶ ["http://27.255.100.84:7123/tlogpbx101.asp"]
● 2020-08-14 12:59:58 / Fri > RequestCurl (common.lib) > INFO :: plain params ▶ ["Agency=TC0010100&type=0&Name=%EB%B0%9C%EC%8B%A0%EB%A9%98%ED%8A%B8004&TtsData=%EB%B0%9C%EC%8B%A0%EB%A9%98%ED%8A%B8%ED%85%8C%EC%8A%A4%ED%8A%B8%EC%A4%91%EC%9E%85%EB%8B%88%EB%8B%A4"]
● 2020-08-14 12:59:59 / Fri > RequestCurl (common.lib) > INFO :: Request output ▶ ["{\"Result\":\"1\",\"Agency\":\"TC0010100\",\"DNIS\":\"TC0010100\",\"MentIndex\":\"1\",\"ErrCode\":\"0\"}\r\n"]
● 2020-08-14 13:00:54 / Fri > UID : tcall_2214665013 / Ment (ajax.gmember_ment_update) > DEBUG :: ment_create ▶ {"cm_no":"","cm_type":"0","cm_name":"발신멘트004","cm_content":"발신멘트테스트중입니다"}
● 2020-08-14 13:00:54 / Fri > RequestCurl (common.lib) > INFO :: params ▶ {"Agency":"TC0010100","type":"0","Name":"발신멘트004","TtsData":"발신멘트테스트중입니다"}
● 2020-08-14 13:00:54 / Fri > RequestCurl (common.lib) > INFO :: reqUrl ▶ ["http://27.255.100.84:7123/tlogpbx101.asp"]
● 2020-08-14 13:00:54 / Fri > RequestCurl (common.lib) > INFO :: plain params ▶ ["Agency=TC0010100&type=0&Name=%EB%B0%9C%EC%8B%A0%EB%A9%98%ED%8A%B8004&TtsData=%EB%B0%9C%EC%8B%A0%EB%A9%98%ED%8A%B8%ED%85%8C%EC%8A%A4%ED%8A%B8%EC%A4%91%EC%9E%85%EB%8B%88%EB%8B%A4"]
● 2020-08-14 13:00:55 / Fri > RequestCurl (common.lib) > INFO :: Request output ▶ ["{\"Result\":\"1\",\"Agency\":\"TC0010100\",\"DNIS\":\"TC0010100\",\"MentIndex\":\"1\",\"ErrCode\":\"0\"}\r\n"]
● 2020-08-14 13:00:55 / Fri > UID : tcall_2214665013 / Ment (ajax.gmember_ment_update) > INFO :: sql ▶ ["insert into g5_call_ment  set\n            mb_id = 'tcall_2214665013', mg_no = '879',\n            cm_idx = '1', cm_type = '0', cm_name = '발신멘트004', cm_content = '발신멘트테스트중입니다'  "]
● 2020-08-14 14:08:31 / Fri > Worktime (ajax.gmember_worktime_update) > DEBUG :: Worktime > Post ▶ {"wt_start_time":"1108","wt_end_time":"1408","work_days":"3","wt_fwd_ment_idx":"1","wt_fwd_ment_name":"발신멘트004","wt_rcv_ment_idx":"1","wt_rcv_ment_name":"발신멘트004","wt_end_ment_idx":"1","wt_end_ment_name":"발신멘트004","wt_lunch_start_time":"","wt_lunch_end_time":"","wt_lunch_ment_idx":"","wt_lunch_ment_name":""}
● 2020-08-14 14:08:31 / Fri > RequestCurl (common.lib) > INFO :: params ▶ {"Agency":"TC0010100","Work_Start":"1108","Work_End":"1408","Work_F_ment":"1","Work_R_ment":"1","Work_E_ment":"1","Work_Days":null,"Lunch_Start":"","Lunch_End":"","Lunch_ment":""}
● 2020-08-14 14:08:31 / Fri > RequestCurl (common.lib) > INFO :: reqUrl ▶ ["http://27.255.100.84:7123/tlogpbx201.asp"]
● 2020-08-14 14:08:31 / Fri > RequestCurl (common.lib) > INFO :: plain params ▶ ["Agency=TC0010100&Work_Start=1108&Work_End=1408&Work_F_ment=1&Work_R_ment=1&Work_E_ment=1&Lunch_Start=&Lunch_End=&Lunch_ment="]
● 2020-08-14 14:08:31 / Fri > RequestCurl (common.lib) > ERROR :: Request Error ▶ null
● 2020-08-14 15:23:51 / Fri > Ment (ajax.gmember_ment_update) > DEBUG :: ment_create ▶ {"cm_no":"","cm_type":"1","cm_name":"티처콜1","cm_content":"티처콜에서 전화왔습니다"}
● 2020-08-14 15:23:51 / Fri > RequestCurl (common.lib) > INFO :: params ▶ {"Agency":"TC0010100","type":"1","Name":"티처콜1","TtsData":"티처콜에서 전화왔습니다"}
● 2020-08-14 15:23:51 / Fri > RequestCurl (common.lib) > INFO :: reqUrl ▶ ["http://27.255.100.84:7123/tlogpbx101.asp"]
● 2020-08-14 15:23:51 / Fri > RequestCurl (common.lib) > INFO :: plain params ▶ ["Agency=TC0010100&type=1&Name=%ED%8B%B0%EC%B2%98%EC%BD%9C1&TtsData=%ED%8B%B0%EC%B2%98%EC%BD%9C%EC%97%90%EC%84%9C+%EC%A0%84%ED%99%94%EC%99%94%EC%8A%B5%EB%8B%88%EB%8B%A4"]
● 2020-08-14 15:23:52 / Fri > RequestCurl (common.lib) > INFO :: Request output ▶ ["{\"Result\":\"1\",\"Agency\":\"TC0010100\",\"DNIS\":\"TC0010100\",\"MentIndex\":\"4506\",\"ErrCode\":\"0\"}\r\n"]
● 2020-08-14 15:23:52 / Fri > Ment (ajax.gmember_ment_update) > INFO :: sql ▶ ["insert into g5_call_ment  set\n            mb_id = 'tcall_2214665013', mg_no = '879',\n            cm_idx = '4506', cm_type = '1', cm_name = '티처콜1', cm_content = '티처콜에서 전화왔습니다'  "]
● 2020-08-14 15:24:32 / Fri > Worktime (ajax.gmember_worktime_update) > DEBUG :: Worktime > Post ▶ {"wt_start_time":"1024","wt_end_time":"1524","work_days":"5","wt_fwd_ment_idx":"1","wt_fwd_ment_name":"발신멘트004","wt_rcv_ment_idx":"1","wt_rcv_ment_name":"발신멘트004","wt_end_ment_idx":"1","wt_end_ment_name":"발신멘트004","wt_lunch_start_time":"","wt_lunch_end_time":"","wt_lunch_ment_idx":"","wt_lunch_ment_name":""}
● 2020-08-14 15:24:32 / Fri > RequestCurl (common.lib) > INFO :: params ▶ {"Agency":"TC0010100","Work_Start":"1024","Work_End":"1524","Work_F_ment":"1","Work_R_ment":"1","Work_E_ment":"1","Work_Days":null,"Lunch_Start":"","Lunch_End":"","Lunch_ment":""}
● 2020-08-14 15:24:32 / Fri > RequestCurl (common.lib) > INFO :: reqUrl ▶ ["http://27.255.100.84:7123/tlogpbx201.asp"]
● 2020-08-14 15:24:32 / Fri > RequestCurl (common.lib) > INFO :: plain params ▶ ["Agency=TC0010100&Work_Start=1024&Work_End=1524&Work_F_ment=1&Work_R_ment=1&Work_E_ment=1&Lunch_Start=&Lunch_End=&Lunch_ment="]
● 2020-08-14 15:24:32 / Fri > RequestCurl (common.lib) > INFO :: Request output ▶ ["{\"Result\":\"0\",\"Agency\":\"TC0010100\",\"DNIS\":\"TC0010100\",\"ErrCode\":\"100\"}\r\n"]
● 2020-08-14 15:27:51 / Fri > Worktime (ajax.gmember_worktime_update) > DEBUG :: Worktime > Post ▶ {"wt_start_time":"1024","wt_end_time":"1524","work_days":"5","wt_fwd_ment_idx":"1","wt_fwd_ment_name":"발신멘트004","wt_rcv_ment_idx":"1","wt_rcv_ment_name":"발신멘트004","wt_end_ment_idx":"1","wt_end_ment_name":"발신멘트004","wt_lunch_start_time":"","wt_lunch_end_time":"","wt_lunch_ment_idx":"","wt_lunch_ment_name":""}
● 2020-08-14 15:28:43 / Fri > Worktime (ajax.gmember_worktime_update) > DEBUG :: Worktime > Post ▶ {"wt_start_time":"1528","wt_end_time":"1728","work_days":"4","wt_fwd_ment_idx":"1","wt_fwd_ment_name":"발신멘트004","wt_rcv_ment_idx":"1","wt_rcv_ment_name":"발신멘트004","wt_end_ment_idx":"1","wt_end_ment_name":"발신멘트004","wt_lunch_start_time":"","wt_lunch_end_time":"","wt_lunch_ment_idx":"","wt_lunch_ment_name":""}
● 2020-08-14 15:28:50 / Fri > Worktime (ajax.gmember_worktime_update) > DEBUG :: Worktime > Post ▶ {"wt_start_time":"1528","wt_end_time":"1728","work_days":"4","wt_fwd_ment_idx":"1","wt_fwd_ment_name":"발신멘트004","wt_rcv_ment_idx":"1","wt_rcv_ment_name":"발신멘트004","wt_end_ment_idx":"1","wt_end_ment_name":"발신멘트004","wt_lunch_start_time":"","wt_lunch_end_time":"","wt_lunch_ment_idx":"","wt_lunch_ment_name":""}
● 2020-08-14 15:29:17 / Fri > Worktime (ajax.gmember_worktime_update) > DEBUG :: Worktime > Post ▶ {"wt_start_time":"1528","wt_end_time":"1728","work_days":"4","wt_fwd_ment_idx":"1","wt_fwd_ment_name":"발신멘트004","wt_rcv_ment_idx":"1","wt_rcv_ment_name":"발신멘트004","wt_end_ment_idx":"1","wt_end_ment_name":"발신멘트004","wt_lunch_start_time":"","wt_lunch_end_time":"","wt_lunch_ment_idx":"","wt_lunch_ment_name":""}
● 2020-08-14 15:29:17 / Fri > Worktime (ajax.gmember_worktime_update) > DEBUG :: Worktime > days ▶ ["4"]
● 2020-08-14 15:32:08 / Fri > Worktime (ajax.gmember_worktime_update) > DEBUG :: Worktime > Post ▶ {"wt_start_time":"1131","wt_end_time":"1531","work_days":null,"wt_fwd_ment_idx":"1","wt_fwd_ment_name":"발신멘트004","wt_rcv_ment_idx":"1","wt_rcv_ment_name":"발신멘트004","wt_end_ment_idx":"1","wt_end_ment_name":"발신멘트004","wt_lunch_start_time":"","wt_lunch_end_time":"","wt_lunch_ment_idx":"","wt_lunch_ment_name":""}
● 2020-08-14 15:32:08 / Fri > Worktime (ajax.gmember_worktime_update) > DEBUG :: Worktime > days ▶ ["4","6","0"]
● 2020-08-14 15:32:43 / Fri > Worktime (ajax.gmember_worktime_update) > DEBUG :: Worktime > Post ▶ {"wt_start_time":"1131","wt_end_time":"1531","work_days":null,"wt_fwd_ment_idx":"1","wt_fwd_ment_name":"발신멘트004","wt_rcv_ment_idx":"1","wt_rcv_ment_name":"발신멘트004","wt_end_ment_idx":"1","wt_end_ment_name":"발신멘트004","wt_lunch_start_time":"","wt_lunch_end_time":"","wt_lunch_ment_idx":"","wt_lunch_ment_name":""}
● 2020-08-14 15:32:43 / Fri > Worktime (ajax.gmember_worktime_update) > DEBUG :: Worktime > days ▶ ["4","6","0"]
● 2020-08-14 15:32:43 / Fri > RequestCurl (common.lib) > INFO :: params ▶ {"Agency":"TC0010100","Work_Start":"1131","Work_End":"1531","Work_F_ment":"1","Work_R_ment":"1","Work_E_ment":"1","Work_Days":"460","Lunch_Start":"","Lunch_End":"","Lunch_ment":""}
● 2020-08-14 15:32:43 / Fri > RequestCurl (common.lib) > INFO :: reqUrl ▶ ["http://27.255.100.84:7123/tlogpbx201.asp"]
● 2020-08-14 15:32:43 / Fri > RequestCurl (common.lib) > INFO :: plain params ▶ ["Agency=TC0010100&Work_Start=1131&Work_End=1531&Work_F_ment=1&Work_R_ment=1&Work_E_ment=1&Work_Days=460&Lunch_Start=&Lunch_End=&Lunch_ment="]
● 2020-08-14 15:32:44 / Fri > RequestCurl (common.lib) > INFO :: Request output ▶ ["{\"Result\":\"1\",\"Agency\":\"TC0010100\",\"DNIS\":\"TC0010100\",\"ErrCode\":\"0\"}\r\n"]
● 2020-08-14 15:33:52 / Fri > Worktime (ajax.gmember_worktime_update) > DEBUG :: Worktime > Post ▶ {"wt_start_time":"1131","wt_end_time":"1531","work_days":null,"wt_fwd_ment_idx":"1","wt_fwd_ment_name":"발신멘트004","wt_rcv_ment_idx":"1","wt_rcv_ment_name":"발신멘트004","wt_end_ment_idx":"1","wt_end_ment_name":"발신멘트004","wt_lunch_start_time":"","wt_lunch_end_time":"","wt_lunch_ment_idx":"","wt_lunch_ment_name":""}
● 2020-08-14 15:33:52 / Fri > Worktime (ajax.gmember_worktime_update) > DEBUG :: Worktime > days ▶ ["4","6","0"]
● 2020-08-14 15:33:52 / Fri > RequestCurl (common.lib) > INFO :: params ▶ {"Agency":"TC0010100","Work_Start":"1131","Work_End":"1531","Work_F_ment":"1","Work_R_ment":"1","Work_E_ment":"1","Work_Days":"460","Lunch_Start":"","Lunch_End":"","Lunch_ment":""}
● 2020-08-14 15:33:52 / Fri > RequestCurl (common.lib) > INFO :: reqUrl ▶ ["http://27.255.100.84:7123/tlogpbx201.asp"]
● 2020-08-14 15:33:52 / Fri > RequestCurl (common.lib) > INFO :: plain params ▶ ["Agency=TC0010100&Work_Start=1131&Work_End=1531&Work_F_ment=1&Work_R_ment=1&Work_E_ment=1&Work_Days=460&Lunch_Start=&Lunch_End=&Lunch_ment="]
● 2020-08-14 15:33:52 / Fri > RequestCurl (common.lib) > INFO :: Request output ▶ ["{\"Result\":\"1\",\"Agency\":\"TC0010100\",\"DNIS\":\"TC0010100\",\"ErrCode\":\"0\"}\r\n"]
● 2020-08-14 15:33:52 / Fri > Worktime (ajax.gmember_worktime_update) > INFO :: sql ▶ ["insert into g5_work_time  set\n          mb_id = 'tcall_2214665013', mg_no = '879',\n          wt_start_time = '1131' , wt_end_time = '1531', wt_work_days = '4,6,0',\n           wt_fwd_ment_idx = '1', wt_rcv_ment_idx = '1', wt_end_ment_idx = '1',\n           wt_lunch_start_time = '', wt_lunch_end_time = '', wt_lunch_ment_idx = '' "]
● 2020-08-14 15:39:43 / Fri > Worktime (ajax.gmember_worktime_update) > DEBUG :: Worktime > Post 1 ▶ {"wt_start_time":"1131","wt_end_time":"1531","work_days":null,"wt_fwd_ment_idx":"1","wt_fwd_ment_name":"발신멘트004","wt_rcv_ment_idx":"4506","wt_rcv_ment_name":"티처콜1","wt_end_ment_idx":"1","wt_end_ment_name":"발신멘트004","wt_lunch_start_time":"","wt_lunch_end_time":"","wt_lunch_ment_idx":"","wt_lunch_ment_name":""}
● 2020-08-14 15:39:43 / Fri > Worktime (ajax.gmember_worktime_update) > DEBUG :: Worktime > Post 2 ▶ {"wt_start_time":"1131","wt_end_time":"1531","work_days":null,"wt_fwd_ment_idx":"1","wt_fwd_ment_name":"발신멘트004","wt_rcv_ment_idx":"4506","wt_rcv_ment_name":"티처콜1","wt_end_ment_idx":"1","wt_end_ment_name":"발신멘트004","wt_lunch_start_time":"","wt_lunch_end_time":"","wt_lunch_ment_idx":"","wt_lunch_ment_name":""}
● 2020-08-14 15:39:43 / Fri > Worktime (ajax.gmember_worktime_update) > DEBUG :: Worktime > days ▶ ["1","4","5","6"]
● 2020-08-14 15:39:43 / Fri > RequestCurl (common.lib) > INFO :: params ▶ {"Agency":"TC0010100","Work_Start":"1131","Work_End":"1531","Work_F_ment":"1","Work_R_ment":"4506","Work_E_ment":"1","Work_Days":"1456","Lunch_Start":"","Lunch_End":"","Lunch_ment":""}
● 2020-08-14 15:39:43 / Fri > RequestCurl (common.lib) > INFO :: reqUrl ▶ ["http://27.255.100.84:7123/tlogpbx201.asp"]
● 2020-08-14 15:39:43 / Fri > RequestCurl (common.lib) > INFO :: plain params ▶ ["Agency=TC0010100&Work_Start=1131&Work_End=1531&Work_F_ment=1&Work_R_ment=4506&Work_E_ment=1&Work_Days=1456&Lunch_Start=&Lunch_End=&Lunch_ment="]
● 2020-08-14 15:39:43 / Fri > RequestCurl (common.lib) > INFO :: Request output ▶ ["{\"Result\":\"1\",\"Agency\":\"TC0010100\",\"DNIS\":\"TC0010100\",\"ErrCode\":\"0\"}\r\n"]
● 2020-08-14 15:39:43 / Fri > Worktime (ajax.gmember_worktime_update) > INFO :: sql ▶ [" update g5_work_time set\n              wt_start_time = '1131' , wt_end_time = '1531', wt_work_days = '1,4,5,6',\n           wt_fwd_ment_idx = '1', wt_rcv_ment_idx = '4506', wt_end_ment_idx = '1',\n           wt_lunch_start_time = '', wt_lunch_end_time = '', wt_lunch_ment_idx = ''\n           where mb_id = 'tcall_2214665013' and wt_no = ''\n        "]
● 2020-08-14 15:55:39 / Fri > Worktime (ajax.gmember_worktime_update) > DEBUG :: Worktime > Post 1 ▶ {"wt_start_time":"11:31","wt_end_time":"15:31","work_days":null,"wt_fwd_ment_idx":"1","wt_fwd_ment_name":"발신멘트004","wt_rcv_ment_idx":"4506","wt_rcv_ment_name":"티처콜1","wt_end_ment_idx":"1","wt_end_ment_name":"발신멘트004","wt_lunch_start_time":"","wt_lunch_end_time":"","wt_lunch_ment_idx":"","wt_lunch_ment_name":""}
● 2020-08-14 15:55:39 / Fri > Worktime (ajax.gmember_worktime_update) > DEBUG :: Worktime > Post 2 ▶ {"wt_start_time":"11:31","wt_end_time":"15:31","work_days":null,"wt_fwd_ment_idx":"1","wt_fwd_ment_name":"발신멘트004","wt_rcv_ment_idx":"4506","wt_rcv_ment_name":"티처콜1","wt_end_ment_idx":"1","wt_end_ment_name":"발신멘트004","wt_lunch_start_time":"","wt_lunch_end_time":"","wt_lunch_ment_idx":"","wt_lunch_ment_name":""}
● 2020-08-14 15:55:39 / Fri > Worktime (ajax.gmember_worktime_update) > DEBUG :: Worktime > days ▶ ["1","2","3","4","5"]
● 2020-08-14 15:55:39 / Fri > RequestCurl (common.lib) > INFO :: params ▶ {"Agency":"TC0010100","Work_Start":"1131","Work_End":"1531","Work_F_ment":"1","Work_R_ment":"4506","Work_E_ment":"1","Work_Days":"12345","Lunch_Start":"","Lunch_End":"","Lunch_ment":""}
● 2020-08-14 15:55:39 / Fri > RequestCurl (common.lib) > INFO :: reqUrl ▶ ["http://27.255.100.84:7123/tlogpbx201.asp"]
● 2020-08-14 15:55:39 / Fri > RequestCurl (common.lib) > INFO :: plain params ▶ ["Agency=TC0010100&Work_Start=1131&Work_End=1531&Work_F_ment=1&Work_R_ment=4506&Work_E_ment=1&Work_Days=12345&Lunch_Start=&Lunch_End=&Lunch_ment="]
● 2020-08-14 15:55:39 / Fri > RequestCurl (common.lib) > INFO :: Request output ▶ ["{\"Result\":\"1\",\"Agency\":\"TC0010100\",\"DNIS\":\"TC0010100\",\"ErrCode\":\"0\"}\r\n"]
● 2020-08-14 15:55:39 / Fri > Worktime (ajax.gmember_worktime_update) > INFO :: sql ▶ [" update g5_work_time set\n              wt_start_time = '11:31' , wt_end_time = '15:31', wt_work_days = '1,2,3,4,5',\n           wt_fwd_ment_idx = '1', wt_rcv_ment_idx = '4506', wt_end_ment_idx = '1'     where mb_id = 'tcall_2214665013' and wt_no = ''     "]
● 2020-08-14 15:57:37 / Fri > Worktime (ajax.gmember_worktime_update) > DEBUG :: Worktime > Post 1 ▶ {"wt_no":"1","wt_start_time":"09:00","wt_end_time":"15:31","work_days":null,"wt_fwd_ment_idx":"1","wt_fwd_ment_name":"발신멘트004","wt_rcv_ment_idx":"4506","wt_rcv_ment_name":"티처콜1","wt_end_ment_idx":"1","wt_end_ment_name":"발신멘트004","wt_lunch_start_time":"","wt_lunch_end_time":"","wt_lunch_ment_idx":"","wt_lunch_ment_name":""}
● 2020-08-14 15:57:37 / Fri > Worktime (ajax.gmember_worktime_update) > DEBUG :: Worktime > Post 2 ▶ {"wt_no":"1","wt_start_time":"09:00","wt_end_time":"15:31","work_days":null,"wt_fwd_ment_idx":"1","wt_fwd_ment_name":"발신멘트004","wt_rcv_ment_idx":"4506","wt_rcv_ment_name":"티처콜1","wt_end_ment_idx":"1","wt_end_ment_name":"발신멘트004","wt_lunch_start_time":"","wt_lunch_end_time":"","wt_lunch_ment_idx":"","wt_lunch_ment_name":""}
● 2020-08-14 15:57:37 / Fri > Worktime (ajax.gmember_worktime_update) > DEBUG :: Worktime > days ▶ ["1","2","3","4","5"]
● 2020-08-14 15:57:37 / Fri > RequestCurl (common.lib) > INFO :: params ▶ {"Agency":"TC0010100","Work_Start":"0900","Work_End":"1531","Work_F_ment":"1","Work_R_ment":"4506","Work_E_ment":"1","Work_Days":"12345","Lunch_Start":"","Lunch_End":"","Lunch_ment":""}
● 2020-08-14 15:57:37 / Fri > RequestCurl (common.lib) > INFO :: reqUrl ▶ ["http://27.255.100.84:7123/tlogpbx201.asp"]
● 2020-08-14 15:57:37 / Fri > RequestCurl (common.lib) > INFO :: plain params ▶ ["Agency=TC0010100&Work_Start=0900&Work_End=1531&Work_F_ment=1&Work_R_ment=4506&Work_E_ment=1&Work_Days=12345&Lunch_Start=&Lunch_End=&Lunch_ment="]
● 2020-08-14 15:57:37 / Fri > RequestCurl (common.lib) > INFO :: Request output ▶ ["{\"Result\":\"1\",\"Agency\":\"TC0010100\",\"DNIS\":\"TC0010100\",\"ErrCode\":\"0\"}\r\n"]
● 2020-08-14 15:57:37 / Fri > Worktime (ajax.gmember_worktime_update) > INFO :: sql ▶ [" update g5_work_time set\n              wt_start_time = '09:00' , wt_end_time = '15:31', wt_work_days = '1,2,3,4,5',\n           wt_fwd_ment_idx = '1', wt_rcv_ment_idx = '4506', wt_end_ment_idx = '1'     where mb_id = 'tcall_2214665013' and wt_no = '1'     "]
● 2020-08-14 15:59:26 / Fri > Worktime (ajax.gmember_worktime_update) > DEBUG :: Worktime > Post 1 ▶ {"wt_no":"1","wt_start_time":"09:00","wt_end_time":"15:31","work_days":null,"wt_fwd_ment_idx":"1","wt_fwd_ment_name":"발신멘트004","wt_rcv_ment_idx":"4506","wt_rcv_ment_name":"티처콜1","wt_end_ment_idx":"1","wt_end_ment_name":"발신멘트004","wt_lunch_start_time":"","wt_lunch_end_time":"","wt_lunch_ment_idx":"","wt_lunch_ment_name":""}
● 2020-08-14 15:59:26 / Fri > Worktime (ajax.gmember_worktime_update) > DEBUG :: Worktime > Post 2 ▶ {"wt_no":"1","wt_start_time":"09:00","wt_end_time":"15:31","work_days":null,"wt_fwd_ment_idx":"1","wt_fwd_ment_name":"발신멘트004","wt_rcv_ment_idx":"4506","wt_rcv_ment_name":"티처콜1","wt_end_ment_idx":"1","wt_end_ment_name":"발신멘트004","wt_lunch_start_time":"","wt_lunch_end_time":"","wt_lunch_ment_idx":"","wt_lunch_ment_name":""}
● 2020-08-14 15:59:26 / Fri > Worktime (ajax.gmember_worktime_update) > DEBUG :: Worktime > days ▶ ["1","2","3","4","0"]
● 2020-08-14 15:59:26 / Fri > RequestCurl (common.lib) > INFO :: params ▶ {"Agency":"TC0010100","Work_Start":"0900","Work_End":"1531","Work_F_ment":"1","Work_R_ment":"4506","Work_E_ment":"1","Work_Days":"12340","Lunch_Start":"","Lunch_End":"","Lunch_ment":""}
● 2020-08-14 15:59:26 / Fri > RequestCurl (common.lib) > INFO :: reqUrl ▶ ["http://27.255.100.84:7123/tlogpbx201.asp"]
● 2020-08-14 15:59:26 / Fri > RequestCurl (common.lib) > INFO :: plain params ▶ ["Agency=TC0010100&Work_Start=0900&Work_End=1531&Work_F_ment=1&Work_R_ment=4506&Work_E_ment=1&Work_Days=12340&Lunch_Start=&Lunch_End=&Lunch_ment="]
● 2020-08-14 15:59:26 / Fri > RequestCurl (common.lib) > INFO :: Request output ▶ ["{\"Result\":\"1\",\"Agency\":\"TC0010100\",\"DNIS\":\"TC0010100\",\"ErrCode\":\"0\"}\r\n"]
● 2020-08-14 15:59:26 / Fri > Worktime (ajax.gmember_worktime_update) > INFO :: sql ▶ [" update g5_work_time set\n              wt_start_time = '09:00' , wt_end_time = '15:31', wt_work_days = '1,2,3,4,0',\n           wt_fwd_ment_idx = '1', wt_rcv_ment_idx = '4506', wt_end_ment_idx = '1'     where mb_id = 'tcall_2214665013' and wt_no = '1'     "]
● 2020-08-14 16:01:26 / Fri > Worktime (ajax.gmember_worktime_update) > DEBUG :: Worktime > Post 1 ▶ {"wt_no":"1","wt_start_time":"09:00","wt_end_time":"15:31","work_days":null,"wt_fwd_ment_idx":"1","wt_fwd_ment_name":"발신멘트004","wt_rcv_ment_idx":"4506","wt_rcv_ment_name":"티처콜1","wt_end_ment_idx":"1","wt_end_ment_name":"발신멘트004","wt_lunch_start_time":"","wt_lunch_end_time":"","wt_lunch_ment_idx":"","wt_lunch_ment_name":""}
● 2020-08-14 16:01:26 / Fri > Worktime (ajax.gmember_worktime_update) > DEBUG :: Worktime > Post 2 ▶ {"wt_no":"1","wt_start_time":"09:00","wt_end_time":"15:31","work_days":null,"wt_fwd_ment_idx":"1","wt_fwd_ment_name":"발신멘트004","wt_rcv_ment_idx":"4506","wt_rcv_ment_name":"티처콜1","wt_end_ment_idx":"1","wt_end_ment_name":"발신멘트004","wt_lunch_start_time":"","wt_lunch_end_time":"","wt_lunch_ment_idx":"","wt_lunch_ment_name":""}
● 2020-08-14 16:01:26 / Fri > Worktime (ajax.gmember_worktime_update) > DEBUG :: Worktime > days ▶ ["1","2","3","4"]
● 2020-08-14 16:01:26 / Fri > RequestCurl (common.lib) > INFO :: params ▶ {"Agency":"TC0010100","Work_Start":"0900","Work_End":"1531","Work_F_ment":"1","Work_R_ment":"4506","Work_E_ment":"1","Work_Days":"1234","Lunch_Start":"","Lunch_End":"","Lunch_ment":""}
● 2020-08-14 16:01:26 / Fri > RequestCurl (common.lib) > INFO :: reqUrl ▶ ["http://27.255.100.84:7123/tlogpbx201.asp"]
● 2020-08-14 16:01:26 / Fri > RequestCurl (common.lib) > INFO :: plain params ▶ ["Agency=TC0010100&Work_Start=0900&Work_End=1531&Work_F_ment=1&Work_R_ment=4506&Work_E_ment=1&Work_Days=1234&Lunch_Start=&Lunch_End=&Lunch_ment="]
● 2020-08-14 16:01:26 / Fri > RequestCurl (common.lib) > INFO :: Request output ▶ ["{\"Result\":\"1\",\"Agency\":\"TC0010100\",\"DNIS\":\"TC0010100\",\"ErrCode\":\"0\"}\r\n"]
● 2020-08-14 16:01:26 / Fri > Worktime (ajax.gmember_worktime_update) > INFO :: sql ▶ [" update g5_work_time set\n              wt_start_time = '09:00' , wt_end_time = '15:31', wt_work_days = '1,2,3,4',\n           wt_fwd_ment_idx = '1', wt_rcv_ment_idx = '4506', wt_end_ment_idx = '1'     where mb_id = 'tcall_2214665013' and wt_no = '1'     "]
● 2020-08-14 16:20:03 / Fri > Worktime (ajax.gmember_worktime_update) > DEBUG :: Worktime > Post 1 ▶ {"wt_no":"1","wt_start_time":"09:00","wt_end_time":"15:31","work_days":null,"wt_fwd_ment_idx":"1","wt_fwd_ment_name":"발신멘트004","wt_rcv_ment_idx":"4506","wt_rcv_ment_name":"티처콜1","wt_end_ment_idx":"1","wt_end_ment_name":"발신멘트004","wt_lunch_start_time":"","wt_lunch_end_time":"","wt_lunch_ment_idx":"","wt_lunch_ment_name":""}
● 2020-08-14 16:20:03 / Fri > Worktime (ajax.gmember_worktime_update) > DEBUG :: Worktime > Post 2 ▶ {"wt_no":"1","wt_start_time":"09:00","wt_end_time":"15:31","work_days":null,"wt_fwd_ment_idx":"1","wt_fwd_ment_name":"발신멘트004","wt_rcv_ment_idx":"4506","wt_rcv_ment_name":"티처콜1","wt_end_ment_idx":"1","wt_end_ment_name":"발신멘트004","wt_lunch_start_time":"","wt_lunch_end_time":"","wt_lunch_ment_idx":"","wt_lunch_ment_name":""}
● 2020-08-14 16:20:03 / Fri > Worktime (ajax.gmember_worktime_update) > DEBUG :: Worktime > days ▶ ["1","2","3","4","5"]
● 2020-08-14 16:20:03 / Fri > RequestCurl (common.lib) > INFO :: params ▶ {"Agency":"TC0010100","Work_Start":"0900","Work_End":"1531","Work_F_ment":"1","Work_R_ment":"4506","Work_E_ment":"1","Work_Days":"12345","Lunch_Start":"","Lunch_End":"","Lunch_ment":""}
● 2020-08-14 16:20:03 / Fri > RequestCurl (common.lib) > INFO :: reqUrl ▶ ["http://27.255.100.84:7123/tlogpbx201.asp"]
● 2020-08-14 16:20:03 / Fri > RequestCurl (common.lib) > INFO :: plain params ▶ ["Agency=TC0010100&Work_Start=0900&Work_End=1531&Work_F_ment=1&Work_R_ment=4506&Work_E_ment=1&Work_Days=12345&Lunch_Start=&Lunch_End=&Lunch_ment="]
● 2020-08-14 16:20:03 / Fri > RequestCurl (common.lib) > INFO :: Request output ▶ ["{\"Result\":\"1\",\"Agency\":\"TC0010100\",\"DNIS\":\"TC0010100\",\"ErrCode\":\"0\"}\r\n"]
● 2020-08-14 16:20:03 / Fri > Worktime (ajax.gmember_worktime_update) > INFO :: sql ▶ [" update g5_work_time set\n              wt_start_time = '09:00' , wt_end_time = '15:31', wt_work_days = '1,2,3,4,5',\n           wt_fwd_ment_idx = '1', wt_rcv_ment_idx = '4506', wt_end_ment_idx = '1'     where mb_id = 'tcall_2214665013' and wt_no = '1'     "]
● 2020-08-14 16:32:53 / Fri > RequestCurl (common.lib) > INFO :: params ▶ {"Agency":"TC0010100","Rest_Name":"참시간1","Rest_Start":"1632","Rest_End":"1635","Rest_Ment":"1","Rest_Days":"60"}
● 2020-08-14 16:32:53 / Fri > RequestCurl (common.lib) > INFO :: reqUrl ▶ ["http://27.255.100.84:7123/tlogpbx211.asp"]
● 2020-08-14 16:32:53 / Fri > RequestCurl (common.lib) > INFO :: plain params ▶ ["Agency=TC0010100&Rest_Name=%EC%B0%B8%EC%8B%9C%EA%B0%841&Rest_Start=1632&Rest_End=1635&Rest_Ment=1&Rest_Days=60"]
● 2020-08-14 16:32:53 / Fri > RequestCurl (common.lib) > INFO :: Request output ▶ null
● 2020-08-14 16:36:52 / Fri > RequestCurl (common.lib) > INFO :: params ▶ {"Agency":"TC0010100","Rest_Name":"휴식시간","Rest_Start":"1100","Rest_End":"1135","Rest_Ment":"1","Rest_Days":"60"}
● 2020-08-14 16:36:52 / Fri > RequestCurl (common.lib) > INFO :: reqUrl ▶ ["http://27.255.100.84:7123/tlogpbx211.asp"]
● 2020-08-14 16:36:52 / Fri > RequestCurl (common.lib) > INFO :: plain params ▶ ["Agency=TC0010100&Rest_Name=%ED%9C%B4%EC%8B%9D%EC%8B%9C%EA%B0%84&Rest_Start=1100&Rest_End=1135&Rest_Ment=1&Rest_Days=60"]
● 2020-08-14 16:36:52 / Fri > RequestCurl (common.lib) > INFO :: Request output ▶ null
● 2020-08-14 16:42:23 / Fri > RequestCurlGet (common.lib) > INFO :: params ▶ {"Agency":"TC0010100","Rest_Name":"휴식시간","Rest_Start":"1100","Rest_End":"1135","Rest_Ment":"1","Rest_Days":"60"}
● 2020-08-14 16:42:23 / Fri > RequestCurlGet (common.lib) > INFO :: reqUrl ▶ ["http://27.255.100.84:7123/tlogpbx211.asp?Agency=TC0010100&Rest_Name=휴식시간&Rest_Start=1100&Rest_End=1135&Rest_Ment=1&Rest_Days=60"]
● 2020-08-14 16:42:23 / Fri > RequestCurlGet (common.lib) > INFO :: Request output ▶ ["{\"Result\":\"1\",\"Agency\":\"TC0010100\",\"DNIS\":\"TC0010100\",\"Rest_Index\":\"26\",\"ErrCode\":\"0\"}\r\n"]
● 2020-08-14 17:29:04 / Fri > RequestCurl (common.lib) > INFO :: params ▶ {"Agency":"TC0010100","Rest_Name":"휴식시간","Rest_Start":"1100","Rest_End":"1135","Rest_Ment":"1","Rest_Days":"60","Rest_Index":"1"}
● 2020-08-14 17:29:04 / Fri > RequestCurl (common.lib) > INFO :: reqUrl ▶ ["http://27.255.100.84:7123/tlogpbx213.asp"]
● 2020-08-14 17:29:04 / Fri > RequestCurl (common.lib) > INFO :: plain params ▶ ["Agency=TC0010100&Rest_Name=%ED%9C%B4%EC%8B%9D%EC%8B%9C%EA%B0%84&Rest_Start=1100&Rest_End=1135&Rest_Ment=1&Rest_Days=60&Rest_Index=1"]
● 2020-08-14 17:29:04 / Fri > RequestCurl (common.lib) > INFO :: Request output ▶ ["{\"Result\":\"1\",\"Agency\":\"TC0010100\",\"DNIS\":\"TC0010100\",\"Rest_Index\":\"1\",\"ErrCode\":\"0\"}\r\n"]
