● 2020-11-13 15:27:03 / Fri > RegisterAuto (curl.tlog_auto_register) > INFO :: post ▶ {"Agency":"TC0010300","Shop_phone":"01093488092","Shop_name":"홍길동","Shop_record":"1"}
● 2020-11-13 15:27:03 / Fri > RegisterAuto (curl.tlog_auto_register) > INFO :: url ▶ ["http://27.255.100.84:7123/tlogpbx503.asp?Agency=TC0010300&Shop_phone=01093488092&Shop_name=홍길동&Shop_record=1"]
● 2020-11-13 15:27:03 / Fri > RegisterAuto (curl.tlog_auto_register) > INFO :: Request output ▶ ["{\"Result\":\"1\",\"DNIS\":\"050841764281\",\"Agency\":\"TC0010300\",\"ErrCode\":\"0\"}\r\n"]
● 2020-11-13 15:34:07 / Fri > Worktime (ajax.gmember_worktime_update) > DEBUG :: Worktime > Post 1 ▶ {"wt_no":"5","wt_start_time":"08:20","wt_end_time":"16:20","work_days":null,"wt_fwd_ment_idx":"71","wt_fwd_ment_name":"[공통] 전화연결[착신] 멘트","wt_rcv_ment_idx":"71","wt_rcv_ment_name":"[공통] 전화연결[착신] 멘트","wt_end_ment_idx":"22","wt_end_ment_name":"[공통] 업무종료 멘트","wt_lunch_start_time":"12:00","wt_lunch_end_time":"13:00","wt_lunch_ment_idx":"74","wt_lunch_ment_name":"[공통] 점심시간(12시~1시)"}
● 2020-11-13 15:34:07 / Fri > Worktime (ajax.gmember_worktime_update) > DEBUG :: Worktime > days ▶ ["1","2","3","4","5"]
● 2020-11-13 15:34:07 / Fri > RequestCurl (teachercall.config) > INFO :: params ▶ {"Agency":"TC0010300","Work_Start":"0820","Work_End":"1620","Work_F_ment":"71","Work_R_ment":"71","Work_E_ment":"22","Work_Days":"12345","Lunch_Start":"1200","Lunch_End":"1300","Lunch_ment":"74"}
● 2020-11-13 15:34:07 / Fri > RequestCurl (teachercall.config) > INFO :: reqUrl ▶ ["http://27.255.100.84:7123/tlogpbx201.asp"]
● 2020-11-13 15:34:07 / Fri > RequestCurl (teachercall.config) > INFO :: plain params ▶ ["Agency=TC0010300&Work_Start=0820&Work_End=1620&Work_F_ment=71&Work_R_ment=71&Work_E_ment=22&Work_Days=12345&Lunch_Start=1200&Lunch_End=1300&Lunch_ment=74"]
● 2020-11-13 15:34:07 / Fri > RequestCurl (teachercall.config) > DEBUG :: Request output ▶ ["{\"Result\":\"1\",\"Agency\":\"TC0010300\",\"DNIS\":\"TC0010300\",\"ErrCode\":\"0\"}\r\n"]
● 2020-11-13 15:34:07 / Fri > Worktime (ajax.gmember_worktime_update) > INFO :: sql ▶ [" update g5_work_time set\n              wt_start_time = '08:20' , wt_end_time = '16:20', wt_work_days = '1,2,3,4,5',\n           wt_fwd_ment_idx = '71', wt_rcv_ment_idx = '71', wt_end_ment_idx = '22'  , wt_lunch_start_time = '12:00', wt_lunch_end_time = '13:00', wt_lunch_ment_idx = '74'     where mb_id = 'tcall_2216722465' and wt_no = '5'     "]
● 2020-11-13 15:36:14 / Fri > Ment (ajax.gmember_ment_update) > DEBUG :: ment_create ▶ {"cm_no":"","cm_type":"0","cm_idx":"","cm_name":"업무 시간","cm_content":"안녕하세요"}
● 2020-11-13 15:36:14 / Fri > RequestCurl (teachercall.config) > INFO :: params ▶ {"Agency":"TC0010300","type":"0","Name":"업무 시간","TtsData":"안녕하세요"}
● 2020-11-13 15:36:14 / Fri > RequestCurl (teachercall.config) > INFO :: reqUrl ▶ ["http://27.255.100.84:7123/tlogpbx101.asp"]
● 2020-11-13 15:36:14 / Fri > RequestCurl (teachercall.config) > INFO :: plain params ▶ ["Agency=TC0010300&type=0&Name=%EC%97%85%EB%AC%B4+%EC%8B%9C%EA%B0%84&TtsData=%EC%95%88%EB%85%95%ED%95%98%EC%84%B8%EC%9A%94"]
● 2020-11-13 15:36:14 / Fri > RequestCurl (teachercall.config) > DEBUG :: Request output ▶ ["{\"Result\":\"1\",\"Agency\":\"TC0010300\",\"DNIS\":\"TC0010300\",\"MentIndex\":\"4595\",\"Filename\":\"TN_TC0010300_20201113-153610.wav\",\"ErrCode\":\"0\"}\r\n"]
● 2020-11-13 15:36:14 / Fri > Ment (ajax.gmember_ment_update) > INFO :: sql ▶ ["insert into g5_call_ment  set\n            mb_id = 'tcall_2216722465', mg_no = '882',\n            cm_idx = '4595', cm_type = '0', cm_name = '업무 시간', cm_content = '안녕하세요',\n              cm_filename = 'TN_TC0010300_20201113-153610.wav' "]
● 2020-11-13 15:37:14 / Fri > Worktime (ajax.gmember_worktime_update) > DEBUG :: Worktime > Post 1 ▶ {"wt_no":"5","wt_start_time":"08:20","wt_end_time":"16:20","work_days":null,"wt_fwd_ment_idx":"4595","wt_fwd_ment_name":"업무 시간","wt_rcv_ment_idx":"71","wt_rcv_ment_name":"[공통] 전화연결[착신] 멘트","wt_end_ment_idx":"22","wt_end_ment_name":"[공통] 업무종료 멘트","wt_lunch_start_time":"12:00","wt_lunch_end_time":"13:00","wt_lunch_ment_idx":"74","wt_lunch_ment_name":"[공통] 점심시간(12시~1시)"}
● 2020-11-13 15:37:14 / Fri > Worktime (ajax.gmember_worktime_update) > DEBUG :: Worktime > days ▶ ["1","2","3","4","5"]
● 2020-11-13 15:37:14 / Fri > RequestCurl (teachercall.config) > INFO :: params ▶ {"Agency":"TC0010300","Work_Start":"0820","Work_End":"1620","Work_F_ment":"4595","Work_R_ment":"71","Work_E_ment":"22","Work_Days":"12345","Lunch_Start":"1200","Lunch_End":"1300","Lunch_ment":"74"}
● 2020-11-13 15:37:14 / Fri > RequestCurl (teachercall.config) > INFO :: reqUrl ▶ ["http://27.255.100.84:7123/tlogpbx201.asp"]
● 2020-11-13 15:37:14 / Fri > RequestCurl (teachercall.config) > INFO :: plain params ▶ ["Agency=TC0010300&Work_Start=0820&Work_End=1620&Work_F_ment=4595&Work_R_ment=71&Work_E_ment=22&Work_Days=12345&Lunch_Start=1200&Lunch_End=1300&Lunch_ment=74"]
● 2020-11-13 15:37:14 / Fri > RequestCurl (teachercall.config) > DEBUG :: Request output ▶ ["{\"Result\":\"1\",\"Agency\":\"TC0010300\",\"DNIS\":\"TC0010300\",\"ErrCode\":\"0\"}\r\n"]
● 2020-11-13 15:37:14 / Fri > Worktime (ajax.gmember_worktime_update) > INFO :: sql ▶ [" update g5_work_time set\n              wt_start_time = '08:20' , wt_end_time = '16:20', wt_work_days = '1,2,3,4,5',\n           wt_fwd_ment_idx = '4595', wt_rcv_ment_idx = '71', wt_end_ment_idx = '22'  , wt_lunch_start_time = '12:00', wt_lunch_end_time = '13:00', wt_lunch_ment_idx = '74'     where mb_id = 'tcall_2216722465' and wt_no = '5'     "]
