● 2020-09-03 12:04:14 / Thu > RequestCurl (common.lib) > INFO :: params ▶ {"Agency":"TC0010300","type":0,"Name":"기본 업무 발신멘트","TtsData":"안녕하십니까 양정초등학교 입니다 통화내용은 녹음되오니 이점 양지하여주시기 바랍니다 행복한 하루되십시오 잠시 후 연결해드리겠습니다 감사합니다"}
● 2020-09-03 12:04:14 / Thu > RequestCurl (common.lib) > INFO :: reqUrl ▶ ["http://27.255.100.84:7123/tlogpbx101.asp"]
● 2020-09-03 12:04:14 / Thu > RequestCurl (common.lib) > INFO :: plain params ▶ ["Agency=TC0010300&type=0&Name=%EA%B8%B0%EB%B3%B8+%EC%97%85%EB%AC%B4+%EB%B0%9C%EC%8B%A0%EB%A9%98%ED%8A%B8&TtsData=%EC%95%88%EB%85%95%ED%95%98%EC%8B%AD%EB%8B%88%EA%B9%8C+%EC%96%91%EC%A0%95%EC%B4%88%EB%93%B1%ED%95%99%EA%B5%90+%EC%9E%85%EB%8B%88%EB%8B%A4+%ED%86%B5%ED%99%94%EB%82%B4%EC%9A%A9%EC%9D%80+%EB%85%B9%EC%9D%8C%EB%90%98%EC%98%A4%EB%8B%88+%EC%9D%B4%EC%A0%90+%EC%96%91%EC%A7%80%ED%95%98%EC%97%AC%EC%A3%BC%EC%8B%9C%EA%B8%B0+%EB%B0%94%EB%9E%8D%EB%8B%88%EB%8B%A4+%ED%96%89%EB%B3%B5%ED%95%9C+%ED%95%98%EB%A3%A8%EB%90%98%EC%8B%AD%EC%8B%9C%EC%98%A4+%EC%9E%A0%EC%8B%9C+%ED%9B%84+%EC%97%B0%EA%B2%B0%ED%95%B4%EB%93%9C%EB%A6%AC%EA%B2%A0%EC%8A%B5%EB%8B%88%EB%8B%A4+%EA%B0%90%EC%82%AC%ED%95%A9%EB%8B%88%EB%8B%A4"]
● 2020-09-03 12:04:16 / Thu > RequestCurl (common.lib) > INFO :: Request output ▶ ["{\"Result\":\"1\",\"Agency\":\"TC0010300\",\"DNIS\":\"TC0010300\",\"MentIndex\":\"4548\",\"Filename\":\"TN_TC0010300_20200903-120414.wav\",\"ErrCode\":\"0\"}\r\n"]
● 2020-09-03 12:04:16 / Thu > RequestCurl (common.lib) > INFO :: params ▶ {"Agency":"TC0010300","Work_Start":"0900","Work_End":"1800","Work_F_ment":"4548","Work_R_ment":"71","Work_E_ment":"22","Work_Days":"12345","Lunch_Start":"1200","Lunch_End":"1300","Lunch_ment":"74"}
● 2020-09-03 12:04:16 / Thu > RequestCurl (common.lib) > INFO :: reqUrl ▶ ["http://27.255.100.84:7123/tlogpbx201.asp"]
● 2020-09-03 12:04:16 / Thu > RequestCurl (common.lib) > INFO :: plain params ▶ ["Agency=TC0010300&Work_Start=0900&Work_End=1800&Work_F_ment=4548&Work_R_ment=71&Work_E_ment=22&Work_Days=12345&Lunch_Start=1200&Lunch_End=1300&Lunch_ment=74"]
● 2020-09-03 12:04:16 / Thu > RequestCurl (common.lib) > INFO :: Request output ▶ ["{\"Result\":\"1\",\"Agency\":\"TC0010300\",\"DNIS\":\"TC0010300\",\"ErrCode\":\"0\"}\r\n"]
● 2020-09-03 12:09:46 / Thu > Worktime (ajax.gmember_worktime_update) > DEBUG :: Worktime > Post 1 ▶ {"wt_no":"5","wt_start_time":"09:00","wt_end_time":"18:00","work_days":null,"wt_fwd_ment_idx":"4548","wt_fwd_ment_name":"기본 업무 발신멘트","wt_rcv_ment_idx":"71","wt_rcv_ment_name":"[공통] 전화연결[착신] 멘트","wt_end_ment_idx":"22","wt_end_ment_name":"[공통] 업무종료 멘트","wt_lunch_start_time":"12:00","wt_lunch_end_time":"13:00","wt_lunch_ment_idx":"74","wt_lunch_ment_name":"[공통] 점심시간(12시~1시)"}
● 2020-09-03 12:09:46 / Thu > Worktime (ajax.gmember_worktime_update) > DEBUG :: Worktime > Post 2 ▶ {"wt_no":"5","wt_start_time":"09:00","wt_end_time":"18:00","work_days":null,"wt_fwd_ment_idx":"4548","wt_fwd_ment_name":"기본 업무 발신멘트","wt_rcv_ment_idx":"71","wt_rcv_ment_name":"[공통] 전화연결[착신] 멘트","wt_end_ment_idx":"22","wt_end_ment_name":"[공통] 업무종료 멘트","wt_lunch_start_time":"12:00","wt_lunch_end_time":"13:00","wt_lunch_ment_idx":"74","wt_lunch_ment_name":"[공통] 점심시간(12시~1시)"}
● 2020-09-03 12:09:46 / Thu > Worktime (ajax.gmember_worktime_update) > DEBUG :: Worktime > days ▶ ["1","2"]
● 2020-09-03 12:09:46 / Thu > RequestCurl (common.lib) > INFO :: params ▶ {"Agency":"TC0010300","Work_Start":"0900","Work_End":"1800","Work_F_ment":"4548","Work_R_ment":"71","Work_E_ment":"22","Work_Days":"12","Lunch_Start":"1200","Lunch_End":"1300","Lunch_ment":"74"}
● 2020-09-03 12:09:46 / Thu > RequestCurl (common.lib) > INFO :: reqUrl ▶ ["http://27.255.100.84:7123/tlogpbx201.asp"]
● 2020-09-03 12:09:46 / Thu > RequestCurl (common.lib) > INFO :: plain params ▶ ["Agency=TC0010300&Work_Start=0900&Work_End=1800&Work_F_ment=4548&Work_R_ment=71&Work_E_ment=22&Work_Days=12&Lunch_Start=1200&Lunch_End=1300&Lunch_ment=74"]
● 2020-09-03 12:09:46 / Thu > RequestCurl (common.lib) > INFO :: Request output ▶ ["{\"Result\":\"1\",\"Agency\":\"TC0010300\",\"DNIS\":\"TC0010300\",\"ErrCode\":\"0\"}\r\n"]
● 2020-09-03 12:09:46 / Thu > Worktime (ajax.gmember_worktime_update) > INFO :: sql ▶ [" update g5_work_time set\n              wt_start_time = '09:00' , wt_end_time = '18:00', wt_work_days = '1,2',\n           wt_fwd_ment_idx = '4548', wt_rcv_ment_idx = '71', wt_end_ment_idx = '22'  , wt_lunch_start_time = '12:00', wt_lunch_end_time = '13:00', wt_lunch_ment_idx = '74'     where mb_id = 'tcall_2216722465' and wt_no = '5'     "]
● 2020-09-03 12:10:18 / Thu > RegisterAuto (curl.tlog_auto_register) > INFO :: post ▶ {"Agency":"TC0010300","Shop_phone":"01022349283","Shop_name":"박명수","Shop_record":"1"}
● 2020-09-03 12:10:18 / Thu > RegisterAuto (curl.tlog_auto_register) > INFO :: url ▶ ["http://27.255.100.84:7123/tlogpbx503.asp?Agency=TC0010300&Shop_phone=01022349283&Shop_name=박명수&Shop_record=1"]
● 2020-09-03 12:10:18 / Thu > RegisterAuto (curl.tlog_auto_register) > INFO :: Request output ▶ ["{\"Result\":\"1\",\"DNIS\":\"050841764280\",\"Agency\":\"TC0010300\",\"ErrCode\":\"0\"}\r\n"]
● 2020-09-03 12:12:43 / Thu > Worktime (ajax.member_worktime_update) > DEBUG :: Post 1 ▶ {"wt_no":"","wt_start_time":"10:11","wt_end_time":"19:00","work_days":null,"wt_fwd_ment_idx":"71","wt_fwd_ment_name":"[공통] 전화연결[착신] 멘트","wt_rcv_ment_idx":"71","wt_rcv_ment_name":"[공통] 전화연결[착신] 멘트","wt_end_ment_idx":"22","wt_end_ment_name":"[공통] 업무종료 멘트","wt_lunch_start_time":"","wt_lunch_end_time":"","wt_lunch_ment_idx":"","wt_lunch_ment_name":""}
● 2020-09-03 12:12:43 / Thu > Worktime (ajax.member_worktime_update) > DEBUG :: Post 2 ▶ {"wt_no":"","wt_start_time":"10:11","wt_end_time":"19:00","work_days":null,"wt_fwd_ment_idx":"71","wt_fwd_ment_name":"[공통] 전화연결[착신] 멘트","wt_rcv_ment_idx":"71","wt_rcv_ment_name":"[공통] 전화연결[착신] 멘트","wt_end_ment_idx":"22","wt_end_ment_name":"[공통] 업무종료 멘트","wt_lunch_start_time":"","wt_lunch_end_time":"","wt_lunch_ment_idx":"","wt_lunch_ment_name":""}
● 2020-09-03 12:12:43 / Thu > Worktime (ajax.member_worktime_update) > DEBUG :: days ▶ ["3","4","5","6"]
● 2020-09-03 12:12:43 / Thu > RequestCurl (common.lib) > INFO :: params ▶ {"Agency":"TC0010300","Work_Start":"1011","Work_End":"1900","Work_F_ment":"71","Work_R_ment":"71","Work_E_ment":"22","Work_Days":"3456","Lunch_Start":"","Lunch_End":"","Lunch_ment":"","DNIS":"050841764280"}
● 2020-09-03 12:12:43 / Thu > RequestCurl (common.lib) > INFO :: reqUrl ▶ ["http://27.255.100.84:7123/tlogpbx201.asp"]
● 2020-09-03 12:12:43 / Thu > RequestCurl (common.lib) > INFO :: plain params ▶ ["Agency=TC0010300&Work_Start=1011&Work_End=1900&Work_F_ment=71&Work_R_ment=71&Work_E_ment=22&Work_Days=3456&Lunch_Start=&Lunch_End=&Lunch_ment=&DNIS=050841764280"]
● 2020-09-03 12:12:43 / Thu > RequestCurl (common.lib) > INFO :: Request output ▶ ["{\"Result\":\"1\",\"Agency\":\"TC0010300\",\"DNIS\":\"050841764280\",\"ErrCode\":\"0\"}\r\n"]
● 2020-09-03 12:12:43 / Thu > Worktime (ajax.member_worktime_update) > INFO :: sql ▶ ["insert into g5_work_time  set\n          mb_id = '050841764280', mg_no = '882', mb_level = '3',\n          wt_start_time = '10:11' , wt_end_time = '19:00', wt_work_days = '3,4,5,6',\n           wt_fwd_ment_idx = '71', wt_rcv_ment_idx = '71', wt_end_ment_idx = '22' "]
● 2020-09-03 12:13:24 / Thu > Worktime (ajax.member_worktime_update) > DEBUG :: Post 1 ▶ {"wt_no":"","wt_start_time":"10:00","wt_end_time":"19:00","work_days":null,"wt_fwd_ment_idx":"71","wt_fwd_ment_name":"[공통] 전화연결[착신] 멘트","wt_rcv_ment_idx":"71","wt_rcv_ment_name":"[공통] 전화연결[착신] 멘트","wt_end_ment_idx":"22","wt_end_ment_name":"[공통] 업무종료 멘트","wt_lunch_start_time":"","wt_lunch_end_time":"","wt_lunch_ment_idx":"","wt_lunch_ment_name":""}
● 2020-09-03 12:13:24 / Thu > Worktime (ajax.member_worktime_update) > DEBUG :: Post 2 ▶ {"wt_no":"","wt_start_time":"10:00","wt_end_time":"19:00","work_days":null,"wt_fwd_ment_idx":"71","wt_fwd_ment_name":"[공통] 전화연결[착신] 멘트","wt_rcv_ment_idx":"71","wt_rcv_ment_name":"[공통] 전화연결[착신] 멘트","wt_end_ment_idx":"22","wt_end_ment_name":"[공통] 업무종료 멘트","wt_lunch_start_time":"","wt_lunch_end_time":"","wt_lunch_ment_idx":"","wt_lunch_ment_name":""}
● 2020-09-03 12:13:24 / Thu > Worktime (ajax.member_worktime_update) > DEBUG :: days ▶ ["3","4","5","6"]
● 2020-09-03 12:13:24 / Thu > RequestCurl (common.lib) > INFO :: params ▶ {"Agency":"TC0010300","Work_Start":"1000","Work_End":"1900","Work_F_ment":"71","Work_R_ment":"71","Work_E_ment":"22","Work_Days":"3456","Lunch_Start":"","Lunch_End":"","Lunch_ment":"","DNIS":"050841764280"}
● 2020-09-03 12:13:24 / Thu > RequestCurl (common.lib) > INFO :: reqUrl ▶ ["http://27.255.100.84:7123/tlogpbx201.asp"]
● 2020-09-03 12:13:24 / Thu > RequestCurl (common.lib) > INFO :: plain params ▶ ["Agency=TC0010300&Work_Start=1000&Work_End=1900&Work_F_ment=71&Work_R_ment=71&Work_E_ment=22&Work_Days=3456&Lunch_Start=&Lunch_End=&Lunch_ment=&DNIS=050841764280"]
● 2020-09-03 12:13:24 / Thu > RequestCurl (common.lib) > INFO :: Request output ▶ ["{\"Result\":\"1\",\"Agency\":\"TC0010300\",\"DNIS\":\"050841764280\",\"ErrCode\":\"0\"}\r\n"]
● 2020-09-03 12:13:24 / Thu > Worktime (ajax.member_worktime_update) > INFO :: sql ▶ [" update g5_work_time set\n              wt_start_time = '10:00' , wt_end_time = '19:00', wt_work_days = '3,4,5,6',\n           wt_fwd_ment_idx = '71', wt_rcv_ment_idx = '71', wt_end_ment_idx = '22'     where mb_id = '050841764280' and wt_no = ''     "]
● 2020-09-03 12:14:25 / Thu > Worktime (ajax.member_worktime_update) > DEBUG :: Post 1 ▶ {"wt_no":"","wt_start_time":"10:00","wt_end_time":"19:00","work_days":null,"wt_fwd_ment_idx":"71","wt_fwd_ment_name":"[공통] 전화연결[착신] 멘트","wt_rcv_ment_idx":"71","wt_rcv_ment_name":"[공통] 전화연결[착신] 멘트","wt_end_ment_idx":"22","wt_end_ment_name":"[공통] 업무종료 멘트","wt_lunch_start_time":"","wt_lunch_end_time":"","wt_lunch_ment_idx":"","wt_lunch_ment_name":""}
● 2020-09-03 12:14:25 / Thu > Worktime (ajax.member_worktime_update) > DEBUG :: Post 2 ▶ {"wt_no":"","wt_start_time":"10:00","wt_end_time":"19:00","work_days":null,"wt_fwd_ment_idx":"71","wt_fwd_ment_name":"[공통] 전화연결[착신] 멘트","wt_rcv_ment_idx":"71","wt_rcv_ment_name":"[공통] 전화연결[착신] 멘트","wt_end_ment_idx":"22","wt_end_ment_name":"[공통] 업무종료 멘트","wt_lunch_start_time":"","wt_lunch_end_time":"","wt_lunch_ment_idx":"","wt_lunch_ment_name":""}
● 2020-09-03 12:14:25 / Thu > Worktime (ajax.member_worktime_update) > DEBUG :: days ▶ ["3","4","5","6","0"]
● 2020-09-03 12:14:25 / Thu > RequestCurl (common.lib) > INFO :: params ▶ {"Agency":"TC0010300","Work_Start":"1000","Work_End":"1900","Work_F_ment":"71","Work_R_ment":"71","Work_E_ment":"22","Work_Days":"34560","Lunch_Start":"","Lunch_End":"","Lunch_ment":"","DNIS":"050841764280"}
● 2020-09-03 12:14:25 / Thu > RequestCurl (common.lib) > INFO :: reqUrl ▶ ["http://27.255.100.84:7123/tlogpbx201.asp"]
● 2020-09-03 12:14:25 / Thu > RequestCurl (common.lib) > INFO :: plain params ▶ ["Agency=TC0010300&Work_Start=1000&Work_End=1900&Work_F_ment=71&Work_R_ment=71&Work_E_ment=22&Work_Days=34560&Lunch_Start=&Lunch_End=&Lunch_ment=&DNIS=050841764280"]
● 2020-09-03 12:14:25 / Thu > RequestCurl (common.lib) > INFO :: Request output ▶ ["{\"Result\":\"1\",\"Agency\":\"TC0010300\",\"DNIS\":\"050841764280\",\"ErrCode\":\"0\"}\r\n"]
● 2020-09-03 12:14:25 / Thu > Worktime (ajax.member_worktime_update) > INFO :: sql ▶ [" update g5_work_time set\n              wt_start_time = '10:00' , wt_end_time = '19:00', wt_work_days = '3,4,5,6,0',\n           wt_fwd_ment_idx = '71', wt_rcv_ment_idx = '71', wt_end_ment_idx = '22'     where mb_id = '050841764280' and wt_no = ''     "]
● 2020-09-03 13:06:14 / Thu > Worktime (ajax.member_worktime_update) > DEBUG :: Post 1 ▶ {"wt_no":"6","wt_start_time":"10:00","wt_end_time":"19:00","work_days":null,"wt_fwd_ment_idx":"71","wt_fwd_ment_name":"[공통] 전화연결[착신] 멘트","wt_rcv_ment_idx":"71","wt_rcv_ment_name":"[공통] 전화연결[착신] 멘트","wt_end_ment_idx":"22","wt_end_ment_name":"[공통] 업무종료 멘트","wt_lunch_start_time":"","wt_lunch_end_time":"","wt_lunch_ment_idx":"","wt_lunch_ment_name":""}
● 2020-09-03 13:06:14 / Thu > Worktime (ajax.member_worktime_update) > DEBUG :: Post 2 ▶ {"wt_no":"6","wt_start_time":"10:00","wt_end_time":"19:00","work_days":null,"wt_fwd_ment_idx":"71","wt_fwd_ment_name":"[공통] 전화연결[착신] 멘트","wt_rcv_ment_idx":"71","wt_rcv_ment_name":"[공통] 전화연결[착신] 멘트","wt_end_ment_idx":"22","wt_end_ment_name":"[공통] 업무종료 멘트","wt_lunch_start_time":"","wt_lunch_end_time":"","wt_lunch_ment_idx":"","wt_lunch_ment_name":""}
● 2020-09-03 13:06:14 / Thu > Worktime (ajax.member_worktime_update) > DEBUG :: days ▶ ["3","4","5","6"]
● 2020-09-03 13:06:14 / Thu > RequestCurl (common.lib) > INFO :: params ▶ {"Agency":"TC0010300","Work_Start":"1000","Work_End":"1900","Work_F_ment":"71","Work_R_ment":"71","Work_E_ment":"22","Work_Days":"3456","Lunch_Start":"","Lunch_End":"","Lunch_ment":"","DNIS":"050841764280"}
● 2020-09-03 13:06:14 / Thu > RequestCurl (common.lib) > INFO :: reqUrl ▶ ["http://27.255.100.84:7123/tlogpbx201.asp"]
● 2020-09-03 13:06:14 / Thu > RequestCurl (common.lib) > INFO :: plain params ▶ ["Agency=TC0010300&Work_Start=1000&Work_End=1900&Work_F_ment=71&Work_R_ment=71&Work_E_ment=22&Work_Days=3456&Lunch_Start=&Lunch_End=&Lunch_ment=&DNIS=050841764280"]
● 2020-09-03 13:06:14 / Thu > RequestCurl (common.lib) > INFO :: Request output ▶ ["{\"Result\":\"1\",\"Agency\":\"TC0010300\",\"DNIS\":\"050841764280\",\"ErrCode\":\"0\"}\r\n"]
● 2020-09-03 13:06:14 / Thu > Worktime (ajax.member_worktime_update) > INFO :: sql ▶ [" update g5_work_time set\n              wt_start_time = '10:00' , wt_end_time = '19:00', wt_work_days = '3,4,5,6',\n           wt_fwd_ment_idx = '71', wt_rcv_ment_idx = '71', wt_end_ment_idx = '22'     where mb_id = '050841764280' and wt_no = '6'     "]
● 2020-09-03 18:31:21 / Thu > RequestCurlGet (common.lib) > INFO :: params ▶ {"Agency":"TC0010100","DNIS":"050841764277"}
● 2020-09-03 18:31:21 / Thu > RequestCurlGet (common.lib) > INFO :: reqUrl ▶ ["http://27.255.100.84:7123/tlogpbx203.asp?Agency=TC0010100&DNIS=050841764277"]
● 2020-09-03 18:31:21 / Thu > RequestCurlGet (common.lib) > INFO :: Request output ▶ ["{\"Result\":\"1\",\"Agency\":\"TC0010100\",\"DNIS\":\"050841764277\",\"ErrCode\":\"0\"}\r\n"]
