● 2020-11-21 15:17:12 / Sat > Ment (ajax.gmember_ment_update) > DEBUG :: ment_create ▶ {"cm_no":"","cm_type":"0","cm_idx":"","cm_name":"양정초","cm_content":"양정초등학교입니다"}
● 2020-11-21 15:17:12 / Sat > RequestCurl (teachercall.config) > INFO :: params ▶ {"Agency":"TC0010300","type":"0","Name":"양정초","TtsData":"양정초등학교입니다"}
● 2020-11-21 15:17:12 / Sat > RequestCurl (teachercall.config) > INFO :: reqUrl ▶ ["http://27.255.100.84:7123/tlogpbx101.asp"]
● 2020-11-21 15:17:12 / Sat > RequestCurl (teachercall.config) > INFO :: plain params ▶ ["Agency=TC0010300&type=0&Name=%EC%96%91%EC%A0%95%EC%B4%88&TtsData=%EC%96%91%EC%A0%95%EC%B4%88%EB%93%B1%ED%95%99%EA%B5%90%EC%9E%85%EB%8B%88%EB%8B%A4"]
● 2020-11-21 15:17:14 / Sat > RequestCurl (teachercall.config) > DEBUG :: Request output ▶ ["{\"Result\":\"1\",\"Agency\":\"TC0010300\",\"DNIS\":\"TC0010300\",\"MentIndex\":\"4598\",\"Filename\":\"TN_TC0010300_20201121-151703.wav\",\"ErrCode\":\"0\"}\r\n"]
● 2020-11-21 15:17:14 / Sat > Ment (ajax.gmember_ment_update) > INFO :: sql ▶ ["insert into g5_call_ment  set\n            mb_id = 'tcall_2216722465', mg_no = '882',\n            cm_idx = '4598', cm_type = '0', cm_name = '양정초', cm_content = '양정초등학교입니다',\n              cm_filename = 'TN_TC0010300_20201121-151703.wav' "]
● 2020-11-21 15:43:48 / Sat > Ment (ajax.member_ment_update) > DEBUG :: ment_create ▶ {"cm_no":"","cm_type":"0","cm_idx":"","cm_name":"휴가일","cm_content":"휴가이니 다음주 전화바랍니다"}
● 2020-11-21 15:43:48 / Sat > RequestCurl (teachercall.config) > INFO :: params ▶ {"Agency":"TC0010100","type":"0","Name":"휴가일","TtsData":"휴가이니 다음주 전화바랍니다","DNIS":"050841764279"}
● 2020-11-21 15:43:48 / Sat > RequestCurl (teachercall.config) > INFO :: reqUrl ▶ ["http://27.255.100.84:7123/tlogpbx101.asp"]
● 2020-11-21 15:43:48 / Sat > RequestCurl (teachercall.config) > INFO :: plain params ▶ ["Agency=TC0010100&type=0&Name=%ED%9C%B4%EA%B0%80%EC%9D%BC&TtsData=%ED%9C%B4%EA%B0%80%EC%9D%B4%EB%8B%88+%EB%8B%A4%EC%9D%8C%EC%A3%BC+%EC%A0%84%ED%99%94%EB%B0%94%EB%9E%8D%EB%8B%88%EB%8B%A4&DNIS=050841764279"]
● 2020-11-21 15:43:49 / Sat > RequestCurl (teachercall.config) > DEBUG :: Request output ▶ ["{\"Result\":\"1\",\"Agency\":\"TC0010100\",\"DNIS\":\"050841764279\",\"MentIndex\":\"4599\",\"Filename\":\"TN_TC0010100_20201121-154339.wav\",\"ErrCode\":\"0\"}\r\n"]
● 2020-11-21 15:43:49 / Sat > Ment (ajax.member_ment_update) > INFO :: sql ▶ ["insert into g5_call_ment  set\n            mb_id = '050841764279', mg_no = '879', mb_level = '2',\n            cm_idx = '4599', cm_type = '0', cm_name = '휴가일', cm_content = '휴가이니 다음주 전화바랍니다',\n              cm_filename = 'TN_TC0010100_20201121-154339.wav' "]
● 2020-11-21 15:44:23 / Sat > Ment (ajax.member_ment_update) > DEBUG :: ment_create ▶ {"cm_no":"28","cm_type":"0","cm_idx":"4599","cm_name":"휴가일","cm_content":"휴가이니 다음주 전화 바랍니다"}
● 2020-11-21 15:44:23 / Sat > RequestCurl (teachercall.config) > INFO :: params ▶ {"Agency":"TC0010100","type":"0","Name":"휴가일","TtsData":"휴가이니 다음주 전화 바랍니다","DNIS":"050841764279","MentIndex":"4599"}
● 2020-11-21 15:44:23 / Sat > RequestCurl (teachercall.config) > INFO :: reqUrl ▶ ["http://27.255.100.84:7123/tlogpbx111.asp"]
● 2020-11-21 15:44:23 / Sat > RequestCurl (teachercall.config) > INFO :: plain params ▶ ["Agency=TC0010100&type=0&Name=%ED%9C%B4%EA%B0%80%EC%9D%BC&TtsData=%ED%9C%B4%EA%B0%80%EC%9D%B4%EB%8B%88+%EB%8B%A4%EC%9D%8C%EC%A3%BC+%EC%A0%84%ED%99%94+%EB%B0%94%EB%9E%8D%EB%8B%88%EB%8B%A4&DNIS=050841764279&MentIndex=4599"]
● 2020-11-21 15:44:23 / Sat > RequestCurl (teachercall.config) > DEBUG :: Request output ▶ ["{\"Result\":\"1\",\"Agency\":\"TC0010100\",\"MentIndex\":\"4599\",\"DNIS\":\"050841764279\",\"ErrCode\":\"0\"}\r\n"]
● 2020-11-21 15:44:23 / Sat > RequestCurl (teachercall.config) > INFO :: params ▶ {"Agency":"TC0010100","type":"0","Name":"휴가일","TtsData":"휴가이니 다음주 전화 바랍니다","DNIS":"050841764279","MentIndex":"4599"}
● 2020-11-21 15:44:23 / Sat > RequestCurl (teachercall.config) > INFO :: reqUrl ▶ ["http://27.255.100.84:7123/tlogpbx101.asp"]
● 2020-11-21 15:44:23 / Sat > RequestCurl (teachercall.config) > INFO :: plain params ▶ ["Agency=TC0010100&type=0&Name=%ED%9C%B4%EA%B0%80%EC%9D%BC&TtsData=%ED%9C%B4%EA%B0%80%EC%9D%B4%EB%8B%88+%EB%8B%A4%EC%9D%8C%EC%A3%BC+%EC%A0%84%ED%99%94+%EB%B0%94%EB%9E%8D%EB%8B%88%EB%8B%A4&DNIS=050841764279&MentIndex=4599"]
● 2020-11-21 15:44:24 / Sat > RequestCurl (teachercall.config) > DEBUG :: Request output ▶ ["{\"Result\":\"1\",\"Agency\":\"TC0010100\",\"DNIS\":\"050841764279\",\"MentIndex\":\"4600\",\"Filename\":\"TN_TC0010100_20201121-154414.wav\",\"ErrCode\":\"0\"}\r\n"]
● 2020-11-21 15:44:24 / Sat > Ment (ajax.member_ment_update) > INFO :: sql ▶ [" update g5_call_ment  set\n                   cm_idx = '4600', cm_type = '0', cm_name = '휴가일', cm_content = '휴가이니 다음주 전화 바랍니다',\n                   cm_filename = 'TN_TC0010100_20201121-154414.wav'\n                   where mb_id = '050841764279' and cm_no = '28'\n                     "]
