● 2020-11-04 18:12:30 / Wed > sql (ajax.group_fcm_request) > INFO :: query ▶ ["select * from g5_member where mb_1 = '883' and mb_level = '3' "]
● 2020-11-04 18:12:46 / Wed > sql (ajax.group_fcm_request) > INFO :: query ▶ ["select * from g5_member where mb_1 = '883' and mb_level = '3' "]
● 2020-11-04 18:15:27 / Wed > sql (ajax.group_fcm_request) > INFO :: query ▶ ["select * from g5_member where mb_1 = '879' and mb_level = '3' "]
● 2020-11-04 18:15:27 / Wed > sql (ajax.group_fcm_request) > INFO :: sub ▶ [" insert g5_adm_fcm_log set\r\n        fcm_req_type = 'G',\r\n        mb_id = '050841764276', mg_no = '879',\r\n        fcm_dev_type = '',\r\n        fcm_stat = 'R', fcm_msg_type  = 'alert', fcm_msg = 'ㄴㄴㅇㄹㄴㅇㄹㄴㅇㄹㄴㄹ',\r\n        fcm_link = '',  fcm_booking_datetime = ''  "]
● 2020-11-04 18:15:27 / Wed > sql (ajax.group_fcm_request) > INFO :: sub ▶ [" insert g5_adm_fcm_log set\r\n        fcm_req_type = 'G',\r\n        mb_id = '050841764277', mg_no = '879',\r\n        fcm_dev_type = '',\r\n        fcm_stat = 'R', fcm_msg_type  = 'alert', fcm_msg = 'ㄴㄴㅇㄹㄴㅇㄹㄴㅇㄹㄴㄹ',\r\n        fcm_link = '',  fcm_booking_datetime = ''  "]
● 2020-11-04 18:15:27 / Wed > sql (ajax.group_fcm_request) > INFO :: sub ▶ [" insert g5_adm_fcm_log set\r\n        fcm_req_type = 'G',\r\n        mb_id = '050841764278', mg_no = '879',\r\n        fcm_dev_type = '',\r\n        fcm_stat = 'R', fcm_msg_type  = 'alert', fcm_msg = 'ㄴㄴㅇㄹㄴㅇㄹㄴㅇㄹㄴㄹ',\r\n        fcm_link = '',  fcm_booking_datetime = ''  "]
● 2020-11-04 18:15:27 / Wed > sql (ajax.group_fcm_request) > INFO :: sub ▶ [" insert g5_adm_fcm_log set\r\n        fcm_req_type = 'G',\r\n        mb_id = '050841764279', mg_no = '879',\r\n        fcm_dev_type = '',\r\n        fcm_stat = 'R', fcm_msg_type  = 'alert', fcm_msg = 'ㄴㄴㅇㄹㄴㅇㄹㄴㅇㄹㄴㄹ',\r\n        fcm_link = '',  fcm_booking_datetime = ''  "]
● 2020-11-04 18:17:08 / Wed > sql (ajax.group_fcm_request) > INFO :: query ▶ ["select * from g5_member where mb_1 = '879' and mb_level = '3' "]
● 2020-11-04 18:17:08 / Wed > sql (ajax.group_fcm_request) > INFO :: sub ▶ [" insert g5_adm_fcm_log set\r\n        fcm_req_type = 'G',\r\n        mb_id = '050841764276', mg_no = '879',\r\n        fcm_dev_type = '',\r\n        fcm_stat = 'R', fcm_msg_type  = 'alert', fcm_msg = 'ㄴㅇㄹㄴㅇㄹㄴㅇㄹㅇㄴㄹㄴㅇㄹ',\r\n        fcm_link = '',  fcm_booking_datetime = ''  "]
● 2020-11-04 18:17:08 / Wed > sql (ajax.group_fcm_request) > INFO :: sub ▶ [" insert g5_adm_fcm_log set\r\n        fcm_req_type = 'G',\r\n        mb_id = '050841764277', mg_no = '879',\r\n        fcm_dev_type = '',\r\n        fcm_stat = 'R', fcm_msg_type  = 'alert', fcm_msg = 'ㄴㅇㄹㄴㅇㄹㄴㅇㄹㅇㄴㄹㄴㅇㄹ',\r\n        fcm_link = '',  fcm_booking_datetime = ''  "]
● 2020-11-04 18:17:08 / Wed > sql (ajax.group_fcm_request) > INFO :: sub ▶ [" insert g5_adm_fcm_log set\r\n        fcm_req_type = 'G',\r\n        mb_id = '050841764278', mg_no = '879',\r\n        fcm_dev_type = '',\r\n        fcm_stat = 'R', fcm_msg_type  = 'alert', fcm_msg = 'ㄴㅇㄹㄴㅇㄹㄴㅇㄹㅇㄴㄹㄴㅇㄹ',\r\n        fcm_link = '',  fcm_booking_datetime = ''  "]
● 2020-11-04 18:17:08 / Wed > sql (ajax.group_fcm_request) > INFO :: sub ▶ [" insert g5_adm_fcm_log set\r\n        fcm_req_type = 'G',\r\n        mb_id = '050841764279', mg_no = '879',\r\n        fcm_dev_type = '',\r\n        fcm_stat = 'R', fcm_msg_type  = 'alert', fcm_msg = 'ㄴㅇㄹㄴㅇㄹㄴㅇㄹㅇㄴㄹㄴㅇㄹ',\r\n        fcm_link = '',  fcm_booking_datetime = ''  "]
● 2020-11-04 18:20:02 / Wed > sql (ajax.group_fcm_request) > INFO :: query ▶ ["select * from g5_member where mb_1 = '879' and mb_level = '3' "]
● 2020-11-04 18:20:02 / Wed > sql (ajax.group_fcm_request) > INFO :: sub ▶ [" insert g5_adm_fcm_log set\r\n        fcm_req_type = 'G',\r\n        mb_id = '050841764276', mg_no = '879',\r\n        fcm_dev_type = '',\r\n        fcm_stat = 'R', fcm_msg_type  = 'alert', fcm_msg = 'ㅇㄴㄹㄴㅇㄹㄴㅇㄹㄴㅇㄹㄹ',\r\n        fcm_link = '',  fcm_booking_datetime = ''  "]
● 2020-11-04 18:20:02 / Wed > sql (ajax.group_fcm_request) > INFO :: sub ▶ [" insert g5_adm_fcm_log set\r\n        fcm_req_type = 'G',\r\n        mb_id = '050841764277', mg_no = '879',\r\n        fcm_dev_type = '',\r\n        fcm_stat = 'R', fcm_msg_type  = 'alert', fcm_msg = 'ㅇㄴㄹㄴㅇㄹㄴㅇㄹㄴㅇㄹㄹ',\r\n        fcm_link = '',  fcm_booking_datetime = ''  "]
● 2020-11-04 18:20:02 / Wed > sql (ajax.group_fcm_request) > INFO :: sub ▶ [" insert g5_adm_fcm_log set\r\n        fcm_req_type = 'G',\r\n        mb_id = '050841764278', mg_no = '879',\r\n        fcm_dev_type = '',\r\n        fcm_stat = 'R', fcm_msg_type  = 'alert', fcm_msg = 'ㅇㄴㄹㄴㅇㄹㄴㅇㄹㄴㅇㄹㄹ',\r\n        fcm_link = '',  fcm_booking_datetime = ''  "]
● 2020-11-04 18:20:02 / Wed > sql (ajax.group_fcm_request) > INFO :: sub ▶ [" insert g5_adm_fcm_log set\r\n        fcm_req_type = 'G',\r\n        mb_id = '050841764279', mg_no = '879',\r\n        fcm_dev_type = '',\r\n        fcm_stat = 'R', fcm_msg_type  = 'alert', fcm_msg = 'ㅇㄴㄹㄴㅇㄹㄴㅇㄹㄴㅇㄹㄹ',\r\n        fcm_link = '',  fcm_booking_datetime = ''  "]
● 2020-11-04 18:20:58 / Wed > sql (ajax.group_fcm_request) > INFO :: booking ▶ ["2020-11-13 02:00"]
● 2020-11-04 18:20:58 / Wed > sql (ajax.group_fcm_request) > INFO :: query ▶ ["select * from g5_member where mb_1 = '879' and mb_level = '3' "]
● 2020-11-04 18:20:58 / Wed > sql (ajax.group_fcm_request) > INFO :: sub ▶ [" insert g5_adm_fcm_log set\r\n        fcm_req_type = 'G',\r\n        mb_id = '050841764276', mg_no = '879',\r\n        fcm_dev_type = '',\r\n        fcm_stat = 'R', fcm_msg_type  = 'alert', fcm_msg = 'ㄴㅇㄹㄴㅇㄹㅇㄴㄹㄴㅇㄹㅇㄴㄹ',\r\n        fcm_link = '',  fcm_booking_datetime = ''  "]
● 2020-11-04 18:20:58 / Wed > sql (ajax.group_fcm_request) > INFO :: sub ▶ [" insert g5_adm_fcm_log set\r\n        fcm_req_type = 'G',\r\n        mb_id = '050841764277', mg_no = '879',\r\n        fcm_dev_type = '',\r\n        fcm_stat = 'R', fcm_msg_type  = 'alert', fcm_msg = 'ㄴㅇㄹㄴㅇㄹㅇㄴㄹㄴㅇㄹㅇㄴㄹ',\r\n        fcm_link = '',  fcm_booking_datetime = ''  "]
● 2020-11-04 18:20:58 / Wed > sql (ajax.group_fcm_request) > INFO :: sub ▶ [" insert g5_adm_fcm_log set\r\n        fcm_req_type = 'G',\r\n        mb_id = '050841764278', mg_no = '879',\r\n        fcm_dev_type = '',\r\n        fcm_stat = 'R', fcm_msg_type  = 'alert', fcm_msg = 'ㄴㅇㄹㄴㅇㄹㅇㄴㄹㄴㅇㄹㅇㄴㄹ',\r\n        fcm_link = '',  fcm_booking_datetime = ''  "]
● 2020-11-04 18:20:58 / Wed > sql (ajax.group_fcm_request) > INFO :: sub ▶ [" insert g5_adm_fcm_log set\r\n        fcm_req_type = 'G',\r\n        mb_id = '050841764279', mg_no = '879',\r\n        fcm_dev_type = '',\r\n        fcm_stat = 'R', fcm_msg_type  = 'alert', fcm_msg = 'ㄴㅇㄹㄴㅇㄹㅇㄴㄹㄴㅇㄹㅇㄴㄹ',\r\n        fcm_link = '',  fcm_booking_datetime = ''  "]
● 2020-11-04 18:22:15 / Wed > sql (ajax.group_fcm_request) > INFO :: booking ▶ ["2020-11-07 01:30"]
● 2020-11-04 18:22:15 / Wed > sql (ajax.group_fcm_request) > INFO :: query ▶ ["select * from g5_member where mb_1 = '879' and mb_level = '3' "]
● 2020-11-04 18:22:15 / Wed > sql (ajax.group_fcm_request) > INFO :: sub ▶ [" insert g5_adm_fcm_log set\r\n        fcm_req_type = 'G',\r\n        mb_id = '050841764276', mg_no = '879',\r\n        fcm_dev_type = '',\r\n        fcm_stat = 'R', fcm_msg_type  = 'alert', fcm_msg = 'ㅇㄴㄹㄴㅇㄹㄴㄹㄴㄹㄴㅇㄹㄴㅇㄹ\r\nㄴㅇㄹ\r\nㄴㅇㄹ\r\nㄴㅇㄹ\r\nㄴㅇㄹㄴㅇㄹㄴㅇㄹㅇㄴㄹㄴㅇㄹ',\r\n        fcm_link = '',  fcm_booking_datetime = '2020-11-07 01:30:00'  "]
● 2020-11-04 18:22:15 / Wed > sql (ajax.group_fcm_request) > INFO :: sub ▶ [" insert g5_adm_fcm_log set\r\n        fcm_req_type = 'G',\r\n        mb_id = '050841764277', mg_no = '879',\r\n        fcm_dev_type = '',\r\n        fcm_stat = 'R', fcm_msg_type  = 'alert', fcm_msg = 'ㅇㄴㄹㄴㅇㄹㄴㄹㄴㄹㄴㅇㄹㄴㅇㄹ\r\nㄴㅇㄹ\r\nㄴㅇㄹ\r\nㄴㅇㄹ\r\nㄴㅇㄹㄴㅇㄹㄴㅇㄹㅇㄴㄹㄴㅇㄹ',\r\n        fcm_link = '',  fcm_booking_datetime = '2020-11-07 01:30:00:00'  "]
● 2020-11-04 18:22:15 / Wed > sql (ajax.group_fcm_request) > INFO :: sub ▶ [" insert g5_adm_fcm_log set\r\n        fcm_req_type = 'G',\r\n        mb_id = '050841764278', mg_no = '879',\r\n        fcm_dev_type = '',\r\n        fcm_stat = 'R', fcm_msg_type  = 'alert', fcm_msg = 'ㅇㄴㄹㄴㅇㄹㄴㄹㄴㄹㄴㅇㄹㄴㅇㄹ\r\nㄴㅇㄹ\r\nㄴㅇㄹ\r\nㄴㅇㄹ\r\nㄴㅇㄹㄴㅇㄹㄴㅇㄹㅇㄴㄹㄴㅇㄹ',\r\n        fcm_link = '',  fcm_booking_datetime = '2020-11-07 01:30:00:00:00'  "]
● 2020-11-04 18:22:15 / Wed > sql (ajax.group_fcm_request) > INFO :: sub ▶ [" insert g5_adm_fcm_log set\r\n        fcm_req_type = 'G',\r\n        mb_id = '050841764279', mg_no = '879',\r\n        fcm_dev_type = '',\r\n        fcm_stat = 'R', fcm_msg_type  = 'alert', fcm_msg = 'ㅇㄴㄹㄴㅇㄹㄴㄹㄴㄹㄴㅇㄹㄴㅇㄹ\r\nㄴㅇㄹ\r\nㄴㅇㄹ\r\nㄴㅇㄹ\r\nㄴㅇㄹㄴㅇㄹㄴㅇㄹㅇㄴㄹㄴㅇㄹ',\r\n        fcm_link = '',  fcm_booking_datetime = '2020-11-07 01:30:00:00:00:00'  "]
● 2020-11-04 18:23:39 / Wed > sql (ajax.group_fcm_request) > INFO :: booking ▶ ["2020-11-13 02:00"]
● 2020-11-04 18:23:39 / Wed > sql (ajax.group_fcm_request) > INFO :: query ▶ ["select * from g5_member where mb_1 = '879' and mb_level = '3' "]
● 2020-11-04 18:23:39 / Wed > sql (ajax.group_fcm_request) > INFO :: sub ▶ [" insert g5_adm_fcm_log set\r\n        fcm_req_type = 'G',\r\n        mb_id = '050841764276', mg_no = '879',\r\n        fcm_dev_type = '',\r\n        fcm_stat = 'R', fcm_msg_type  = 'alert', fcm_msg = 'ㄴㅇㄹㄴㅇㄹㄴㅇㄹㄴ\r\nㅇㄹㄴㅇ\r\nㄹㄴㅇ\r\nㄹㄴㅇ\r\nㄹㄴㅇㄹㄴㅇㄹㅇㄴㄹ',\r\n        fcm_link = '',  fcm_booking_datetime = '2020-11-13 02:00:00'  "]
● 2020-11-04 18:23:39 / Wed > sql (ajax.group_fcm_request) > INFO :: sub ▶ [" insert g5_adm_fcm_log set\r\n        fcm_req_type = 'G',\r\n        mb_id = '050841764277', mg_no = '879',\r\n        fcm_dev_type = '',\r\n        fcm_stat = 'R', fcm_msg_type  = 'alert', fcm_msg = 'ㄴㅇㄹㄴㅇㄹㄴㅇㄹㄴ\r\nㅇㄹㄴㅇ\r\nㄹㄴㅇ\r\nㄹㄴㅇ\r\nㄹㄴㅇㄹㄴㅇㄹㅇㄴㄹ',\r\n        fcm_link = '',  fcm_booking_datetime = '2020-11-13 02:00:00'  "]
● 2020-11-04 18:23:39 / Wed > sql (ajax.group_fcm_request) > INFO :: sub ▶ [" insert g5_adm_fcm_log set\r\n        fcm_req_type = 'G',\r\n        mb_id = '050841764278', mg_no = '879',\r\n        fcm_dev_type = '',\r\n        fcm_stat = 'R', fcm_msg_type  = 'alert', fcm_msg = 'ㄴㅇㄹㄴㅇㄹㄴㅇㄹㄴ\r\nㅇㄹㄴㅇ\r\nㄹㄴㅇ\r\nㄹㄴㅇ\r\nㄹㄴㅇㄹㄴㅇㄹㅇㄴㄹ',\r\n        fcm_link = '',  fcm_booking_datetime = '2020-11-13 02:00:00'  "]
● 2020-11-04 18:23:39 / Wed > sql (ajax.group_fcm_request) > INFO :: sub ▶ [" insert g5_adm_fcm_log set\r\n        fcm_req_type = 'G',\r\n        mb_id = '050841764279', mg_no = '879',\r\n        fcm_dev_type = '',\r\n        fcm_stat = 'R', fcm_msg_type  = 'alert', fcm_msg = 'ㄴㅇㄹㄴㅇㄹㄴㅇㄹㄴ\r\nㅇㄹㄴㅇ\r\nㄹㄴㅇ\r\nㄹㄴㅇ\r\nㄹㄴㅇㄹㄴㅇㄹㅇㄴㄹ',\r\n        fcm_link = '',  fcm_booking_datetime = '2020-11-13 02:00:00'  "]
● 2020-11-04 18:30:36 / Wed > sql (ajax.group_fcm_request) > INFO :: booking ▶ ["2020-11-06 02:00"]
● 2020-11-04 18:30:36 / Wed > sql (ajax.group_fcm_request) > INFO :: query ▶ ["select * from g5_member where mb_1 = '879' and mb_level = '3' "]
● 2020-11-04 18:30:36 / Wed > sql (ajax.group_fcm_request) > INFO :: sub ▶ [" insert g5_adm_fcm_log set\r\n        fcm_req_type = 'G',\r\n        mb_id = '050841764276', mg_no = '879',\r\n        fcm_dev_type = '',\r\n        fcm_stat = 'R', fcm_msg_type  = 'alert', fcm_msg = 'ㄴㅇㅇㅇㅇㅇㅇㅇㅇㅇㅇㅇㅇㅇㅇ\r\nㄴㅇㄹㄴㅇㄹㄴㅇㄹㄴㅇㄹ',\r\n        fcm_link = '',  fcm_booking_datetime = '2020-11-06 02:00:00'  "]
● 2020-11-04 18:30:36 / Wed > sql (ajax.group_fcm_request) > INFO :: sub ▶ [" insert g5_adm_fcm_log set\r\n        fcm_req_type = 'G',\r\n        mb_id = '050841764277', mg_no = '879',\r\n        fcm_dev_type = '',\r\n        fcm_stat = 'R', fcm_msg_type  = 'alert', fcm_msg = 'ㄴㅇㅇㅇㅇㅇㅇㅇㅇㅇㅇㅇㅇㅇㅇ\r\nㄴㅇㄹㄴㅇㄹㄴㅇㄹㄴㅇㄹ',\r\n        fcm_link = '',  fcm_booking_datetime = '2020-11-06 02:00:00'  "]
● 2020-11-04 18:30:36 / Wed > sql (ajax.group_fcm_request) > INFO :: sub ▶ [" insert g5_adm_fcm_log set\r\n        fcm_req_type = 'G',\r\n        mb_id = '050841764278', mg_no = '879',\r\n        fcm_dev_type = '',\r\n        fcm_stat = 'R', fcm_msg_type  = 'alert', fcm_msg = 'ㄴㅇㅇㅇㅇㅇㅇㅇㅇㅇㅇㅇㅇㅇㅇ\r\nㄴㅇㄹㄴㅇㄹㄴㅇㄹㄴㅇㄹ',\r\n        fcm_link = '',  fcm_booking_datetime = '2020-11-06 02:00:00'  "]
● 2020-11-04 18:30:36 / Wed > sql (ajax.group_fcm_request) > INFO :: sub ▶ [" insert g5_adm_fcm_log set\r\n        fcm_req_type = 'G',\r\n        mb_id = '050841764279', mg_no = '879',\r\n        fcm_dev_type = '',\r\n        fcm_stat = 'R', fcm_msg_type  = 'alert', fcm_msg = 'ㄴㅇㅇㅇㅇㅇㅇㅇㅇㅇㅇㅇㅇㅇㅇ\r\nㄴㅇㄹㄴㅇㄹㄴㅇㄹㄴㅇㄹ',\r\n        fcm_link = '',  fcm_booking_datetime = '2020-11-06 02:00:00'  "]
● 2020-11-04 18:30:36 / Wed > sql (ajax.group_fcm_request) > INFO :: result ▶ ["뉴거제초등학교 학교 / 2020-11-06 02:00:00 일자 / 회원 4 명 예약전송 요청 되었습니다. "]
● 2020-11-04 18:31:37 / Wed > sql (ajax.group_fcm_request) > INFO :: booking ▶ ["2020-11-06 03:00"]
● 2020-11-04 18:31:37 / Wed > sql (ajax.group_fcm_request) > INFO :: query ▶ ["select * from g5_member where mb_1 = '879' and mb_level = '3' "]
● 2020-11-04 18:31:37 / Wed > sql (ajax.group_fcm_request) > INFO :: sub ▶ [" insert g5_adm_fcm_log set\r\n        fcm_req_type = 'G',\r\n        mb_id = '050841764276', mg_no = '879',\r\n        fcm_dev_type = '',\r\n        fcm_stat = 'R', fcm_msg_type  = 'alert', fcm_msg = 'ㄴㅇㄹㄴㅇㄹㄴㅇㄹㄴㅇ',\r\n        fcm_link = 'http://daum.net',  fcm_booking_datetime = '2020-11-06 03:00:00'  "]
● 2020-11-04 18:31:37 / Wed > sql (ajax.group_fcm_request) > INFO :: sub ▶ [" insert g5_adm_fcm_log set\r\n        fcm_req_type = 'G',\r\n        mb_id = '050841764277', mg_no = '879',\r\n        fcm_dev_type = '',\r\n        fcm_stat = 'R', fcm_msg_type  = 'alert', fcm_msg = 'ㄴㅇㄹㄴㅇㄹㄴㅇㄹㄴㅇ',\r\n        fcm_link = 'http://daum.net',  fcm_booking_datetime = '2020-11-06 03:00:00'  "]
● 2020-11-04 18:31:37 / Wed > sql (ajax.group_fcm_request) > INFO :: sub ▶ [" insert g5_adm_fcm_log set\r\n        fcm_req_type = 'G',\r\n        mb_id = '050841764278', mg_no = '879',\r\n        fcm_dev_type = '',\r\n        fcm_stat = 'R', fcm_msg_type  = 'alert', fcm_msg = 'ㄴㅇㄹㄴㅇㄹㄴㅇㄹㄴㅇ',\r\n        fcm_link = 'http://daum.net',  fcm_booking_datetime = '2020-11-06 03:00:00'  "]
● 2020-11-04 18:31:37 / Wed > sql (ajax.group_fcm_request) > INFO :: sub ▶ [" insert g5_adm_fcm_log set\r\n        fcm_req_type = 'G',\r\n        mb_id = '050841764279', mg_no = '879',\r\n        fcm_dev_type = '',\r\n        fcm_stat = 'R', fcm_msg_type  = 'alert', fcm_msg = 'ㄴㅇㄹㄴㅇㄹㄴㅇㄹㄴㅇ',\r\n        fcm_link = 'http://daum.net',  fcm_booking_datetime = '2020-11-06 03:00:00'  "]
● 2020-11-04 18:33:55 / Wed > sql (ajax.group_fcm_request) > INFO :: booking ▶ ["2020-11-13 02:00"]
● 2020-11-04 18:33:55 / Wed > sql (ajax.group_fcm_request) > INFO :: query ▶ ["select * from g5_member where mb_1 = '879' and mb_level = '3' "]
● 2020-11-04 18:33:55 / Wed > sql (ajax.group_fcm_request) > INFO :: sub ▶ [" insert g5_adm_fcm_log set\r\n        fcm_req_type = 'G',\r\n        mb_id = '050841764276', mg_no = '879',\r\n        fcm_dev_type = '',\r\n        fcm_stat = 'R', fcm_msg_type  = 'alert', fcm_msg = '푸쉬테스트11111\r\n푸쉬테스트11111\r\n푸쉬테스트11111\r\n푸쉬테스트11111',\r\n        fcm_link = '',  fcm_booking_datetime = '2020-11-13 02:00:00'  "]
● 2020-11-04 18:33:55 / Wed > sql (ajax.group_fcm_request) > INFO :: sub ▶ [" insert g5_adm_fcm_log set\r\n        fcm_req_type = 'G',\r\n        mb_id = '050841764277', mg_no = '879',\r\n        fcm_dev_type = '',\r\n        fcm_stat = 'R', fcm_msg_type  = 'alert', fcm_msg = '푸쉬테스트11111\r\n푸쉬테스트11111\r\n푸쉬테스트11111\r\n푸쉬테스트11111',\r\n        fcm_link = '',  fcm_booking_datetime = '2020-11-13 02:00:00'  "]
● 2020-11-04 18:33:55 / Wed > sql (ajax.group_fcm_request) > INFO :: sub ▶ [" insert g5_adm_fcm_log set\r\n        fcm_req_type = 'G',\r\n        mb_id = '050841764278', mg_no = '879',\r\n        fcm_dev_type = '',\r\n        fcm_stat = 'R', fcm_msg_type  = 'alert', fcm_msg = '푸쉬테스트11111\r\n푸쉬테스트11111\r\n푸쉬테스트11111\r\n푸쉬테스트11111',\r\n        fcm_link = '',  fcm_booking_datetime = '2020-11-13 02:00:00'  "]
● 2020-11-04 18:33:55 / Wed > sql (ajax.group_fcm_request) > INFO :: sub ▶ [" insert g5_adm_fcm_log set\r\n        fcm_req_type = 'G',\r\n        mb_id = '050841764279', mg_no = '879',\r\n        fcm_dev_type = '',\r\n        fcm_stat = 'R', fcm_msg_type  = 'alert', fcm_msg = '푸쉬테스트11111\r\n푸쉬테스트11111\r\n푸쉬테스트11111\r\n푸쉬테스트11111',\r\n        fcm_link = '',  fcm_booking_datetime = '2020-11-13 02:00:00'  "]
● 2020-11-04 18:34:46 / Wed > sql (ajax.group_fcm_request) > INFO :: booking ▶ ["2020-11-13 02:00"]
● 2020-11-04 18:34:46 / Wed > sql (ajax.group_fcm_request) > INFO :: query ▶ ["select * from g5_member where mb_1 = '879' and mb_level = '3' "]
● 2020-11-04 18:34:46 / Wed > sql (ajax.group_fcm_request) > INFO :: sub ▶ [" insert g5_adm_fcm_log set\r\n        fcm_req_type = 'G', fcm_grp_id = '1',\r\n        mb_id = '050841764276', mg_no = '879',\r\n        fcm_dev_type = '',\r\n        fcm_stat = 'R', fcm_msg_type  = 'alert', fcm_msg = '22ㅇㄴㄹㄴ\r\nㄴㅇㄹㄴㅇㄹㅇㄴㄹㄴㄹㄴㅇㄹㄴㅇㄹ',\r\n        fcm_link = '',  fcm_booking_datetime = '2020-11-13 02:00:00'  "]
● 2020-11-04 18:34:46 / Wed > sql (ajax.group_fcm_request) > INFO :: sub ▶ [" insert g5_adm_fcm_log set\r\n        fcm_req_type = 'G', fcm_grp_id = '1',\r\n        mb_id = '050841764277', mg_no = '879',\r\n        fcm_dev_type = '',\r\n        fcm_stat = 'R', fcm_msg_type  = 'alert', fcm_msg = '22ㅇㄴㄹㄴ\r\nㄴㅇㄹㄴㅇㄹㅇㄴㄹㄴㄹㄴㅇㄹㄴㅇㄹ',\r\n        fcm_link = '',  fcm_booking_datetime = '2020-11-13 02:00:00'  "]
● 2020-11-04 18:34:46 / Wed > sql (ajax.group_fcm_request) > INFO :: sub ▶ [" insert g5_adm_fcm_log set\r\n        fcm_req_type = 'G', fcm_grp_id = '1',\r\n        mb_id = '050841764278', mg_no = '879',\r\n        fcm_dev_type = '',\r\n        fcm_stat = 'R', fcm_msg_type  = 'alert', fcm_msg = '22ㅇㄴㄹㄴ\r\nㄴㅇㄹㄴㅇㄹㅇㄴㄹㄴㄹㄴㅇㄹㄴㅇㄹ',\r\n        fcm_link = '',  fcm_booking_datetime = '2020-11-13 02:00:00'  "]
● 2020-11-04 18:34:46 / Wed > sql (ajax.group_fcm_request) > INFO :: sub ▶ [" insert g5_adm_fcm_log set\r\n        fcm_req_type = 'G', fcm_grp_id = '1',\r\n        mb_id = '050841764279', mg_no = '879',\r\n        fcm_dev_type = '',\r\n        fcm_stat = 'R', fcm_msg_type  = 'alert', fcm_msg = '22ㅇㄴㄹㄴ\r\nㄴㅇㄹㄴㅇㄹㅇㄴㄹㄴㄹㄴㅇㄹㄴㅇㄹ',\r\n        fcm_link = '',  fcm_booking_datetime = '2020-11-13 02:00:00'  "]
