● 2020-08-20 14:53:59 / Thu > UpdateCallStat (ajax.mb_call_stat_update) > INFO :: query ▶ ["update   g5_member   set  mb_call_stat ='H', mb_call_datetime = sysdate()   where mb_id = '050841764277' and mb_1 = '879' "]
● 2020-08-20 14:56:03 / Thu > UpdateCallStat (ajax.mb_call_stat_update) > INFO :: query ▶ ["update   g5_member   set  mb_call_stat ='A', mb_call_datetime = sysdate()   where mb_id = '050841764277' and mb_1 = '879' "]
● 2020-08-20 14:58:06 / Thu > Ment (ajax.gmember_ment_update) > DEBUG :: ment_create ▶ {"cm_no":"","cm_type":"0","cm_idx":"","cm_name":"업무종료","cm_content":"업무가 종료되었습니다"}
● 2020-08-20 14:58:06 / Thu > RequestCurl (common.lib) > INFO :: params ▶ {"Agency":"TC0010100","type":"0","Name":"업무종료","TtsData":"업무가 종료되었습니다"}
● 2020-08-20 14:58:06 / Thu > RequestCurl (common.lib) > INFO :: reqUrl ▶ ["http://27.255.100.84:7123/tlogpbx101.asp"]
● 2020-08-20 14:58:06 / Thu > RequestCurl (common.lib) > INFO :: plain params ▶ ["Agency=TC0010100&type=0&Name=%EC%97%85%EB%AC%B4%EC%A2%85%EB%A3%8C&TtsData=%EC%97%85%EB%AC%B4%EA%B0%80+%EC%A2%85%EB%A3%8C%EB%90%98%EC%97%88%EC%8A%B5%EB%8B%88%EB%8B%A4"]
● 2020-08-20 14:58:07 / Thu > RequestCurl (common.lib) > INFO :: Request output ▶ ["{\"Result\":\"1\",\"Agency\":\"TC0010100\",\"DNIS\":\"TC0010100\",\"MentIndex\":\"4519\",\"Filename\":\"TN_TC0010100_20200820-145805.wav\",\"ErrCode\":\"0\"}\r\n"]
● 2020-08-20 14:58:07 / Thu > Ment (ajax.gmember_ment_update) > INFO :: sql ▶ ["insert into g5_call_ment  set\n            mb_id = 'tcall_2214665013', mg_no = '879',\n            cm_idx = '4519', cm_type = '0', cm_name = '업무종료', cm_content = '업무가 종료되었습니다',\n              cm_filename = 'TN_TC0010100_20200820-145805.wav' "]
● 2020-08-20 14:58:19 / Thu > Worktime (ajax.gmember_worktime_update) > DEBUG :: Worktime > Post 1 ▶ {"wt_no":"1","wt_start_time":"09:00","wt_end_time":"15:31","work_days":null,"wt_fwd_ment_idx":"4509","wt_fwd_ment_name":"발신멘트004","wt_rcv_ment_idx":"4506","wt_rcv_ment_name":"티처콜1","wt_end_ment_idx":"4519","wt_end_ment_name":"업무종료","wt_lunch_start_time":"","wt_lunch_end_time":"","wt_lunch_ment_idx":"","wt_lunch_ment_name":""}
● 2020-08-20 14:58:19 / Thu > Worktime (ajax.gmember_worktime_update) > DEBUG :: Worktime > Post 2 ▶ {"wt_no":"1","wt_start_time":"09:00","wt_end_time":"15:31","work_days":null,"wt_fwd_ment_idx":"4509","wt_fwd_ment_name":"발신멘트004","wt_rcv_ment_idx":"4506","wt_rcv_ment_name":"티처콜1","wt_end_ment_idx":"4519","wt_end_ment_name":"업무종료","wt_lunch_start_time":"","wt_lunch_end_time":"","wt_lunch_ment_idx":"","wt_lunch_ment_name":""}
● 2020-08-20 14:58:19 / Thu > Worktime (ajax.gmember_worktime_update) > DEBUG :: Worktime > days ▶ ["1"]
● 2020-08-20 14:58:19 / Thu > RequestCurl (common.lib) > INFO :: params ▶ {"Agency":"TC0010100","Work_Start":"0900","Work_End":"1531","Work_F_ment":"4509","Work_R_ment":"4506","Work_E_ment":"4519","Work_Days":"1","Lunch_Start":"","Lunch_End":"","Lunch_ment":""}
● 2020-08-20 14:58:19 / Thu > RequestCurl (common.lib) > INFO :: reqUrl ▶ ["http://27.255.100.84:7123/tlogpbx201.asp"]
● 2020-08-20 14:58:19 / Thu > RequestCurl (common.lib) > INFO :: plain params ▶ ["Agency=TC0010100&Work_Start=0900&Work_End=1531&Work_F_ment=4509&Work_R_ment=4506&Work_E_ment=4519&Work_Days=1&Lunch_Start=&Lunch_End=&Lunch_ment="]
● 2020-08-20 14:58:19 / Thu > RequestCurl (common.lib) > INFO :: Request output ▶ ["{\"Result\":\"1\",\"Agency\":\"TC0010100\",\"DNIS\":\"TC0010100\",\"ErrCode\":\"0\"}\r\n"]
● 2020-08-20 14:58:19 / Thu > Worktime (ajax.gmember_worktime_update) > INFO :: sql ▶ [" update g5_work_time set\n              wt_start_time = '09:00' , wt_end_time = '15:31', wt_work_days = '1',\n           wt_fwd_ment_idx = '4509', wt_rcv_ment_idx = '4506', wt_end_ment_idx = '4519'     where mb_id = 'tcall_2214665013' and wt_no = '1'     "]
● 2020-08-20 14:58:55 / Thu > Worktime (ajax.gmember_worktime_update) > DEBUG :: Worktime > Post 1 ▶ {"wt_no":"1","wt_start_time":"09:00","wt_end_time":"15:31","work_days":null,"wt_fwd_ment_idx":"4509","wt_fwd_ment_name":"발신멘트004","wt_rcv_ment_idx":"4506","wt_rcv_ment_name":"티처콜1","wt_end_ment_idx":"4519","wt_end_ment_name":"업무종료","wt_lunch_start_time":"","wt_lunch_end_time":"","wt_lunch_ment_idx":"","wt_lunch_ment_name":""}
● 2020-08-20 14:58:55 / Thu > Worktime (ajax.gmember_worktime_update) > DEBUG :: Worktime > Post 2 ▶ {"wt_no":"1","wt_start_time":"09:00","wt_end_time":"15:31","work_days":null,"wt_fwd_ment_idx":"4509","wt_fwd_ment_name":"발신멘트004","wt_rcv_ment_idx":"4506","wt_rcv_ment_name":"티처콜1","wt_end_ment_idx":"4519","wt_end_ment_name":"업무종료","wt_lunch_start_time":"","wt_lunch_end_time":"","wt_lunch_ment_idx":"","wt_lunch_ment_name":""}
● 2020-08-20 14:58:55 / Thu > Worktime (ajax.gmember_worktime_update) > DEBUG :: Worktime > days ▶ ["1","2","3","4","5"]
● 2020-08-20 14:58:55 / Thu > RequestCurl (common.lib) > INFO :: params ▶ {"Agency":"TC0010100","Work_Start":"0900","Work_End":"1531","Work_F_ment":"4509","Work_R_ment":"4506","Work_E_ment":"4519","Work_Days":"12345","Lunch_Start":"","Lunch_End":"","Lunch_ment":""}
● 2020-08-20 14:58:55 / Thu > RequestCurl (common.lib) > INFO :: reqUrl ▶ ["http://27.255.100.84:7123/tlogpbx201.asp"]
● 2020-08-20 14:58:55 / Thu > RequestCurl (common.lib) > INFO :: plain params ▶ ["Agency=TC0010100&Work_Start=0900&Work_End=1531&Work_F_ment=4509&Work_R_ment=4506&Work_E_ment=4519&Work_Days=12345&Lunch_Start=&Lunch_End=&Lunch_ment="]
● 2020-08-20 14:58:55 / Thu > RequestCurl (common.lib) > INFO :: Request output ▶ ["{\"Result\":\"1\",\"Agency\":\"TC0010100\",\"DNIS\":\"TC0010100\",\"ErrCode\":\"0\"}\r\n"]
● 2020-08-20 14:58:55 / Thu > Worktime (ajax.gmember_worktime_update) > INFO :: sql ▶ [" update g5_work_time set\n              wt_start_time = '09:00' , wt_end_time = '15:31', wt_work_days = '1,2,3,4,5',\n           wt_fwd_ment_idx = '4509', wt_rcv_ment_idx = '4506', wt_end_ment_idx = '4519'     where mb_id = 'tcall_2214665013' and wt_no = '1'     "]
● 2020-08-20 14:59:59 / Thu > Worktime (ajax.gmember_worktime_update) > DEBUG :: Worktime > Post 1 ▶ {"wt_no":"1","wt_start_time":"09:00","wt_end_time":"17:00","work_days":null,"wt_fwd_ment_idx":"4509","wt_fwd_ment_name":"발신멘트004","wt_rcv_ment_idx":"4506","wt_rcv_ment_name":"티처콜1","wt_end_ment_idx":"4519","wt_end_ment_name":"업무종료","wt_lunch_start_time":"","wt_lunch_end_time":"","wt_lunch_ment_idx":"","wt_lunch_ment_name":""}
● 2020-08-20 14:59:59 / Thu > Worktime (ajax.gmember_worktime_update) > DEBUG :: Worktime > Post 2 ▶ {"wt_no":"1","wt_start_time":"09:00","wt_end_time":"17:00","work_days":null,"wt_fwd_ment_idx":"4509","wt_fwd_ment_name":"발신멘트004","wt_rcv_ment_idx":"4506","wt_rcv_ment_name":"티처콜1","wt_end_ment_idx":"4519","wt_end_ment_name":"업무종료","wt_lunch_start_time":"","wt_lunch_end_time":"","wt_lunch_ment_idx":"","wt_lunch_ment_name":""}
● 2020-08-20 14:59:59 / Thu > Worktime (ajax.gmember_worktime_update) > DEBUG :: Worktime > days ▶ ["1","2","3","4","5"]
● 2020-08-20 14:59:59 / Thu > RequestCurl (common.lib) > INFO :: params ▶ {"Agency":"TC0010100","Work_Start":"0900","Work_End":"1700","Work_F_ment":"4509","Work_R_ment":"4506","Work_E_ment":"4519","Work_Days":"12345","Lunch_Start":"","Lunch_End":"","Lunch_ment":""}
● 2020-08-20 14:59:59 / Thu > RequestCurl (common.lib) > INFO :: reqUrl ▶ ["http://27.255.100.84:7123/tlogpbx201.asp"]
● 2020-08-20 14:59:59 / Thu > RequestCurl (common.lib) > INFO :: plain params ▶ ["Agency=TC0010100&Work_Start=0900&Work_End=1700&Work_F_ment=4509&Work_R_ment=4506&Work_E_ment=4519&Work_Days=12345&Lunch_Start=&Lunch_End=&Lunch_ment="]
● 2020-08-20 14:59:59 / Thu > RequestCurl (common.lib) > INFO :: Request output ▶ ["{\"Result\":\"1\",\"Agency\":\"TC0010100\",\"DNIS\":\"TC0010100\",\"ErrCode\":\"0\"}\r\n"]
● 2020-08-20 14:59:59 / Thu > Worktime (ajax.gmember_worktime_update) > INFO :: sql ▶ [" update g5_work_time set\n              wt_start_time = '09:00' , wt_end_time = '17:00', wt_work_days = '1,2,3,4,5',\n           wt_fwd_ment_idx = '4509', wt_rcv_ment_idx = '4506', wt_end_ment_idx = '4519'     where mb_id = 'tcall_2214665013' and wt_no = '1'     "]
