● 2020-08-28 11:23:24 / Fri > RequestCurlGet (common.lib) > INFO :: params ▶ {"Agency":"TC0010100","DNIS":"050841764277"}
● 2020-08-28 11:23:24 / Fri > RequestCurlGet (common.lib) > INFO :: reqUrl ▶ ["http://27.255.100.84:7123/tlogpbx203.asp?Agency=TC0010100&DNIS=050841764277"]
● 2020-08-28 11:23:24 / Fri > RequestCurlGet (common.lib) > INFO :: Request output ▶ ["{\"Result\":\"1\",\"Agency\":\"TC0010100\",\"DNIS\":\"050841764277\",\"ErrCode\":\"0\"}\r\n"]
● 2020-08-28 16:41:36 / Fri > RestTime (ajax.gmember_resttime_update) > INFO :: post ▶ {"rm_no":"","rm_idx":"","rm_name":"주간회의","rm_stat":"Y","rm_start_time":"10:00","rm_end_time":"11:30","rm_days":["1","2"],"rm_ment_idx":"4508","rm_ment_name":"긴급회의"}
● 2020-08-28 16:41:36 / Fri > RequestCurlGet (common.lib) > INFO :: params ▶ {"Agency":"TC0010100","Rest_Name":"%EC%A3%BC%EA%B0%84%ED%9A%8C%EC%9D%98","Rest_Start":"1000","Rest_End":"1130","Rest_Ment":"4508","Rest_Days":"12"}
● 2020-08-28 16:41:36 / Fri > RequestCurlGet (common.lib) > INFO :: reqUrl ▶ ["http://27.255.100.84:7123/tlogpbx211.asp?Agency=TC0010100&Rest_Name=%EC%A3%BC%EA%B0%84%ED%9A%8C%EC%9D%98&Rest_Start=1000&Rest_End=1130&Rest_Ment=4508&Rest_Days=12"]
● 2020-08-28 16:41:36 / Fri > RequestCurlGet (common.lib) > INFO :: Request output ▶ ["{\"Result\":\"1\",\"Agency\":\"TC0010100\",\"DNIS\":\"TC0010100\",\"Rest_Index\":\"39\",\"ErrCode\":\"0\"}\r\n"]
● 2020-08-28 17:27:14 / Fri > Worktime (ajax.member_worktime_update) > DEBUG :: Post 1 ▶ {"wt_no":"","wt_start_time":"11:00","wt_end_time":"18:50","work_days":null,"wt_fwd_ment_idx":"4506","wt_fwd_ment_name":"[학교] 티처콜1","wt_rcv_ment_idx":"4506","wt_rcv_ment_name":"[학교] 티처콜1","wt_end_ment_idx":"4519","wt_end_ment_name":"[학교] 업무종료","wt_lunch_start_time":"","wt_lunch_end_time":"","wt_lunch_ment_idx":"","wt_lunch_ment_name":""}
● 2020-08-28 17:27:14 / Fri > Worktime (ajax.member_worktime_update) > DEBUG :: Post 2 ▶ {"wt_no":"","wt_start_time":"11:00","wt_end_time":"18:50","work_days":null,"wt_fwd_ment_idx":"4506","wt_fwd_ment_name":"[학교] 티처콜1","wt_rcv_ment_idx":"4506","wt_rcv_ment_name":"[학교] 티처콜1","wt_end_ment_idx":"4519","wt_end_ment_name":"[학교] 업무종료","wt_lunch_start_time":"","wt_lunch_end_time":"","wt_lunch_ment_idx":"","wt_lunch_ment_name":""}
● 2020-08-28 17:27:14 / Fri > Worktime (ajax.member_worktime_update) > DEBUG :: days ▶ ["1","2","3","4","5"]
● 2020-08-28 17:27:14 / Fri > RequestCurl (common.lib) > INFO :: params ▶ {"Agency":"TC0010100","Work_Start":"1100","Work_End":"1850","Work_F_ment":"4506","Work_R_ment":"4506","Work_E_ment":"4519","Work_Days":"12345","Lunch_Start":"","Lunch_End":"","Lunch_ment":"","DNIS":"050841764277"}
● 2020-08-28 17:27:14 / Fri > RequestCurl (common.lib) > INFO :: reqUrl ▶ ["http://27.255.100.84:7123/tlogpbx201.asp"]
● 2020-08-28 17:27:14 / Fri > RequestCurl (common.lib) > INFO :: plain params ▶ ["Agency=TC0010100&Work_Start=1100&Work_End=1850&Work_F_ment=4506&Work_R_ment=4506&Work_E_ment=4519&Work_Days=12345&Lunch_Start=&Lunch_End=&Lunch_ment=&DNIS=050841764277"]
● 2020-08-28 17:27:14 / Fri > RequestCurl (common.lib) > INFO :: Request output ▶ ["{\"Result\":\"1\",\"Agency\":\"TC0010100\",\"DNIS\":\"050841764277\",\"ErrCode\":\"0\"}\r\n"]
● 2020-08-28 17:27:14 / Fri > Worktime (ajax.member_worktime_update) > INFO :: sql ▶ ["insert into g5_work_time  set\n          mb_id = '050841764277', mg_no = '879', mb_level = '3',\n          wt_start_time = '11:00' , wt_end_time = '18:50', wt_work_days = '1,2,3,4,5',\n           wt_fwd_ment_idx = '4506', wt_rcv_ment_idx = '4506', wt_end_ment_idx = '4519' "]
● 2020-08-28 18:11:05 / Fri > Worktime (ajax.gmember_worktime_update) > DEBUG :: Worktime > Post 1 ▶ {"wt_no":"1","wt_start_time":"09:00","wt_end_time":"17:00","work_days":null,"wt_fwd_ment_idx":"4509","wt_fwd_ment_name":"발신멘트004","wt_rcv_ment_idx":"4506","wt_rcv_ment_name":"티처콜1","wt_end_ment_idx":"4519","wt_end_ment_name":"업무종료","wt_lunch_start_time":"12:10","wt_lunch_end_time":"13:30","wt_lunch_ment_idx":"4523","wt_lunch_ment_name":"임시휴식시간"}
● 2020-08-28 18:11:05 / Fri > Worktime (ajax.gmember_worktime_update) > DEBUG :: Worktime > Post 2 ▶ {"wt_no":"1","wt_start_time":"09:00","wt_end_time":"17:00","work_days":null,"wt_fwd_ment_idx":"4509","wt_fwd_ment_name":"발신멘트004","wt_rcv_ment_idx":"4506","wt_rcv_ment_name":"티처콜1","wt_end_ment_idx":"4519","wt_end_ment_name":"업무종료","wt_lunch_start_time":"12:10","wt_lunch_end_time":"13:30","wt_lunch_ment_idx":"4523","wt_lunch_ment_name":"임시휴식시간"}
● 2020-08-28 18:11:05 / Fri > Worktime (ajax.gmember_worktime_update) > DEBUG :: Worktime > days ▶ ["1","2","3","4","5"]
● 2020-08-28 18:11:05 / Fri > RequestCurl (common.lib) > INFO :: params ▶ {"Agency":"TC0010100","Work_Start":"0900","Work_End":"1700","Work_F_ment":"4509","Work_R_ment":"4506","Work_E_ment":"4519","Work_Days":"12345","Lunch_Start":"1210","Lunch_End":"1330","Lunch_ment":"4523"}
● 2020-08-28 18:11:05 / Fri > RequestCurl (common.lib) > INFO :: reqUrl ▶ ["http://27.255.100.84:7123/tlogpbx201.asp"]
● 2020-08-28 18:11:05 / Fri > RequestCurl (common.lib) > INFO :: plain params ▶ ["Agency=TC0010100&Work_Start=0900&Work_End=1700&Work_F_ment=4509&Work_R_ment=4506&Work_E_ment=4519&Work_Days=12345&Lunch_Start=1210&Lunch_End=1330&Lunch_ment=4523"]
● 2020-08-28 18:11:05 / Fri > RequestCurl (common.lib) > INFO :: Request output ▶ ["{\"Result\":\"1\",\"Agency\":\"TC0010100\",\"DNIS\":\"TC0010100\",\"ErrCode\":\"0\"}\r\n"]
● 2020-08-28 18:11:05 / Fri > Worktime (ajax.gmember_worktime_update) > INFO :: sql ▶ [" update g5_work_time set\n              wt_start_time = '09:00' , wt_end_time = '17:00', wt_work_days = '1,2,3,4,5',\n           wt_fwd_ment_idx = '4509', wt_rcv_ment_idx = '4506', wt_end_ment_idx = '4519'  , wt_lunch_start_time = '12:10', wt_lunch_end_time = '13:30', wt_lunch_ment_idx = '4523'     where mb_id = 'tcall_2214665013' and wt_no = '1'     "]
● 2020-08-28 18:11:28 / Fri > Ment (ajax.gmember_ment_update) > DEBUG :: ment_create ▶ {"cm_no":"","cm_type":"0","cm_idx":"","cm_name":"점심시간","cm_content":"지금은 점심시간입니다 잠시 후 전화주세요"}
● 2020-08-28 18:11:28 / Fri > RequestCurl (common.lib) > INFO :: params ▶ {"Agency":"TC0010100","type":"0","Name":"점심시간","TtsData":"지금은 점심시간입니다 잠시 후 전화주세요"}
● 2020-08-28 18:11:28 / Fri > RequestCurl (common.lib) > INFO :: reqUrl ▶ ["http://27.255.100.84:7123/tlogpbx101.asp"]
● 2020-08-28 18:11:28 / Fri > RequestCurl (common.lib) > INFO :: plain params ▶ ["Agency=TC0010100&type=0&Name=%EC%A0%90%EC%8B%AC%EC%8B%9C%EA%B0%84&TtsData=%EC%A7%80%EA%B8%88%EC%9D%80+%EC%A0%90%EC%8B%AC%EC%8B%9C%EA%B0%84%EC%9E%85%EB%8B%88%EB%8B%A4+%EC%9E%A0%EC%8B%9C+%ED%9B%84+%EC%A0%84%ED%99%94%EC%A3%BC%EC%84%B8%EC%9A%94"]
● 2020-08-28 18:11:29 / Fri > RequestCurl (common.lib) > INFO :: Request output ▶ ["{\"Result\":\"1\",\"Agency\":\"TC0010100\",\"DNIS\":\"TC0010100\",\"MentIndex\":\"4537\",\"Filename\":\"TN_TC0010100_20200828-181126.wav\",\"ErrCode\":\"0\"}\r\n"]
● 2020-08-28 18:11:29 / Fri > Ment (ajax.gmember_ment_update) > INFO :: sql ▶ ["insert into g5_call_ment  set\n            mb_id = 'tcall_2214665013', mg_no = '879',\n            cm_idx = '4537', cm_type = '0', cm_name = '점심시간', cm_content = '지금은 점심시간입니다 잠시 후 전화주세요',\n              cm_filename = 'TN_TC0010100_20200828-181126.wav' "]
● 2020-08-28 18:11:41 / Fri > Worktime (ajax.gmember_worktime_update) > DEBUG :: Worktime > Post 1 ▶ {"wt_no":"1","wt_start_time":"09:00","wt_end_time":"17:00","work_days":null,"wt_fwd_ment_idx":"4509","wt_fwd_ment_name":"발신멘트004","wt_rcv_ment_idx":"4506","wt_rcv_ment_name":"티처콜1","wt_end_ment_idx":"4519","wt_end_ment_name":"업무종료","wt_lunch_start_time":"12:10","wt_lunch_end_time":"13:30","wt_lunch_ment_idx":"4537","wt_lunch_ment_name":"점심시간"}
● 2020-08-28 18:11:41 / Fri > Worktime (ajax.gmember_worktime_update) > DEBUG :: Worktime > Post 2 ▶ {"wt_no":"1","wt_start_time":"09:00","wt_end_time":"17:00","work_days":null,"wt_fwd_ment_idx":"4509","wt_fwd_ment_name":"발신멘트004","wt_rcv_ment_idx":"4506","wt_rcv_ment_name":"티처콜1","wt_end_ment_idx":"4519","wt_end_ment_name":"업무종료","wt_lunch_start_time":"12:10","wt_lunch_end_time":"13:30","wt_lunch_ment_idx":"4537","wt_lunch_ment_name":"점심시간"}
● 2020-08-28 18:11:41 / Fri > Worktime (ajax.gmember_worktime_update) > DEBUG :: Worktime > days ▶ ["1","2","3","4","5"]
● 2020-08-28 18:11:41 / Fri > RequestCurl (common.lib) > INFO :: params ▶ {"Agency":"TC0010100","Work_Start":"0900","Work_End":"1700","Work_F_ment":"4509","Work_R_ment":"4506","Work_E_ment":"4519","Work_Days":"12345","Lunch_Start":"1210","Lunch_End":"1330","Lunch_ment":"4537"}
● 2020-08-28 18:11:41 / Fri > RequestCurl (common.lib) > INFO :: reqUrl ▶ ["http://27.255.100.84:7123/tlogpbx201.asp"]
● 2020-08-28 18:11:41 / Fri > RequestCurl (common.lib) > INFO :: plain params ▶ ["Agency=TC0010100&Work_Start=0900&Work_End=1700&Work_F_ment=4509&Work_R_ment=4506&Work_E_ment=4519&Work_Days=12345&Lunch_Start=1210&Lunch_End=1330&Lunch_ment=4537"]
● 2020-08-28 18:11:41 / Fri > RequestCurl (common.lib) > INFO :: Request output ▶ ["{\"Result\":\"1\",\"Agency\":\"TC0010100\",\"DNIS\":\"TC0010100\",\"ErrCode\":\"0\"}\r\n"]
● 2020-08-28 18:11:41 / Fri > Worktime (ajax.gmember_worktime_update) > INFO :: sql ▶ [" update g5_work_time set\n              wt_start_time = '09:00' , wt_end_time = '17:00', wt_work_days = '1,2,3,4,5',\n           wt_fwd_ment_idx = '4509', wt_rcv_ment_idx = '4506', wt_end_ment_idx = '4519'  , wt_lunch_start_time = '12:10', wt_lunch_end_time = '13:30', wt_lunch_ment_idx = '4537'     where mb_id = 'tcall_2214665013' and wt_no = '1'     "]
