● 2020-09-18 11:15:15 / Fri > Worktime (ajax.gmember_worktime_update) > DEBUG :: Worktime > Post 1 ▶ {"wt_no":"1","wt_start_time":"09:00","wt_end_time":"17:00","work_days":null,"wt_fwd_ment_idx":"4509","wt_fwd_ment_name":"발신멘트004","wt_rcv_ment_idx":"4506","wt_rcv_ment_name":"티처콜1","wt_end_ment_idx":"4519","wt_end_ment_name":"업무종료","wt_lunch_start_time":"12:10","wt_lunch_end_time":"13:30","wt_lunch_ment_idx":"4537","wt_lunch_ment_name":"점심시간"}
● 2020-09-18 11:15:15 / Fri > Worktime (ajax.gmember_worktime_update) > DEBUG :: Worktime > days ▶ ["1","2","3","4","5"]
● 2020-09-18 11:15:15 / Fri > RequestCurl (common.lib) > INFO :: params ▶ {"Agency":"TC0010100","Work_Start":"0900","Work_End":"1700","Work_F_ment":"4509","Work_R_ment":"4506","Work_E_ment":"4519","Work_Days":"12345","Lunch_Start":"1210","Lunch_End":"1330","Lunch_ment":"4537"}
● 2020-09-18 11:15:15 / Fri > RequestCurl (common.lib) > INFO :: reqUrl ▶ ["http://27.255.100.84:7123/tlogpbx201.asp"]
● 2020-09-18 11:15:15 / Fri > RequestCurl (common.lib) > INFO :: plain params ▶ ["Agency=TC0010100&Work_Start=0900&Work_End=1700&Work_F_ment=4509&Work_R_ment=4506&Work_E_ment=4519&Work_Days=12345&Lunch_Start=1210&Lunch_End=1330&Lunch_ment=4537"]
● 2020-09-18 11:15:15 / Fri > RequestCurl (common.lib) > INFO :: Request output ▶ ["{\"Result\":\"1\",\"Agency\":\"TC0010100\",\"DNIS\":\"TC0010100\",\"ErrCode\":\"0\"}\r\n"]
● 2020-09-18 11:15:15 / Fri > Worktime (ajax.gmember_worktime_update) > INFO :: sql ▶ [" update g5_work_time set\n              wt_start_time = '09:00' , wt_end_time = '17:00', wt_work_days = '1,2,3,4,5',\n           wt_fwd_ment_idx = '4509', wt_rcv_ment_idx = '4506', wt_end_ment_idx = '4519'  , wt_lunch_start_time = '12:10', wt_lunch_end_time = '13:30', wt_lunch_ment_idx = '4537'     where mb_id = 'tcall_2214665013' and wt_no = '1'     "]
● 2020-09-18 13:08:58 / Fri > Worktime (ajax.member_worktime_update) > DEBUG :: Post 1 ▶ {"wt_no":"","wt_start_time":"09:00","wt_end_time":"17:00","work_days":null,"wt_fwd_ment_idx":"4509","wt_fwd_ment_name":"발신멘트004","wt_rcv_ment_idx":"4506","wt_rcv_ment_name":"티처콜1","wt_end_ment_idx":"4519","wt_end_ment_name":"업무종료","wt_lunch_start_time":"12:10","wt_lunch_end_time":"13:30","wt_lunch_ment_idx":"4537","wt_lunch_ment_name":"점심시간"}
● 2020-09-18 13:08:58 / Fri > Worktime (ajax.member_worktime_update) > DEBUG :: Post 2 ▶ {"wt_no":"","wt_start_time":"09:00","wt_end_time":"17:00","work_days":null,"wt_fwd_ment_idx":"4509","wt_fwd_ment_name":"발신멘트004","wt_rcv_ment_idx":"4506","wt_rcv_ment_name":"티처콜1","wt_end_ment_idx":"4519","wt_end_ment_name":"업무종료","wt_lunch_start_time":"12:10","wt_lunch_end_time":"13:30","wt_lunch_ment_idx":"4537","wt_lunch_ment_name":"점심시간"}
● 2020-09-18 13:08:58 / Fri > Worktime (ajax.member_worktime_update) > DEBUG :: days ▶ ["1","2","3","4"]
● 2020-09-18 13:08:58 / Fri > RequestCurl (common.lib) > INFO :: params ▶ {"Agency":"TC0010100","Work_Start":"0900","Work_End":"1700","Work_F_ment":"4509","Work_R_ment":"4506","Work_E_ment":"4519","Work_Days":"1234","Lunch_Start":"1210","Lunch_End":"1330","Lunch_ment":"4537","DNIS":"050841764278"}
● 2020-09-18 13:08:58 / Fri > RequestCurl (common.lib) > INFO :: reqUrl ▶ ["http://27.255.100.84:7123/tlogpbx201.asp"]
● 2020-09-18 13:08:58 / Fri > RequestCurl (common.lib) > INFO :: plain params ▶ ["Agency=TC0010100&Work_Start=0900&Work_End=1700&Work_F_ment=4509&Work_R_ment=4506&Work_E_ment=4519&Work_Days=1234&Lunch_Start=1210&Lunch_End=1330&Lunch_ment=4537&DNIS=050841764278"]
● 2020-09-18 13:08:58 / Fri > RequestCurl (common.lib) > INFO :: Request output ▶ ["{\"Result\":\"1\",\"Agency\":\"TC0010100\",\"DNIS\":\"050841764278\",\"ErrCode\":\"0\"}\r\n"]
● 2020-09-18 13:08:58 / Fri > Worktime (ajax.member_worktime_update) > INFO :: sql ▶ ["insert into g5_work_time  set\n          mb_id = '050841764278', mg_no = '879', mb_level = '3',\n          wt_start_time = '09:00' , wt_end_time = '17:00', wt_work_days = '1,2,3,4',\n           wt_fwd_ment_idx = '4509', wt_rcv_ment_idx = '4506', wt_end_ment_idx = '4519'  , wt_lunch_start_time = '12:10', wt_lunch_end_time = '13:30', wt_lunch_ment_idx = '4537' "]
● 2020-09-18 13:33:54 / Fri > RequestCurlGet (teachercall.config) > INFO :: params ▶ {"Agency":"TC0010100","DNIS":"050841764278"}
● 2020-09-18 13:33:54 / Fri > RequestCurlGet (teachercall.config) > INFO :: reqUrl ▶ ["http://27.255.100.84:7123/tlogpbx203.asp?Agency=TC0010100&DNIS=050841764278"]
● 2020-09-18 13:33:54 / Fri > RequestCurlGet (teachercall.config) > INFO :: Request output ▶ ["{\"Result\":\"1\",\"Agency\":\"TC0010100\",\"DNIS\":\"050841764278\",\"ErrCode\":\"0\"}\r\n"]
● 2020-09-18 13:35:04 / Fri > Worktime (ajax.member_worktime_update) > DEBUG :: Post 1 ▶ {"wt_no":"","wt_start_time":"09:00","wt_end_time":"17:00","work_days":null,"wt_fwd_ment_idx":"4509","wt_fwd_ment_name":"발신멘트004","wt_rcv_ment_idx":"4506","wt_rcv_ment_name":"티처콜1","wt_end_ment_idx":"4519","wt_end_ment_name":"업무종료","wt_lunch_start_time":"","wt_lunch_end_time":"","wt_lunch_ment_idx":"","wt_lunch_ment_name":""}
● 2020-09-18 13:35:04 / Fri > Worktime (ajax.member_worktime_update) > DEBUG :: Post 2 ▶ {"wt_no":"","wt_start_time":"09:00","wt_end_time":"17:00","work_days":null,"wt_fwd_ment_idx":"4509","wt_fwd_ment_name":"발신멘트004","wt_rcv_ment_idx":"4506","wt_rcv_ment_name":"티처콜1","wt_end_ment_idx":"4519","wt_end_ment_name":"업무종료","wt_lunch_start_time":"","wt_lunch_end_time":"","wt_lunch_ment_idx":"","wt_lunch_ment_name":""}
● 2020-09-18 13:35:04 / Fri > Worktime (ajax.member_worktime_update) > DEBUG :: days ▶ ["1","2","3","4"]
● 2020-09-18 13:35:04 / Fri > RequestCurl (teachercall.config) > INFO :: params ▶ {"Agency":"TC0010100","Work_Start":"0900","Work_End":"1700","Work_F_ment":"4509","Work_R_ment":"4506","Work_E_ment":"4519","Work_Days":"1234","Lunch_Start":"","Lunch_End":"","Lunch_ment":"","DNIS":"050841764278"}
● 2020-09-18 13:35:04 / Fri > RequestCurl (teachercall.config) > INFO :: reqUrl ▶ ["http://27.255.100.84:7123/tlogpbx201.asp"]
● 2020-09-18 13:35:04 / Fri > RequestCurl (teachercall.config) > INFO :: plain params ▶ ["Agency=TC0010100&Work_Start=0900&Work_End=1700&Work_F_ment=4509&Work_R_ment=4506&Work_E_ment=4519&Work_Days=1234&Lunch_Start=&Lunch_End=&Lunch_ment=&DNIS=050841764278"]
● 2020-09-18 13:35:04 / Fri > RequestCurl (teachercall.config) > INFO :: Request output ▶ ["{\"Result\":\"1\",\"Agency\":\"TC0010100\",\"DNIS\":\"050841764278\",\"ErrCode\":\"0\"}\r\n"]
● 2020-09-18 13:35:04 / Fri > Worktime (ajax.member_worktime_update) > INFO :: sql ▶ ["insert into g5_work_time  set\n          mb_id = '050841764278', mg_no = '879', mb_level = '3',\n          wt_start_time = '09:00' , wt_end_time = '17:00', wt_work_days = '1,2,3,4',\n           wt_fwd_ment_idx = '4509', wt_rcv_ment_idx = '4506', wt_end_ment_idx = '4519' "]
● 2020-09-18 13:35:11 / Fri > RequestCurlGet (teachercall.config) > INFO :: params ▶ {"Agency":"TC0010100","DNIS":"050841764278"}
● 2020-09-18 13:35:11 / Fri > RequestCurlGet (teachercall.config) > INFO :: reqUrl ▶ ["http://27.255.100.84:7123/tlogpbx203.asp?Agency=TC0010100&DNIS=050841764278"]
● 2020-09-18 13:35:11 / Fri > RequestCurlGet (teachercall.config) > INFO :: Request output ▶ ["{\"Result\":\"1\",\"Agency\":\"TC0010100\",\"DNIS\":\"050841764278\",\"ErrCode\":\"0\"}\r\n"]
● 2020-09-18 13:35:35 / Fri > RequestCurlGet (teachercall.config) > INFO :: params ▶ {"Agency":"TC0010100","DNIS":"050841764278"}
● 2020-09-18 13:35:35 / Fri > RequestCurlGet (teachercall.config) > INFO :: reqUrl ▶ ["http://27.255.100.84:7123/tlogpbx203.asp?Agency=TC0010100&DNIS=050841764278"]
● 2020-09-18 13:35:35 / Fri > RequestCurlGet (teachercall.config) > INFO :: Request output ▶ ["{\"Result\":\"0\",\"Agency\":\"TC0010100\",\"DNIS\":\"050841764278\",\"ErrCode\":\"901\"}\r\n"]
● 2020-09-18 13:35:58 / Fri > RequestCurlGet (teachercall.config) > INFO :: params ▶ {"Agency":"TC0010100","DNIS":"050841764278"}
● 2020-09-18 13:35:58 / Fri > RequestCurlGet (teachercall.config) > INFO :: reqUrl ▶ ["http://27.255.100.84:7123/tlogpbx203.asp?Agency=TC0010100&DNIS=050841764278"]
● 2020-09-18 13:35:58 / Fri > RequestCurlGet (teachercall.config) > INFO :: Request output ▶ ["{\"Result\":\"0\",\"Agency\":\"TC0010100\",\"DNIS\":\"050841764278\",\"ErrCode\":\"901\"}\r\n"]
● 2020-09-18 14:46:08 / Fri > RequestCurlGet (teachercall.config) > INFO :: params ▶ {"Agency":"TC0010100","DNIS":"050841764278"}
● 2020-09-18 14:46:08 / Fri > RequestCurlGet (teachercall.config) > INFO :: reqUrl ▶ ["http://27.255.100.84:7123/tlogpbx203.asp?Agency=TC0010100&DNIS=050841764278"]
● 2020-09-18 14:46:08 / Fri > RequestCurlGet (teachercall.config) > INFO :: Request output ▶ ["{\"Result\":\"0\",\"Agency\":\"TC0010100\",\"DNIS\":\"050841764278\",\"ErrCode\":\"901\"}\r\n"]
● 2020-09-18 17:41:04 / Fri > Worktime (ajax.member_worktime_update) > DEBUG :: Post 1 ▶ {"wt_no":"10","wt_start_time":"09:00","wt_end_time":"17:00","work_days":null,"wt_fwd_ment_idx":"4509","wt_fwd_ment_name":"발신멘트004","wt_rcv_ment_idx":"4506","wt_rcv_ment_name":"티처콜1","wt_end_ment_idx":"4519","wt_end_ment_name":"업무종료","wt_lunch_start_time":"","wt_lunch_end_time":"","wt_lunch_ment_idx":"","wt_lunch_ment_name":""}
● 2020-09-18 17:41:04 / Fri > Worktime (ajax.member_worktime_update) > DEBUG :: Post 2 ▶ {"wt_no":"10","wt_start_time":"09:00","wt_end_time":"17:00","work_days":null,"wt_fwd_ment_idx":"4509","wt_fwd_ment_name":"발신멘트004","wt_rcv_ment_idx":"4506","wt_rcv_ment_name":"티처콜1","wt_end_ment_idx":"4519","wt_end_ment_name":"업무종료","wt_lunch_start_time":"","wt_lunch_end_time":"","wt_lunch_ment_idx":"","wt_lunch_ment_name":""}
● 2020-09-18 17:41:04 / Fri > Worktime (ajax.member_worktime_update) > DEBUG :: days ▶ ["1","2","3","4"]
● 2020-09-18 17:41:04 / Fri > RequestCurl (teachercall.config) > INFO :: params ▶ {"Agency":"TC0010100","Work_Start":"0900","Work_End":"1700","Work_F_ment":"4509","Work_R_ment":"4506","Work_E_ment":"4519","Work_Days":"1234","Lunch_Start":"","Lunch_End":"","Lunch_ment":"","DNIS":"050841764278"}
● 2020-09-18 17:41:04 / Fri > RequestCurl (teachercall.config) > INFO :: reqUrl ▶ ["http://27.255.100.84:7123/tlogpbx201.asp"]
● 2020-09-18 17:41:04 / Fri > RequestCurl (teachercall.config) > INFO :: plain params ▶ ["Agency=TC0010100&Work_Start=0900&Work_End=1700&Work_F_ment=4509&Work_R_ment=4506&Work_E_ment=4519&Work_Days=1234&Lunch_Start=&Lunch_End=&Lunch_ment=&DNIS=050841764278"]
● 2020-09-18 17:41:04 / Fri > RequestCurl (teachercall.config) > INFO :: Request output ▶ ["{\"Result\":\"1\",\"Agency\":\"TC0010100\",\"DNIS\":\"050841764278\",\"ErrCode\":\"0\"}\r\n"]
● 2020-09-18 17:41:04 / Fri > Worktime (ajax.member_worktime_update) > INFO :: sql ▶ [" update g5_work_time set\n              wt_start_time = '09:00' , wt_end_time = '17:00', wt_work_days = '1,2,3,4',\n           wt_fwd_ment_idx = '4509', wt_rcv_ment_idx = '4506', wt_end_ment_idx = '4519'     where mb_id = '050841764278' and wt_no = '10'     "]
● 2020-09-18 17:41:18 / Fri > RequestCurlGet (teachercall.config) > INFO :: params ▶ {"Agency":"TC0010100","DNIS":"050841764278"}
● 2020-09-18 17:41:18 / Fri > RequestCurlGet (teachercall.config) > INFO :: reqUrl ▶ ["http://27.255.100.84:7123/tlogpbx203.asp?Agency=TC0010100&DNIS=050841764278"]
● 2020-09-18 17:41:18 / Fri > RequestCurlGet (teachercall.config) > INFO :: Request output ▶ ["{\"Result\":\"1\",\"Agency\":\"TC0010100\",\"DNIS\":\"050841764278\",\"ErrCode\":\"0\"}\r\n"]
● 2020-09-18 17:42:46 / Fri > Worktime (ajax.member_worktime_update) > DEBUG :: Post 1 ▶ {"wt_no":"","wt_start_time":"09:00","wt_end_time":"17:00","work_days":null,"wt_fwd_ment_idx":"4509","wt_fwd_ment_name":"발신멘트004","wt_rcv_ment_idx":"4506","wt_rcv_ment_name":"티처콜1","wt_end_ment_idx":"4519","wt_end_ment_name":"업무종료","wt_lunch_start_time":"","wt_lunch_end_time":"","wt_lunch_ment_idx":"","wt_lunch_ment_name":""}
● 2020-09-18 17:42:46 / Fri > Worktime (ajax.member_worktime_update) > DEBUG :: Post 2 ▶ {"wt_no":"","wt_start_time":"09:00","wt_end_time":"17:00","work_days":null,"wt_fwd_ment_idx":"4509","wt_fwd_ment_name":"발신멘트004","wt_rcv_ment_idx":"4506","wt_rcv_ment_name":"티처콜1","wt_end_ment_idx":"4519","wt_end_ment_name":"업무종료","wt_lunch_start_time":"","wt_lunch_end_time":"","wt_lunch_ment_idx":"","wt_lunch_ment_name":""}
● 2020-09-18 17:42:46 / Fri > Worktime (ajax.member_worktime_update) > DEBUG :: days ▶ ["1","2","3","4","5"]
● 2020-09-18 17:42:46 / Fri > RequestCurl (teachercall.config) > INFO :: params ▶ {"Agency":"TC0010100","Work_Start":"0900","Work_End":"1700","Work_F_ment":"4509","Work_R_ment":"4506","Work_E_ment":"4519","Work_Days":"12345","Lunch_Start":"","Lunch_End":"","Lunch_ment":"","DNIS":"050841764278"}
● 2020-09-18 17:42:46 / Fri > RequestCurl (teachercall.config) > INFO :: reqUrl ▶ ["http://27.255.100.84:7123/tlogpbx201.asp"]
● 2020-09-18 17:42:46 / Fri > RequestCurl (teachercall.config) > INFO :: plain params ▶ ["Agency=TC0010100&Work_Start=0900&Work_End=1700&Work_F_ment=4509&Work_R_ment=4506&Work_E_ment=4519&Work_Days=12345&Lunch_Start=&Lunch_End=&Lunch_ment=&DNIS=050841764278"]
● 2020-09-18 17:42:46 / Fri > RequestCurl (teachercall.config) > INFO :: Request output ▶ ["{\"Result\":\"1\",\"Agency\":\"TC0010100\",\"DNIS\":\"050841764278\",\"ErrCode\":\"0\"}\r\n"]
● 2020-09-18 17:42:46 / Fri > Worktime (ajax.member_worktime_update) > INFO :: sql ▶ ["insert into g5_work_time  set\n          mb_id = '050841764278', mg_no = '879', mb_level = '3',\n          wt_start_time = '09:00' , wt_end_time = '17:00', wt_work_days = '1,2,3,4,5',\n           wt_fwd_ment_idx = '4509', wt_rcv_ment_idx = '4506', wt_end_ment_idx = '4519' "]
● 2020-09-18 17:42:49 / Fri > RequestCurlGet (teachercall.config) > INFO :: params ▶ {"Agency":"TC0010100","DNIS":"050841764278"}
● 2020-09-18 17:42:49 / Fri > RequestCurlGet (teachercall.config) > INFO :: reqUrl ▶ ["http://27.255.100.84:7123/tlogpbx203.asp?Agency=TC0010100&DNIS=050841764278"]
● 2020-09-18 17:42:49 / Fri > RequestCurlGet (teachercall.config) > INFO :: Request output ▶ ["{\"Result\":\"1\",\"Agency\":\"TC0010100\",\"DNIS\":\"050841764278\",\"ErrCode\":\"0\"}\r\n"]
● 2020-09-18 17:43:36 / Fri > Worktime (ajax.member_worktime_update) > DEBUG :: Post 1 ▶ {"wt_no":"","wt_start_time":"09:00","wt_end_time":"17:00","work_days":null,"wt_fwd_ment_idx":"4509","wt_fwd_ment_name":"발신멘트004","wt_rcv_ment_idx":"4506","wt_rcv_ment_name":"티처콜1","wt_end_ment_idx":"4519","wt_end_ment_name":"업무종료","wt_lunch_start_time":"","wt_lunch_end_time":"","wt_lunch_ment_idx":"","wt_lunch_ment_name":""}
● 2020-09-18 17:43:36 / Fri > Worktime (ajax.member_worktime_update) > DEBUG :: Post 2 ▶ {"wt_no":"","wt_start_time":"09:00","wt_end_time":"17:00","work_days":null,"wt_fwd_ment_idx":"4509","wt_fwd_ment_name":"발신멘트004","wt_rcv_ment_idx":"4506","wt_rcv_ment_name":"티처콜1","wt_end_ment_idx":"4519","wt_end_ment_name":"업무종료","wt_lunch_start_time":"","wt_lunch_end_time":"","wt_lunch_ment_idx":"","wt_lunch_ment_name":""}
● 2020-09-18 17:43:36 / Fri > Worktime (ajax.member_worktime_update) > DEBUG :: days ▶ ["1","2","3","4","5"]
● 2020-09-18 17:43:36 / Fri > RequestCurl (teachercall.config) > INFO :: params ▶ {"Agency":"TC0010100","Work_Start":"0900","Work_End":"1700","Work_F_ment":"4509","Work_R_ment":"4506","Work_E_ment":"4519","Work_Days":"12345","Lunch_Start":"","Lunch_End":"","Lunch_ment":"","DNIS":"050841764278"}
● 2020-09-18 17:43:36 / Fri > RequestCurl (teachercall.config) > INFO :: reqUrl ▶ ["http://27.255.100.84:7123/tlogpbx201.asp"]
● 2020-09-18 17:43:36 / Fri > RequestCurl (teachercall.config) > INFO :: plain params ▶ ["Agency=TC0010100&Work_Start=0900&Work_End=1700&Work_F_ment=4509&Work_R_ment=4506&Work_E_ment=4519&Work_Days=12345&Lunch_Start=&Lunch_End=&Lunch_ment=&DNIS=050841764278"]
● 2020-09-18 17:43:36 / Fri > RequestCurl (teachercall.config) > INFO :: Request output ▶ ["{\"Result\":\"1\",\"Agency\":\"TC0010100\",\"DNIS\":\"050841764278\",\"ErrCode\":\"0\"}\r\n"]
● 2020-09-18 17:43:36 / Fri > Worktime (ajax.member_worktime_update) > INFO :: sql ▶ [" update g5_work_time set\n              wt_start_time = '09:00' , wt_end_time = '17:00', wt_work_days = '1,2,3,4,5',\n           wt_fwd_ment_idx = '4509', wt_rcv_ment_idx = '4506', wt_end_ment_idx = '4519'     where mb_id = '050841764278' and wt_no = ''     "]
