● 2020-09-22 13:17:35 / Tue > RequestCurl (teachercall.config) > INFO :: params ▶ {"wav":"aa"}
● 2020-09-22 13:17:35 / Tue > RequestCurl (teachercall.config) > INFO :: reqUrl ▶ ["http://adm.moa1000.co.kr/recnas/svcment/ADMIN_20200902-5448.wav"]
● 2020-09-22 13:17:35 / Tue > RequestCurl (teachercall.config) > INFO :: plain params ▶ ["wav=aa"]
● 2020-09-22 13:17:35 / Tue > RequestCurl (teachercall.config) > ERROR :: Request Error ▶ {"httpCode":405,"error":0,"output":"<!DOCTYPE html PUBLIC \"-//W3C//DTD XHTML 1.0 Strict//EN\" \"http://www.w3.org/TR/xhtml1/DTD/xhtml1-strict.dtd\"> \n<html xmlns=\"http://www.w3.org/1999/xhtml\"> \n<head> \n<title>IIS 8.0 자세한 오류 - 405.0 - Method Not Allowed</title> \n<style type=\"text/css\"> \n<!-- \nbody{margin:0;font-size:.7em;font-family:Verdana,Arial,Helvetica,sans-serif;} \ncode{margin:0;color:#006600;font-size:1.1em;font-weight:bold;} \n.config_source code{font-size:.8em;color:#000000;} \npre{margin:0;font-size:1.4em;word-wrap:break-word;} \nul,ol{margin:10px 0 10px 5px;} \nul.first,ol.first{margin-top:5px;} \nfieldset{padding:0 15px 10px 15px;word-break:break-all;} \n.summary-container fieldset{padding-bottom:5px;margin-top:4px;} \nlegend.no-expand-all{padding:2px 15px 4px 10px;margin:0 0 0 -12px;} \nlegend{color:#333333;;margin:4px 0 8px -12px;_margin-top:0px; \nfont-weight:bold;font-size:1em;} \na:link,a:visited{color:#007EFF;font-weight:bold;} \na:hover{text-decoration:none;} \nh1{font-size:2.4em;margin:0;color:#FFF;} \nh2{font-size:1.7em;margin:0;color:#CC0000;} \nh3{font-size:1.4em;margin:10px 0 0 0;color:#CC0000;} \nh4{font-size:1.2em;margin:10px 0 5px 0; \n}#header{width:96%;margin:0 0 0 0;padding:6px 2% 6px 2%;font-family:\"trebuchet MS\",Verdana,sans-serif; \n color:#FFF;background-color:#5C87B2; \n}#content{margin:0 0 0 2%;position:relative;} \n.summary-container,.content-container{background:#FFF;width:96%;margin-top:8px;padding:10px;position:relative;} \n.content-container p{margin:0 0 10px 0; \n}#details-left{width:35%;float:left;margin-right:2%; \n}#details-right{width:63%;float:left;overflow:hidden; \n}#server_version{width:96%;_height:1px;min-height:1px;margin:0 0 5px 0;padding:11px 2% 8px 2%;color:#FFFFFF; \n background-color:#5A7FA5;border-bottom:1px solid #C1CFDD;border-top:1px solid #4A6C8E;font-weight:normal; \n font-size:1em;color:#FFF;text-align:right; \n}#server_version p{margin:5px 0;} \ntable{margin:4px 0 4px 0;width:100%;border:none;} \ntd,th{vertical-align:top;padding:3px 0;text-align:left;font-weight:normal;border:none;} \nth{width:30%;text-align:right;padding-right:2%;font-weight:bold;} \nthead th{background-color:#ebebeb;width:25%; \n}#details-right th{width:20%;} \ntable tr.alt td,table tr.alt th{} \n.highlight-code{color:#CC0000;font-weight:bold;font-style:italic;} \n.clear{clear:both;} \n.preferred{padding:0 5px 2px 5px;font-weight:normal;background:#006633;color:#FFF;font-size:.8em;} \n--> \n</style> \n \n</head> \n<body> \n<div id=\"content\"> \n<div class=\"content-container\"> \n  <h3>HTTP 오류 405.0 - Method Not Allowed</h3> \n  <h4>잘못된 메서드(HTTP 동사)가 사용되고 있으므로 지금 찾고 있는 페이지를 표시할 수 없습니다.</h4> \n</div> \n<div class=\"content-container\"> \n <fieldset><h4>가능성이 높은 원인:</h4> \n  <ul> \t<li>요청 처리 모듈에서 허용되지 않는 HTTP 동사가 웹 서버에 보낸 요청에서 사용되었습니다.</li> \t<li>잘못된 HTTP 동사가 포함된 요청이 서버에 전송되었습니다.</li> \t<li>요청이 정적 콘텐츠를 위한 것이며 GET 또는 HEAD 이외의 HTTP 동사를 포함하고 있습니다.</li> \t<li>HTTP 동사 POST를 사용하여 가상 디렉터리에 요청이 전송되었으며 기본 문서는 GET 또는 HEAD 이외의  HTTP 동사를 지원하지 않는 정적 파일입니다.</li> </ul> \n </fieldset> \n</div> \n<div class=\"content-container\"> \n <fieldset><h4>가능한 해결 방법:</h4> \n  <ul> \t<li>이 요청이 전송되는 모듈 처리기에서 사용할 수 있는 동사 목록을 검사하여 이 동사가 해당 웹 사이트에서 허용되는지 확인하십시오.</li> \t<li>IIS 로그 파일에서 요청에 허용되지 않는 동사를 확인하십시오.</li> \t<li>실패한 요청에서 이 HTTP 상태 코드를 추적하는 추적 규칙을 만드십시오. 실패한 요청에 대한 추적 규칙을 만드는 방법을 자세하게 보려면 <a href=\"http://go.microsoft.com/fwlink/?LinkID=66439\">여기</a>를 클릭하십시오. </li> </ul> \n </fieldset> \n</div> \n \n<div class=\"content-container\"> \n <fieldset><h4>자세한 오류 정보:</h4> \n  <div id=\"details-left\"> \n   <table border=\"0\" cellpadding=\"0\" cellspacing=\"0\"> \n    <tr class=\"alt\"><th>모듈</th><td>&nbsp;&nbsp;&nbsp;StaticFileModule</td></tr> \n    <tr><th>알림</th><td>&nbsp;&nbsp;&nbsp;ExecuteRequestHandler</td></tr> \n    <tr class=\"alt\"><th>처리기</th><td>&nbsp;&nbsp;&nbsp;StaticFile</td></tr> \n    <tr><th>오류 코드</th><td>&nbsp;&nbsp;&nbsp;0x80070001</td></tr> \n     \n   </table> \n  </div> \n  <div id=\"details-right\"> \n   <table border=\"0\" cellpadding=\"0\" cellspacing=\"0\"> \n    <tr class=\"alt\"><th>요청한 URL</th><td>&nbsp;&nbsp;&nbsp;http://adm.moa1000.co.kr:80/recnas/svcment/ADMIN_20200902-5448.wav</td></tr> \n    <tr><th>실제 경로</th><td>&nbsp;&nbsp;&nbsp;D:\\WEBDATA\\svcment\\ADMIN_20200902-5448.wav</td></tr> \n    <tr class=\"alt\"><th>로그온 방법d</th><td>&nbsp;&nbsp;&nbsp;익명</td></tr> \n    <tr><th>로그온 사용자</th><td>&nbsp;&nbsp;&nbsp;익명</td></tr> \n     \n   </table> \n   <div class=\"clear\"></div> \n  </div> \n </fieldset> \n</div> \n \n<div class=\"content-container\"> \n <fieldset><h4>추가 정보:</h4> \n  이 오류는 요청 처리 모듈의 처리기에서 허용하지 않는 HTTP 동사가 웹 서버에 전송된 요청에 들어 있다는 것을 의미합니다. \n  <p><a href=\"http://go.microsoft.com/fwlink/?LinkID=62293&amp;IIS70Error=405,0,0x80070001,9200\">기타 정보 보기 &raquo;</a></p> \n   \n </fieldset> \n</div> \n</div> \n</body> \n</html> \n"}
● 2020-09-22 13:18:01 / Tue > RequestCurlGet (teachercall.config) > INFO :: params ▶ {"wav":"aa"}
● 2020-09-22 13:18:01 / Tue > RequestCurlGet (teachercall.config) > INFO :: reqUrl ▶ ["http://adm.moa1000.co.kr/recnas/svcment/ADMIN_20200902-5448.wav?wav=aa"]
● 2020-09-22 13:18:01 / Tue > RequestCurlGet (teachercall.config) > INFO :: Request output ▶ null
● 2020-09-22 15:49:54 / Tue > wav (curl.tlog_wav_android) > INFO :: reqPath ▶ ["/recnas/svcment/ADMIN_20200902-4848.wav"]
● 2020-09-22 15:49:54 / Tue > wav (curl.tlog_wav_android) > INFO :: reqUrl ▶ ["http://adm.moa1000.co.kr/recnas/svcment/ADMIN_20200902-4848.wav"]
● 2020-09-22 15:49:54 / Tue > wav (curl.tlog_wav_android) > DEBUG :: output ▶ null
● 2020-09-22 15:49:58 / Tue > wav (curl.tlog_wav_android) > INFO :: reqPath ▶ ["/recnas/svcment/ADMIN_20200902-5448.wav"]
● 2020-09-22 15:49:58 / Tue > wav (curl.tlog_wav_android) > INFO :: reqUrl ▶ ["http://adm.moa1000.co.kr/recnas/svcment/ADMIN_20200902-5448.wav"]
● 2020-09-22 15:49:58 / Tue > wav (curl.tlog_wav_android) > DEBUG :: output ▶ null
● 2020-09-22 15:50:00 / Tue > wav (curl.tlog_wav_android) > INFO :: reqPath ▶ ["/recnas/svcment/ADMIN_20200827-6663.wav"]
● 2020-09-22 15:50:00 / Tue > wav (curl.tlog_wav_android) > INFO :: reqUrl ▶ ["http://adm.moa1000.co.kr/recnas/svcment/ADMIN_20200827-6663.wav"]
● 2020-09-22 15:50:00 / Tue > wav (curl.tlog_wav_android) > DEBUG :: output ▶ null
● 2020-09-22 15:52:17 / Tue > wav (curl.tlog_wav_android) > INFO :: reqPath ▶ ["/recnas/svcment/ADMIN_20200902-4848.wav"]
● 2020-09-22 15:52:17 / Tue > wav (curl.tlog_wav_android) > INFO :: reqUrl ▶ ["http://adm.moa1000.co.kr/recnas/svcment/ADMIN_20200902-4848.wav"]
● 2020-09-22 15:52:17 / Tue > wav (curl.tlog_wav_android) > DEBUG :: output ▶ null
● 2020-09-22 15:57:03 / Tue > wav (curl.tlog_wav_android) > INFO :: reqPath ▶ ["/recnas/svcment/ADMIN_20200902-5448.wav"]
● 2020-09-22 15:57:03 / Tue > wav (curl.tlog_wav_android) > INFO :: reqUrl ▶ ["http://adm.moa1000.co.kr/recnas/svcment/ADMIN_20200902-5448.wav"]
● 2020-09-22 15:57:03 / Tue > wav (curl.tlog_wav_android) > DEBUG :: output ▶ null
● 2020-09-22 15:57:05 / Tue > wav (curl.tlog_wav_android) > INFO :: reqPath ▶ ["/recnas/svcment/ADMIN_20200902-3658.wav"]
● 2020-09-22 15:57:05 / Tue > wav (curl.tlog_wav_android) > INFO :: reqUrl ▶ ["http://adm.moa1000.co.kr/recnas/svcment/ADMIN_20200902-3658.wav"]
● 2020-09-22 15:57:05 / Tue > wav (curl.tlog_wav_android) > DEBUG :: output ▶ null
● 2020-09-22 15:57:07 / Tue > wav (curl.tlog_wav_android) > INFO :: reqPath ▶ ["/recnas/svcment/ADMIN_20200902-5448.wav"]
● 2020-09-22 15:57:07 / Tue > wav (curl.tlog_wav_android) > INFO :: reqUrl ▶ ["http://adm.moa1000.co.kr/recnas/svcment/ADMIN_20200902-5448.wav"]
● 2020-09-22 15:57:07 / Tue > wav (curl.tlog_wav_android) > DEBUG :: output ▶ null
● 2020-09-22 15:59:45 / Tue > wav (curl.tlog_wav_android) > INFO :: reqPath ▶ ["/recnas/svcment/ADMIN_20200902-5448.wav"]
● 2020-09-22 15:59:45 / Tue > wav (curl.tlog_wav_android) > INFO :: reqUrl ▶ ["http://adm.moa1000.co.kr/recnas/svcment/ADMIN_20200902-5448.wav"]
● 2020-09-22 15:59:46 / Tue > wav (curl.tlog_wav_android) > DEBUG :: output ▶ null
● 2020-09-22 16:02:20 / Tue > wav (curl.tlog_wav_android) > INFO :: reqPath ▶ ["/recnas/svcment/ADMIN_20200902-5448.wav"]
● 2020-09-22 16:02:20 / Tue > wav (curl.tlog_wav_android) > INFO :: reqUrl ▶ ["http://adm.moa1000.co.kr/recnas/svcment/ADMIN_20200902-5448.wav"]
● 2020-09-22 16:02:20 / Tue > wav (curl.tlog_wav_android) > ERROR :: Request Error ▶ {"error":3,"output":false}
● 2020-09-22 16:02:28 / Tue > wav (curl.tlog_wav_android) > INFO :: reqPath ▶ ["/recnas/svcment/ADMIN_20200902-5448.wav"]
● 2020-09-22 16:02:28 / Tue > wav (curl.tlog_wav_android) > INFO :: reqUrl ▶ ["http://adm.moa1000.co.kr/recnas/svcment/ADMIN_20200902-5448.wav"]
● 2020-09-22 16:02:28 / Tue > wav (curl.tlog_wav_android) > ERROR :: Request Error ▶ {"error":3,"output":false}
● 2020-09-22 16:02:43 / Tue > wav (curl.tlog_wav_android) > INFO :: reqPath ▶ ["/recnas/svcment/ADMIN_20200902-5448.wav"]
● 2020-09-22 16:02:43 / Tue > wav (curl.tlog_wav_android) > INFO :: reqUrl ▶ ["http://adm.moa1000.co.kr/recnas/svcment/ADMIN_20200902-5448.wav"]
● 2020-09-22 16:02:43 / Tue > wav (curl.tlog_wav_android) > ERROR :: Request Error ▶ {"error":3,"output":false}
● 2020-09-22 16:02:46 / Tue > wav (curl.tlog_wav_android) > INFO :: reqPath ▶ ["/recnas/svcment/ADMIN_20200902-5448.wav"]
● 2020-09-22 16:02:46 / Tue > wav (curl.tlog_wav_android) > INFO :: reqUrl ▶ ["http://adm.moa1000.co.kr/recnas/svcment/ADMIN_20200902-5448.wav"]
● 2020-09-22 16:02:46 / Tue > wav (curl.tlog_wav_android) > ERROR :: Request Error ▶ {"error":3,"output":false}
● 2020-09-22 16:02:49 / Tue > wav (curl.tlog_wav_android) > INFO :: reqPath ▶ ["/recnas/svcment/ADMIN_20200902-5448.wav"]
● 2020-09-22 16:02:49 / Tue > wav (curl.tlog_wav_android) > INFO :: reqUrl ▶ ["http://adm.moa1000.co.kr/recnas/svcment/ADMIN_20200902-5448.wav"]
● 2020-09-22 16:02:49 / Tue > wav (curl.tlog_wav_android) > ERROR :: Request Error ▶ {"error":3,"output":false}
● 2020-09-22 16:03:05 / Tue > RequestCurlGet (teachercall.config) > INFO :: params ▶ {"wav":"aa"}
● 2020-09-22 16:03:05 / Tue > RequestCurlGet (teachercall.config) > INFO :: reqUrl ▶ ["http://adm.moa1000.co.kr/recnas/svcment/ADMIN_20200902-5448.wav?wav=aa"]
● 2020-09-22 16:03:05 / Tue > RequestCurlGet (teachercall.config) > INFO :: Request output ▶ null
● 2020-09-22 16:04:11 / Tue > wav (curl.tlog_wav_android) > INFO :: reqPath ▶ ["/recnas/svcment/ADMIN_20200902-5448.wav"]
● 2020-09-22 16:04:11 / Tue > wav (curl.tlog_wav_android) > INFO :: reqUrl ▶ ["http://adm.moa1000.co.kr/recnas/svcment/ADMIN_20200902-5448.wav"]
● 2020-09-22 16:04:11 / Tue > RequestCurlGet (teachercall.config) > INFO :: params ▶ {"wdate":"20200922160411"}
● 2020-09-22 16:04:11 / Tue > RequestCurlGet (teachercall.config) > INFO :: reqUrl ▶ ["http://adm.moa1000.co.kr/recnas/svcment/ADMIN_20200902-5448.wav?wdate=20200922160411"]
● 2020-09-22 16:04:11 / Tue > RequestCurlGet (teachercall.config) > INFO :: Request output ▶ null
● 2020-09-22 16:04:14 / Tue > wav (curl.tlog_wav_android) > INFO :: reqPath ▶ ["/recnas/svcment/ADMIN_20200902-5448.wav"]
● 2020-09-22 16:04:14 / Tue > wav (curl.tlog_wav_android) > INFO :: reqUrl ▶ ["http://adm.moa1000.co.kr/recnas/svcment/ADMIN_20200902-5448.wav"]
● 2020-09-22 16:04:14 / Tue > RequestCurlGet (teachercall.config) > INFO :: params ▶ {"wdate":"20200922160414"}
● 2020-09-22 16:04:14 / Tue > RequestCurlGet (teachercall.config) > INFO :: reqUrl ▶ ["http://adm.moa1000.co.kr/recnas/svcment/ADMIN_20200902-5448.wav?wdate=20200922160414"]
● 2020-09-22 16:04:14 / Tue > RequestCurlGet (teachercall.config) > INFO :: Request output ▶ null
● 2020-09-22 16:04:31 / Tue > wav (curl.tlog_wav_android) > INFO :: reqPath ▶ [""]
● 2020-09-22 16:04:31 / Tue > wav (curl.tlog_wav_android) > INFO :: reqUrl ▶ ["http://adm.moa1000.co.kr"]
● 2020-09-22 16:04:31 / Tue > RequestCurlGet (teachercall.config) > INFO :: params ▶ {"wdate":"20200922160431"}
● 2020-09-22 16:04:31 / Tue > RequestCurlGet (teachercall.config) > INFO :: reqUrl ▶ ["http://adm.moa1000.co.kr/recnas/svcment/ADMIN_20200902-5448.wav?wdate=20200922160431"]
● 2020-09-22 16:04:31 / Tue > RequestCurlGet (teachercall.config) > INFO :: Request output ▶ null
● 2020-09-22 16:04:48 / Tue > wav (curl.tlog_wav_android) > INFO :: reqPath ▶ [""]
● 2020-09-22 16:04:48 / Tue > wav (curl.tlog_wav_android) > INFO :: reqUrl ▶ ["http://adm.moa1000.co.kr"]
● 2020-09-22 16:04:48 / Tue > RequestCurlGet (teachercall.config) > INFO :: params ▶ {"wdate":"20200922160448"}
● 2020-09-22 16:04:48 / Tue > RequestCurlGet (teachercall.config) > INFO :: reqUrl ▶ ["http://adm.moa1000.co.kr/recnas/svcment/ADMIN_20200902-5448.wav?wdate=20200922160448"]
● 2020-09-22 16:04:48 / Tue > RequestCurlGet (teachercall.config) > INFO :: Request output ▶ null
● 2020-09-22 16:05:03 / Tue > wav (curl.tlog_wav_android) > INFO :: reqPath ▶ ["/recnas/svcment/ADMIN_20200902-5448.wav"]
● 2020-09-22 16:05:03 / Tue > wav (curl.tlog_wav_android) > INFO :: reqUrl ▶ ["http://adm.moa1000.co.kr/recnas/svcment/ADMIN_20200902-5448.wav"]
● 2020-09-22 16:05:03 / Tue > RequestCurlGet (teachercall.config) > INFO :: params ▶ {"wdate":"20200922160503"}
● 2020-09-22 16:05:03 / Tue > RequestCurlGet (teachercall.config) > INFO :: reqUrl ▶ ["http://adm.moa1000.co.kr/recnas/svcment/ADMIN_20200902-5448.wav?wdate=20200922160503"]
● 2020-09-22 16:05:03 / Tue > RequestCurlGet (teachercall.config) > INFO :: Request output ▶ null
● 2020-09-22 16:05:40 / Tue > wav (curl.tlog_wav_android) > INFO :: reqPath ▶ ["/recnas/svcment/ADMIN_20200902-5448.wav"]
● 2020-09-22 16:05:40 / Tue > wav (curl.tlog_wav_android) > INFO :: reqUrl ▶ ["http://adm.moa1000.co.kr/recnas/svcment/ADMIN_20200902-5448.wav"]
● 2020-09-22 16:05:40 / Tue > RequestCurlGet (teachercall.config) > INFO :: params ▶ {"wdate":"20200922160540"}
● 2020-09-22 16:05:40 / Tue > RequestCurlGet (teachercall.config) > INFO :: reqUrl ▶ ["http://adm.moa1000.co.kr/recnas/svcment/ADMIN_20200902-5448.wav?wdate=20200922160540"]
● 2020-09-22 16:05:40 / Tue > RequestCurlGet (teachercall.config) > INFO :: Request output ▶ null
● 2020-09-22 16:05:50 / Tue > wav (curl.tlog_wav_android) > INFO :: reqPath ▶ ["/recnas/svcment/ADMIN_20200902-5448.wav"]
● 2020-09-22 16:05:50 / Tue > wav (curl.tlog_wav_android) > INFO :: reqUrl ▶ ["http://adm.moa1000.co.kr/recnas/svcment/ADMIN_20200902-5448.wav"]
● 2020-09-22 16:05:50 / Tue > RequestCurlGet (teachercall.config) > INFO :: params ▶ {"wdate":"20200922160550"}
● 2020-09-22 16:05:50 / Tue > RequestCurlGet (teachercall.config) > INFO :: reqUrl ▶ ["http://adm.moa1000.co.kr/recnas/svcment/ADMIN_20200902-5448.wav?wdate=20200922160550"]
● 2020-09-22 16:05:51 / Tue > RequestCurlGet (teachercall.config) > INFO :: Request output ▶ null
● 2020-09-22 16:08:16 / Tue > WAV (curl.tlog_wav_android) > INFO :: reqPath ▶ ["/recnas/svcment/ADMIN_20200902-5448.wav"]
● 2020-09-22 16:08:16 / Tue > WAV (curl.tlog_wav_android) > INFO :: reqUrl ▶ ["http://adm.moa1000.co.kr/recnas/svcment/ADMIN_20200902-5448.wav"]
● 2020-09-22 16:08:16 / Tue > WAV (curl.tlog_wav_android) > DEBUG :: Response ▶ {"httpCode":0,"error":3,"output":false}
● 2020-09-22 16:08:19 / Tue > WAV (curl.tlog_wav_android) > INFO :: reqPath ▶ ["/recnas/svcment/ADMIN_20200902-5448.wav"]
● 2020-09-22 16:08:19 / Tue > WAV (curl.tlog_wav_android) > INFO :: reqUrl ▶ ["http://adm.moa1000.co.kr/recnas/svcment/ADMIN_20200902-5448.wav"]
● 2020-09-22 16:08:19 / Tue > WAV (curl.tlog_wav_android) > DEBUG :: Response ▶ {"httpCode":0,"error":3,"output":false}
● 2020-09-22 16:08:59 / Tue > WAV (curl.tlog_wav_android) > INFO :: reqPath ▶ ["/recnas/svcment/ADMIN_20200902-5448.wav"]
● 2020-09-22 16:08:59 / Tue > WAV (curl.tlog_wav_android) > INFO :: reqUrl ▶ ["http://adm.moa1000.co.kr/recnas/svcment/ADMIN_20200902-5448.wav"]
● 2020-09-22 16:08:59 / Tue > WAV (curl.tlog_wav_android) > DEBUG :: Response ▶ null
● 2020-09-22 16:10:02 / Tue > WAV (curl.tlog_wav_android) > INFO :: reqPath ▶ [""]
● 2020-09-22 16:10:02 / Tue > WAV (curl.tlog_wav_android) > INFO :: reqUrl ▶ ["http://adm.moa1000.co.kr"]
● 2020-09-22 16:10:03 / Tue > WAV (curl.tlog_wav_android) > DEBUG :: Response ▶ null
● 2020-09-22 16:11:31 / Tue > WAV (curl.tlog_wav_android) > INFO :: reqPath ▶ ["/recnas/svcment/ADMIN_20200902-5448.wav"]
● 2020-09-22 16:11:31 / Tue > WAV (curl.tlog_wav_android) > INFO :: reqUrl ▶ ["http://adm.moa1000.co.kr/recnas/svcment/ADMIN_20200902-5448.wav"]
● 2020-09-22 16:11:31 / Tue > WAV (curl.tlog_wav_android) > DEBUG :: httpCode ▶ [200]
● 2020-09-22 16:11:31 / Tue > WAV (curl.tlog_wav_android) > DEBUG :: Response ▶ null
● 2020-09-22 16:11:33 / Tue > WAV (curl.tlog_wav_android) > INFO :: reqPath ▶ ["/recnas/svcment/ADMIN_20200827-6663.wav"]
● 2020-09-22 16:11:33 / Tue > WAV (curl.tlog_wav_android) > INFO :: reqUrl ▶ ["http://adm.moa1000.co.kr/recnas/svcment/ADMIN_20200827-6663.wav"]
● 2020-09-22 16:11:33 / Tue > WAV (curl.tlog_wav_android) > DEBUG :: httpCode ▶ [200]
● 2020-09-22 16:11:33 / Tue > WAV (curl.tlog_wav_android) > DEBUG :: Response ▶ null
● 2020-09-22 16:21:23 / Tue > WAV1 (echo) > INFO :: reqPath ▶ [null]
● 2020-09-22 16:21:23 / Tue > WAV1 (echo) > INFO :: reqUrl ▶ [null]
● 2020-09-22 16:21:23 / Tue > WAV1 (echo) > DEBUG :: httpCode ▶ [200]
● 2020-09-22 16:21:23 / Tue > WAV1 (echo) > DEBUG :: Response ▶ null
● 2020-09-22 16:42:33 / Tue > WAV1 (echo) > INFO :: reqPath ▶ [null]
● 2020-09-22 16:42:33 / Tue > WAV1 (echo) > INFO :: reqUrl ▶ [null]
● 2020-09-22 16:42:33 / Tue > WAV1 (echo) > DEBUG :: httpCode ▶ [200]
● 2020-09-22 16:42:33 / Tue > WAV1 (echo) > DEBUG :: Response ▶ null
● 2020-09-22 16:44:29 / Tue > WAV1 (echo) > INFO :: reqPath ▶ [null]
● 2020-09-22 16:44:29 / Tue > WAV1 (echo) > INFO :: reqUrl ▶ [null]
● 2020-09-22 16:44:29 / Tue > WAV1 (echo) > DEBUG :: httpCode ▶ [200]
● 2020-09-22 16:44:29 / Tue > WAV1 (echo) > DEBUG :: Stat ▶ {"httpCode":200,"error":0}
● 2020-09-22 16:44:29 / Tue > WAV1 (echo) > DEBUG :: Response ▶ null
● 2020-09-22 16:47:25 / Tue > WAV1 (echo) > INFO :: reqPath ▶ [null]
● 2020-09-22 16:47:25 / Tue > WAV1 (echo) > INFO :: reqUrl ▶ [null]
● 2020-09-22 16:47:25 / Tue > WAV1 (echo) > DEBUG :: httpCode ▶ [200]
● 2020-09-22 16:47:25 / Tue > WAV1 (echo) > DEBUG :: Stat ▶ {"httpCode":200,"error":0}
● 2020-09-22 16:47:25 / Tue > WAV1 (echo) > DEBUG :: Response ▶ null
● 2020-09-22 16:48:53 / Tue > WAV1 (echo) > INFO :: reqPath ▶ [null]
● 2020-09-22 16:48:53 / Tue > WAV1 (echo) > INFO :: reqUrl ▶ [null]
● 2020-09-22 16:48:54 / Tue > WAV1 (echo) > DEBUG :: httpCode ▶ [200]
● 2020-09-22 16:48:54 / Tue > WAV1 (echo) > DEBUG :: Stat ▶ {"httpCode":200,"error":0}
● 2020-09-22 16:48:54 / Tue > WAV1 (echo) > DEBUG :: Response ▶ null
● 2020-09-22 16:51:10 / Tue > WAV1 (echo) > INFO :: reqPath ▶ [null]
● 2020-09-22 16:51:10 / Tue > WAV1 (echo) > INFO :: reqUrl ▶ [null]
● 2020-09-22 16:51:10 / Tue > WAV1 (echo) > DEBUG :: httpCode ▶ [200]
● 2020-09-22 16:51:10 / Tue > WAV1 (echo) > DEBUG :: Stat ▶ {"httpCode":200,"error":0}
● 2020-09-22 16:53:15 / Tue > WAV1 (echo) > INFO :: reqPath ▶ [null]
● 2020-09-22 16:53:15 / Tue > WAV1 (echo) > INFO :: reqUrl ▶ [null]
● 2020-09-22 16:53:15 / Tue > WAV1 (echo) > DEBUG :: httpCode ▶ [200]
● 2020-09-22 16:53:15 / Tue > WAV1 (echo) > DEBUG :: Stat ▶ {"httpCode":200,"error":0}
● 2020-09-22 16:53:19 / Tue > WAV1 (echo) > INFO :: reqPath ▶ [null]
● 2020-09-22 16:53:19 / Tue > WAV1 (echo) > INFO :: reqUrl ▶ [null]
● 2020-09-22 16:53:19 / Tue > WAV1 (echo) > DEBUG :: httpCode ▶ [200]
● 2020-09-22 16:53:19 / Tue > WAV1 (echo) > DEBUG :: Stat ▶ {"httpCode":200,"error":0}
● 2020-09-22 17:03:08 / Tue > WAV (curl.tlog_wav_android) > INFO :: reqPath ▶ ["/recnas/svcment/ADMIN_20200827-6663.wav"]
● 2020-09-22 17:03:08 / Tue > WAV (curl.tlog_wav_android) > INFO :: reqUrl ▶ ["http://adm.moa1000.co.kr/recnas/svcment/ADMIN_20200827-6663.wav"]
● 2020-09-22 17:03:08 / Tue > WAV (curl.tlog_wav_android) > DEBUG :: httpCode ▶ [200]
● 2020-09-22 17:03:08 / Tue > WAV (curl.tlog_wav_android) > DEBUG :: Response ▶ null
● 2020-09-22 17:03:11 / Tue > WAV (curl.tlog_wav_android) > INFO :: reqPath ▶ ["/recnas/svcment/ADMIN_20200902-5448.wav"]
● 2020-09-22 17:03:11 / Tue > WAV (curl.tlog_wav_android) > INFO :: reqUrl ▶ ["http://adm.moa1000.co.kr/recnas/svcment/ADMIN_20200902-5448.wav"]
● 2020-09-22 17:03:11 / Tue > WAV (curl.tlog_wav_android) > DEBUG :: httpCode ▶ [200]
● 2020-09-22 17:03:11 / Tue > WAV (curl.tlog_wav_android) > DEBUG :: Response ▶ null
● 2020-09-22 17:08:31 / Tue > WAV1 (echo) > INFO :: reqPath ▶ [null]
● 2020-09-22 17:08:31 / Tue > WAV1 (echo) > INFO :: reqUrl ▶ [null]
● 2020-09-22 17:08:31 / Tue > WAV1 (echo) > DEBUG :: httpCode ▶ [200]
● 2020-09-22 17:08:31 / Tue > WAV1 (echo) > DEBUG :: Stat ▶ {"httpCode":200,"error":0}
● 2020-09-22 17:08:31 / Tue > WAV1 (echo) > DEBUG :: Response ▶ null
● 2020-09-22 17:08:36 / Tue > WAV1 (echo) > INFO :: reqPath ▶ [null]
● 2020-09-22 17:08:36 / Tue > WAV1 (echo) > INFO :: reqUrl ▶ [null]
● 2020-09-22 17:08:36 / Tue > WAV1 (echo) > DEBUG :: httpCode ▶ [200]
● 2020-09-22 17:08:36 / Tue > WAV1 (echo) > DEBUG :: Stat ▶ {"httpCode":200,"error":0}
● 2020-09-22 17:08:36 / Tue > WAV1 (echo) > DEBUG :: Response ▶ null
● 2020-09-22 17:33:04 / Tue > Ment (ajax.gmember_ment_update) > DEBUG :: ment_create ▶ {"cm_no":"11","cm_type":"0","cm_idx":"4508","cm_name":"긴급회의","cm_content":"회의중입니다 잠시 후 재시도하세요"}
● 2020-09-22 17:33:04 / Tue > RequestCurl (teachercall.config) > INFO :: params ▶ {"Agency":"TC0010100","type":"0","Name":"긴급회의","TtsData":"회의중입니다 잠시 후 재시도하세요","MentIndex":"4508"}
● 2020-09-22 17:33:04 / Tue > RequestCurl (teachercall.config) > INFO :: reqUrl ▶ ["http://27.255.100.84:7123/tlogpbx111.asp"]
● 2020-09-22 17:33:04 / Tue > RequestCurl (teachercall.config) > INFO :: plain params ▶ ["Agency=TC0010100&type=0&Name=%EA%B8%B4%EA%B8%89%ED%9A%8C%EC%9D%98&TtsData=%ED%9A%8C%EC%9D%98%EC%A4%91%EC%9E%85%EB%8B%88%EB%8B%A4+%EC%9E%A0%EC%8B%9C+%ED%9B%84+%EC%9E%AC%EC%8B%9C%EB%8F%84%ED%95%98%EC%84%B8%EC%9A%94&MentIndex=4508"]
● 2020-09-22 17:33:04 / Tue > RequestCurl (teachercall.config) > DEBUG :: Request output ▶ ["{\"Result\":\"1\",\"Agency\":\"TC0010100\",\"MentIndex\":\"4508\",\"DNIS\":\"TC0010100\",\"ErrCode\":\"0\"}\r\n"]
● 2020-09-22 17:33:04 / Tue > RequestCurl (teachercall.config) > INFO :: params ▶ {"Agency":"TC0010100","type":"0","Name":"긴급회의","TtsData":"회의중입니다 잠시 후 재시도하세요","MentIndex":"4508"}
● 2020-09-22 17:33:04 / Tue > RequestCurl (teachercall.config) > INFO :: reqUrl ▶ ["http://27.255.100.84:7123/tlogpbx101.asp"]
● 2020-09-22 17:33:04 / Tue > RequestCurl (teachercall.config) > INFO :: plain params ▶ ["Agency=TC0010100&type=0&Name=%EA%B8%B4%EA%B8%89%ED%9A%8C%EC%9D%98&TtsData=%ED%9A%8C%EC%9D%98%EC%A4%91%EC%9E%85%EB%8B%88%EB%8B%A4+%EC%9E%A0%EC%8B%9C+%ED%9B%84+%EC%9E%AC%EC%8B%9C%EB%8F%84%ED%95%98%EC%84%B8%EC%9A%94&MentIndex=4508"]
● 2020-09-22 17:33:05 / Tue > RequestCurl (teachercall.config) > DEBUG :: Request output ▶ ["{\"Result\":\"1\",\"Agency\":\"TC0010100\",\"DNIS\":\"TC0010100\",\"MentIndex\":\"4570\",\"Filename\":\"TN_TC0010100_20200922-173241.wav\",\"ErrCode\":\"0\"}\r\n"]
● 2020-09-22 17:33:05 / Tue > Ment (ajax.gmember_ment_update) > INFO :: sql ▶ [" update g5_call_ment  set\n                   cm_idx = '4570', cm_type = '0', cm_name = '긴급회의', cm_content = '회의중입니다 잠시 후 재시도하세요',\n                   cm_filename = 'TN_TC0010100_20200922-173241.wav'\n                   where mb_id = 'tcall_2214665013' and cm_no = '11'\n                     "]
● 2020-09-22 17:33:21 / Tue > Ment (ajax.gmember_ment_update) > DEBUG :: ment_create ▶ {"cm_no":"9","cm_type":"1","cm_idx":"4506","cm_name":"티처콜1","cm_content":"티처콜에서 전화왔습니다"}
● 2020-09-22 17:33:21 / Tue > RequestCurl (teachercall.config) > INFO :: params ▶ {"Agency":"TC0010100","type":"1","Name":"티처콜1","TtsData":"티처콜에서 전화왔습니다","MentIndex":"4506"}
● 2020-09-22 17:33:21 / Tue > RequestCurl (teachercall.config) > INFO :: reqUrl ▶ ["http://27.255.100.84:7123/tlogpbx111.asp"]
● 2020-09-22 17:33:21 / Tue > RequestCurl (teachercall.config) > INFO :: plain params ▶ ["Agency=TC0010100&type=1&Name=%ED%8B%B0%EC%B2%98%EC%BD%9C1&TtsData=%ED%8B%B0%EC%B2%98%EC%BD%9C%EC%97%90%EC%84%9C+%EC%A0%84%ED%99%94%EC%99%94%EC%8A%B5%EB%8B%88%EB%8B%A4&MentIndex=4506"]
● 2020-09-22 17:33:21 / Tue > RequestCurl (teachercall.config) > DEBUG :: Request output ▶ ["{\"Result\":\"1\",\"Agency\":\"TC0010100\",\"MentIndex\":\"4506\",\"DNIS\":\"TC0010100\",\"ErrCode\":\"0\"}\r\n"]
● 2020-09-22 17:33:21 / Tue > RequestCurl (teachercall.config) > INFO :: params ▶ {"Agency":"TC0010100","type":"1","Name":"티처콜1","TtsData":"티처콜에서 전화왔습니다","MentIndex":"4506"}
● 2020-09-22 17:33:21 / Tue > RequestCurl (teachercall.config) > INFO :: reqUrl ▶ ["http://27.255.100.84:7123/tlogpbx101.asp"]
● 2020-09-22 17:33:21 / Tue > RequestCurl (teachercall.config) > INFO :: plain params ▶ ["Agency=TC0010100&type=1&Name=%ED%8B%B0%EC%B2%98%EC%BD%9C1&TtsData=%ED%8B%B0%EC%B2%98%EC%BD%9C%EC%97%90%EC%84%9C+%EC%A0%84%ED%99%94%EC%99%94%EC%8A%B5%EB%8B%88%EB%8B%A4&MentIndex=4506"]
● 2020-09-22 17:33:22 / Tue > RequestCurl (teachercall.config) > DEBUG :: Request output ▶ ["{\"Result\":\"1\",\"Agency\":\"TC0010100\",\"DNIS\":\"TC0010100\",\"MentIndex\":\"4571\",\"Filename\":\"TN_TC0010100_20200922-173258.wav\",\"ErrCode\":\"0\"}\r\n"]
● 2020-09-22 17:33:22 / Tue > Ment (ajax.gmember_ment_update) > INFO :: sql ▶ [" update g5_call_ment  set\n                   cm_idx = '4571', cm_type = '1', cm_name = '티처콜1', cm_content = '티처콜에서 전화왔습니다',\n                   cm_filename = 'TN_TC0010100_20200922-173258.wav'\n                   where mb_id = 'tcall_2214665013' and cm_no = '9'\n                     "]
● 2020-09-22 17:35:38 / Tue > DashBoard (ajax.tnms_stat) > INFO :: sms query ▶ ["select count(*)  from g5_tnms_log\r\n     where  mg_no = '879'  and DATE_FORMAT(cm_datetime,'%Y-%m-%d') = '2020-09-22' and cm_time > 0"]
● 2020-09-22 17:35:38 / Tue > DashBoard (ajax.tnms_stat) > INFO :: tnms query ▶ ["select count(*)  from g5_tnms_log\r\n     where  mg_no = '879' and cm_month = '2020-09' and cm_time > 0 "]
● 2020-09-22 18:01:44 / Tue > DashBoard (ajax.tnms_stat) > INFO :: sms query ▶ ["select count(*)  from g5_tnms_log\r\n     where  mg_no = '879'  and DATE_FORMAT(cm_datetime,'%Y-%m-%d') = '2020-09-22' and cm_time > 0"]
● 2020-09-22 18:01:44 / Tue > DashBoard (ajax.tnms_stat) > INFO :: tnms query ▶ ["select count(*)  from g5_tnms_log\r\n     where  mg_no = '879' and cm_month = '2020-09' and cm_time > 0 "]
● 2020-09-22 18:02:01 / Tue > DashBoard (ajax.tnms_stat) > INFO :: sms query ▶ ["select count(*)  from g5_tnms_log\r\n     where  mg_no = '879'  and DATE_FORMAT(cm_datetime,'%Y-%m-%d') = '2020-09-22' and cm_time > 0"]
● 2020-09-22 18:02:01 / Tue > DashBoard (ajax.tnms_stat) > INFO :: tnms query ▶ ["select count(*)  from g5_tnms_log\r\n     where  mg_no = '879' and cm_month = '2020-09' and cm_time > 0 "]
● 2020-09-22 18:41:45 / Tue > Worktime (ajax.member_worktime_update) > DEBUG :: Post 1 ▶ {"wt_no":"6","wt_start_time":"10:00","wt_end_time":"19:00","work_days":null,"wt_fwd_ment_idx":"71","wt_fwd_ment_name":"[공통] 전화연결[착신] 멘트","wt_rcv_ment_idx":"71","wt_rcv_ment_name":"[공통] 전화연결[착신] 멘트","wt_end_ment_idx":"22","wt_end_ment_name":"[공통] 업무종료 멘트","wt_lunch_start_time":"","wt_lunch_end_time":"","wt_lunch_ment_idx":"","wt_lunch_ment_name":""}
● 2020-09-22 18:41:45 / Tue > Worktime (ajax.member_worktime_update) > DEBUG :: Post 2 ▶ {"wt_no":"6","wt_start_time":"10:00","wt_end_time":"19:00","work_days":null,"wt_fwd_ment_idx":"71","wt_fwd_ment_name":"[공통] 전화연결[착신] 멘트","wt_rcv_ment_idx":"71","wt_rcv_ment_name":"[공통] 전화연결[착신] 멘트","wt_end_ment_idx":"22","wt_end_ment_name":"[공통] 업무종료 멘트","wt_lunch_start_time":"","wt_lunch_end_time":"","wt_lunch_ment_idx":"","wt_lunch_ment_name":""}
● 2020-09-22 18:41:45 / Tue > Worktime (ajax.member_worktime_update) > DEBUG :: days ▶ ["1","2","3","4","5"]
● 2020-09-22 18:41:45 / Tue > RequestCurl (teachercall.config) > INFO :: params ▶ {"Agency":"TC0010300","Work_Start":"1000","Work_End":"1900","Work_F_ment":"71","Work_R_ment":"71","Work_E_ment":"22","Work_Days":"12345","Lunch_Start":"","Lunch_End":"","Lunch_ment":"","DNIS":"050841764280"}
● 2020-09-22 18:41:45 / Tue > RequestCurl (teachercall.config) > INFO :: reqUrl ▶ ["http://27.255.100.84:7123/tlogpbx201.asp"]
● 2020-09-22 18:41:45 / Tue > RequestCurl (teachercall.config) > INFO :: plain params ▶ ["Agency=TC0010300&Work_Start=1000&Work_End=1900&Work_F_ment=71&Work_R_ment=71&Work_E_ment=22&Work_Days=12345&Lunch_Start=&Lunch_End=&Lunch_ment=&DNIS=050841764280"]
● 2020-09-22 18:41:45 / Tue > RequestCurl (teachercall.config) > DEBUG :: Request output ▶ ["{\"Result\":\"1\",\"Agency\":\"TC0010300\",\"DNIS\":\"050841764280\",\"ErrCode\":\"0\"}\r\n"]
● 2020-09-22 18:41:45 / Tue > Worktime (ajax.member_worktime_update) > INFO :: sql ▶ [" update g5_work_time set\n              wt_start_time = '10:00' , wt_end_time = '19:00', wt_work_days = '1,2,3,4,5',\n           wt_fwd_ment_idx = '71', wt_rcv_ment_idx = '71', wt_end_ment_idx = '22'     where mb_id = '050841764280' and wt_no = '6'     "]
● 2020-09-22 18:43:20 / Tue > Worktime (ajax.member_worktime_update) > DEBUG :: Post 1 ▶ {"wt_no":"6","wt_start_time":"09:00","wt_end_time":"19:00","work_days":null,"wt_fwd_ment_idx":"71","wt_fwd_ment_name":"[공통] 전화연결[착신] 멘트","wt_rcv_ment_idx":"71","wt_rcv_ment_name":"[공통] 전화연결[착신] 멘트","wt_end_ment_idx":"22","wt_end_ment_name":"[공통] 업무종료 멘트","wt_lunch_start_time":"","wt_lunch_end_time":"","wt_lunch_ment_idx":"","wt_lunch_ment_name":""}
● 2020-09-22 18:43:20 / Tue > Worktime (ajax.member_worktime_update) > DEBUG :: Post 2 ▶ {"wt_no":"6","wt_start_time":"09:00","wt_end_time":"19:00","work_days":null,"wt_fwd_ment_idx":"71","wt_fwd_ment_name":"[공통] 전화연결[착신] 멘트","wt_rcv_ment_idx":"71","wt_rcv_ment_name":"[공통] 전화연결[착신] 멘트","wt_end_ment_idx":"22","wt_end_ment_name":"[공통] 업무종료 멘트","wt_lunch_start_time":"","wt_lunch_end_time":"","wt_lunch_ment_idx":"","wt_lunch_ment_name":""}
● 2020-09-22 18:43:20 / Tue > Worktime (ajax.member_worktime_update) > DEBUG :: days ▶ ["1","2","3","4","5"]
● 2020-09-22 18:43:20 / Tue > RequestCurl (teachercall.config) > INFO :: params ▶ {"Agency":"TC0010300","Work_Start":"0900","Work_End":"1900","Work_F_ment":"71","Work_R_ment":"71","Work_E_ment":"22","Work_Days":"12345","Lunch_Start":"","Lunch_End":"","Lunch_ment":"","DNIS":"050841764280"}
● 2020-09-22 18:43:20 / Tue > RequestCurl (teachercall.config) > INFO :: reqUrl ▶ ["http://27.255.100.84:7123/tlogpbx201.asp"]
● 2020-09-22 18:43:20 / Tue > RequestCurl (teachercall.config) > INFO :: plain params ▶ ["Agency=TC0010300&Work_Start=0900&Work_End=1900&Work_F_ment=71&Work_R_ment=71&Work_E_ment=22&Work_Days=12345&Lunch_Start=&Lunch_End=&Lunch_ment=&DNIS=050841764280"]
● 2020-09-22 18:43:20 / Tue > RequestCurl (teachercall.config) > DEBUG :: Request output ▶ ["{\"Result\":\"1\",\"Agency\":\"TC0010300\",\"DNIS\":\"050841764280\",\"ErrCode\":\"0\"}\r\n"]
● 2020-09-22 18:43:20 / Tue > Worktime (ajax.member_worktime_update) > INFO :: sql ▶ [" update g5_work_time set\n              wt_start_time = '09:00' , wt_end_time = '19:00', wt_work_days = '1,2,3,4,5',\n           wt_fwd_ment_idx = '71', wt_rcv_ment_idx = '71', wt_end_ment_idx = '22'     where mb_id = '050841764280' and wt_no = '6'     "]
