● 2020-11-17 11:34:11 / Tue > Worktime (ajax.member_worktime_update) > DEBUG :: Post 1 ▶ {"wt_no":"12","wt_start_time":"07:00","wt_end_time":"18:00","work_days":null,"wt_fwd_ment_idx":"71","wt_fwd_ment_name":"[공통] 전화연결[착신] 멘트","wt_rcv_ment_idx":"71","wt_rcv_ment_name":"[공통] 전화연결[착신] 멘트","wt_end_ment_idx":"22","wt_end_ment_name":"[공통] 업무종료 멘트","wt_lunch_start_time":"12:00","wt_lunch_end_time":"13:00","wt_lunch_ment_idx":"4537","wt_lunch_ment_name":"점심시간"}
● 2020-11-17 11:34:11 / Tue > Worktime (ajax.member_worktime_update) > DEBUG :: Post 2 ▶ {"wt_no":"12","wt_start_time":"07:00","wt_end_time":"18:00","work_days":null,"wt_fwd_ment_idx":"71","wt_fwd_ment_name":"[공통] 전화연결[착신] 멘트","wt_rcv_ment_idx":"71","wt_rcv_ment_name":"[공통] 전화연결[착신] 멘트","wt_end_ment_idx":"22","wt_end_ment_name":"[공통] 업무종료 멘트","wt_lunch_start_time":"12:00","wt_lunch_end_time":"13:00","wt_lunch_ment_idx":"4537","wt_lunch_ment_name":"점심시간"}
● 2020-11-17 11:34:11 / Tue > Worktime (ajax.member_worktime_update) > DEBUG :: days ▶ ["1","2","3","4","5"]
● 2020-11-17 11:34:11 / Tue > RequestCurl (teachercall.config) > INFO :: params ▶ {"Agency":"TC0010100","Work_Start":"0700","Work_End":"1800","Work_F_ment":"71","Work_R_ment":"71","Work_E_ment":"22","Work_Days":"12345","Lunch_Start":"1200","Lunch_End":"1300","Lunch_ment":"4537","DNIS":"050841764279"}
● 2020-11-17 11:34:11 / Tue > RequestCurl (teachercall.config) > INFO :: reqUrl ▶ ["http://27.255.100.84:7123/tlogpbx201.asp"]
● 2020-11-17 11:34:11 / Tue > RequestCurl (teachercall.config) > INFO :: plain params ▶ ["Agency=TC0010100&Work_Start=0700&Work_End=1800&Work_F_ment=71&Work_R_ment=71&Work_E_ment=22&Work_Days=12345&Lunch_Start=1200&Lunch_End=1300&Lunch_ment=4537&DNIS=050841764279"]
● 2020-11-17 11:34:11 / Tue > RequestCurl (teachercall.config) > DEBUG :: Request output ▶ ["{\"Result\":\"1\",\"Agency\":\"TC0010100\",\"DNIS\":\"050841764279\",\"ErrCode\":\"0\"}\r\n"]
● 2020-11-17 11:34:11 / Tue > Worktime (ajax.member_worktime_update) > INFO :: sql ▶ [" update g5_work_time set\n              wt_start_time = '07:00' , wt_end_time = '18:00', wt_work_days = '1,2,3,4,5',\n           wt_fwd_ment_idx = '71', wt_rcv_ment_idx = '71', wt_end_ment_idx = '22'  , wt_lunch_start_time = '12:00', wt_lunch_end_time = '13:00', wt_lunch_ment_idx = '4537'     where mb_id = '050841764279' and wt_no = '12'     "]
● 2020-11-17 11:34:16 / Tue > Worktime (ajax.member_worktime_update) > DEBUG :: Post 1 ▶ {"wt_no":"12","wt_start_time":"07:00","wt_end_time":"18:00","work_days":null,"wt_fwd_ment_idx":"71","wt_fwd_ment_name":"[공통] 전화연결[착신] 멘트","wt_rcv_ment_idx":"71","wt_rcv_ment_name":"[공통] 전화연결[착신] 멘트","wt_end_ment_idx":"22","wt_end_ment_name":"[공통] 업무종료 멘트","wt_lunch_start_time":"12:00","wt_lunch_end_time":"13:00","wt_lunch_ment_idx":"4537","wt_lunch_ment_name":"점심시간"}
● 2020-11-17 11:34:16 / Tue > Worktime (ajax.member_worktime_update) > DEBUG :: Post 2 ▶ {"wt_no":"12","wt_start_time":"07:00","wt_end_time":"18:00","work_days":null,"wt_fwd_ment_idx":"71","wt_fwd_ment_name":"[공통] 전화연결[착신] 멘트","wt_rcv_ment_idx":"71","wt_rcv_ment_name":"[공통] 전화연결[착신] 멘트","wt_end_ment_idx":"22","wt_end_ment_name":"[공통] 업무종료 멘트","wt_lunch_start_time":"12:00","wt_lunch_end_time":"13:00","wt_lunch_ment_idx":"4537","wt_lunch_ment_name":"점심시간"}
● 2020-11-17 11:34:16 / Tue > Worktime (ajax.member_worktime_update) > DEBUG :: days ▶ ["1","2","3","4","5"]
● 2020-11-17 11:34:16 / Tue > RequestCurl (teachercall.config) > INFO :: params ▶ {"Agency":"TC0010100","Work_Start":"0700","Work_End":"1800","Work_F_ment":"71","Work_R_ment":"71","Work_E_ment":"22","Work_Days":"12345","Lunch_Start":"1200","Lunch_End":"1300","Lunch_ment":"4537","DNIS":"050841764279"}
● 2020-11-17 11:34:16 / Tue > RequestCurl (teachercall.config) > INFO :: reqUrl ▶ ["http://27.255.100.84:7123/tlogpbx201.asp"]
● 2020-11-17 11:34:16 / Tue > RequestCurl (teachercall.config) > INFO :: plain params ▶ ["Agency=TC0010100&Work_Start=0700&Work_End=1800&Work_F_ment=71&Work_R_ment=71&Work_E_ment=22&Work_Days=12345&Lunch_Start=1200&Lunch_End=1300&Lunch_ment=4537&DNIS=050841764279"]
● 2020-11-17 11:34:16 / Tue > RequestCurl (teachercall.config) > DEBUG :: Request output ▶ ["{\"Result\":\"1\",\"Agency\":\"TC0010100\",\"DNIS\":\"050841764279\",\"ErrCode\":\"0\"}\r\n"]
● 2020-11-17 11:34:16 / Tue > Worktime (ajax.member_worktime_update) > INFO :: sql ▶ [" update g5_work_time set\n              wt_start_time = '07:00' , wt_end_time = '18:00', wt_work_days = '1,2,3,4,5',\n           wt_fwd_ment_idx = '71', wt_rcv_ment_idx = '71', wt_end_ment_idx = '22'  , wt_lunch_start_time = '12:00', wt_lunch_end_time = '13:00', wt_lunch_ment_idx = '4537'     where mb_id = '050841764279' and wt_no = '12'     "]
● 2020-11-17 11:35:29 / Tue > Worktime (ajax.member_worktime_update) > DEBUG :: Post 1 ▶ {"wt_no":"12","wt_start_time":"08:00","wt_end_time":"18:00","work_days":null,"wt_fwd_ment_idx":"71","wt_fwd_ment_name":"[공통] 전화연결[착신] 멘트","wt_rcv_ment_idx":"71","wt_rcv_ment_name":"[공통] 전화연결[착신] 멘트","wt_end_ment_idx":"22","wt_end_ment_name":"[공통] 업무종료 멘트","wt_lunch_start_time":"12:00","wt_lunch_end_time":"13:00","wt_lunch_ment_idx":"4537","wt_lunch_ment_name":"점심시간"}
● 2020-11-17 11:35:29 / Tue > Worktime (ajax.member_worktime_update) > DEBUG :: Post 2 ▶ {"wt_no":"12","wt_start_time":"08:00","wt_end_time":"18:00","work_days":null,"wt_fwd_ment_idx":"71","wt_fwd_ment_name":"[공통] 전화연결[착신] 멘트","wt_rcv_ment_idx":"71","wt_rcv_ment_name":"[공통] 전화연결[착신] 멘트","wt_end_ment_idx":"22","wt_end_ment_name":"[공통] 업무종료 멘트","wt_lunch_start_time":"12:00","wt_lunch_end_time":"13:00","wt_lunch_ment_idx":"4537","wt_lunch_ment_name":"점심시간"}
● 2020-11-17 11:35:29 / Tue > Worktime (ajax.member_worktime_update) > DEBUG :: days ▶ ["1","2","3","4","5","6"]
● 2020-11-17 11:35:29 / Tue > RequestCurl (teachercall.config) > INFO :: params ▶ {"Agency":"TC0010100","Work_Start":"0800","Work_End":"1800","Work_F_ment":"71","Work_R_ment":"71","Work_E_ment":"22","Work_Days":"123456","Lunch_Start":"1200","Lunch_End":"1300","Lunch_ment":"4537","DNIS":"050841764279"}
● 2020-11-17 11:35:29 / Tue > RequestCurl (teachercall.config) > INFO :: reqUrl ▶ ["http://27.255.100.84:7123/tlogpbx201.asp"]
● 2020-11-17 11:35:29 / Tue > RequestCurl (teachercall.config) > INFO :: plain params ▶ ["Agency=TC0010100&Work_Start=0800&Work_End=1800&Work_F_ment=71&Work_R_ment=71&Work_E_ment=22&Work_Days=123456&Lunch_Start=1200&Lunch_End=1300&Lunch_ment=4537&DNIS=050841764279"]
● 2020-11-17 11:35:29 / Tue > RequestCurl (teachercall.config) > DEBUG :: Request output ▶ ["{\"Result\":\"1\",\"Agency\":\"TC0010100\",\"DNIS\":\"050841764279\",\"ErrCode\":\"0\"}\r\n"]
● 2020-11-17 11:35:29 / Tue > Worktime (ajax.member_worktime_update) > INFO :: sql ▶ [" update g5_work_time set\n              wt_start_time = '08:00' , wt_end_time = '18:00', wt_work_days = '1,2,3,4,5,6',\n           wt_fwd_ment_idx = '71', wt_rcv_ment_idx = '71', wt_end_ment_idx = '22'  , wt_lunch_start_time = '12:00', wt_lunch_end_time = '13:00', wt_lunch_ment_idx = '4537'     where mb_id = '050841764279' and wt_no = '12'     "]
● 2020-11-17 11:58:04 / Tue > Worktime (ajax.member_worktime_update) > DEBUG :: Post 1 ▶ {"wt_no":"12","wt_start_time":"07:00","wt_end_time":"18:00","work_days":null,"wt_fwd_ment_idx":"1501","wt_fwd_ment_name":"[공통] 학교 통화안내 멘트","wt_rcv_ment_idx":"1501","wt_rcv_ment_name":"[공통] 학교 통화안내 멘트","wt_end_ment_idx":"1501","wt_end_ment_name":"[공통] 학교 통화안내 멘트","wt_lunch_start_time":"12:00","wt_lunch_end_time":"13:00","wt_lunch_ment_idx":"74","wt_lunch_ment_name":"[공통] 점심시간(12시~1시)"}
● 2020-11-17 11:58:04 / Tue > Worktime (ajax.member_worktime_update) > DEBUG :: Post 2 ▶ {"wt_no":"12","wt_start_time":"07:00","wt_end_time":"18:00","work_days":null,"wt_fwd_ment_idx":"1501","wt_fwd_ment_name":"[공통] 학교 통화안내 멘트","wt_rcv_ment_idx":"1501","wt_rcv_ment_name":"[공통] 학교 통화안내 멘트","wt_end_ment_idx":"1501","wt_end_ment_name":"[공통] 학교 통화안내 멘트","wt_lunch_start_time":"12:00","wt_lunch_end_time":"13:00","wt_lunch_ment_idx":"74","wt_lunch_ment_name":"[공통] 점심시간(12시~1시)"}
● 2020-11-17 11:58:04 / Tue > Worktime (ajax.member_worktime_update) > DEBUG :: days ▶ ["1","2","3","4","5","6"]
● 2020-11-17 11:58:04 / Tue > RequestCurl (teachercall.config) > INFO :: params ▶ {"Agency":"TC0010100","Work_Start":"0700","Work_End":"1800","Work_F_ment":"1501","Work_R_ment":"1501","Work_E_ment":"1501","Work_Days":"123456","Lunch_Start":"1200","Lunch_End":"1300","Lunch_ment":"74","DNIS":"050841764279"}
● 2020-11-17 11:58:04 / Tue > RequestCurl (teachercall.config) > INFO :: reqUrl ▶ ["http://27.255.100.84:7123/tlogpbx201.asp"]
● 2020-11-17 11:58:04 / Tue > RequestCurl (teachercall.config) > INFO :: plain params ▶ ["Agency=TC0010100&Work_Start=0700&Work_End=1800&Work_F_ment=1501&Work_R_ment=1501&Work_E_ment=1501&Work_Days=123456&Lunch_Start=1200&Lunch_End=1300&Lunch_ment=74&DNIS=050841764279"]
● 2020-11-17 11:58:04 / Tue > RequestCurl (teachercall.config) > DEBUG :: Request output ▶ ["{\"Result\":\"1\",\"Agency\":\"TC0010100\",\"DNIS\":\"050841764279\",\"ErrCode\":\"0\"}\r\n"]
● 2020-11-17 11:58:04 / Tue > Worktime (ajax.member_worktime_update) > INFO :: sql ▶ [" update g5_work_time set\n              wt_start_time = '07:00' , wt_end_time = '18:00', wt_work_days = '1,2,3,4,5,6',\n           wt_fwd_ment_idx = '1501', wt_rcv_ment_idx = '1501', wt_end_ment_idx = '1501'  , wt_lunch_start_time = '12:00', wt_lunch_end_time = '13:00', wt_lunch_ment_idx = '74'     where mb_id = '050841764279' and wt_no = '12'     "]
● 2020-11-17 17:06:47 / Tue > DashBoard (ajax.tnms_stat) > INFO :: sms query ▶ ["select count(*)  from g5_tnms_log\r\n     where  mg_no = '882'  and DATE_FORMAT(cm_datetime,'%Y-%m-%d') = '2020-11-17' and cm_time > 0"]
● 2020-11-17 17:06:47 / Tue > DashBoard (ajax.tnms_stat) > INFO :: tnms query ▶ ["select count(*)  from g5_tnms_log\r\n     where  mg_no = '882' and cm_month = '2020-11' and cm_time > 0 "]
