● 2020-09-26 11:55:21 / Sat > Worktime (ajax.member_worktime_update) > DEBUG :: Post 1 ▶ {"wt_no":"","wt_start_time":"07:00","wt_end_time":"16:00","work_days":null,"wt_fwd_ment_idx":"71","wt_fwd_ment_name":"[공통] 전화연결[착신] 멘트","wt_rcv_ment_idx":"71","wt_rcv_ment_name":"[공통] 전화연결[착신] 멘트","wt_end_ment_idx":"4519","wt_end_ment_name":"[학교] 업무종료","wt_lunch_start_time":"","wt_lunch_end_time":"","wt_lunch_ment_idx":"","wt_lunch_ment_name":""}
● 2020-09-26 11:55:21 / Sat > Worktime (ajax.member_worktime_update) > DEBUG :: Post 2 ▶ {"wt_no":"","wt_start_time":"07:00","wt_end_time":"16:00","work_days":null,"wt_fwd_ment_idx":"71","wt_fwd_ment_name":"[공통] 전화연결[착신] 멘트","wt_rcv_ment_idx":"71","wt_rcv_ment_name":"[공통] 전화연결[착신] 멘트","wt_end_ment_idx":"4519","wt_end_ment_name":"[학교] 업무종료","wt_lunch_start_time":"","wt_lunch_end_time":"","wt_lunch_ment_idx":"","wt_lunch_ment_name":""}
● 2020-09-26 11:55:21 / Sat > Worktime (ajax.member_worktime_update) > DEBUG :: days ▶ ["1","2","3","4","5"]
● 2020-09-26 11:55:21 / Sat > RequestCurl (teachercall.config) > INFO :: params ▶ {"Agency":"TC0010100","Work_Start":"0700","Work_End":"1600","Work_F_ment":"71","Work_R_ment":"71","Work_E_ment":"4519","Work_Days":"12345","Lunch_Start":"","Lunch_End":"","Lunch_ment":"","DNIS":"050841764279"}
● 2020-09-26 11:55:21 / Sat > RequestCurl (teachercall.config) > INFO :: reqUrl ▶ ["http://27.255.100.84:7123/tlogpbx201.asp"]
● 2020-09-26 11:55:21 / Sat > RequestCurl (teachercall.config) > INFO :: plain params ▶ ["Agency=TC0010100&Work_Start=0700&Work_End=1600&Work_F_ment=71&Work_R_ment=71&Work_E_ment=4519&Work_Days=12345&Lunch_Start=&Lunch_End=&Lunch_ment=&DNIS=050841764279"]
● 2020-09-26 11:55:21 / Sat > RequestCurl (teachercall.config) > DEBUG :: Request output ▶ ["{\"Result\":\"1\",\"Agency\":\"TC0010100\",\"DNIS\":\"050841764279\",\"ErrCode\":\"0\"}\r\n"]
● 2020-09-26 11:55:21 / Sat > Worktime (ajax.member_worktime_update) > INFO :: sql ▶ ["insert into g5_work_time  set\n          mb_id = '050841764279', mg_no = '879', mb_level = '3',\n          wt_start_time = '07:00' , wt_end_time = '16:00', wt_work_days = '1,2,3,4,5',\n           wt_fwd_ment_idx = '71', wt_rcv_ment_idx = '71', wt_end_ment_idx = '4519' "]
● 2020-09-26 11:55:30 / Sat > Worktime (ajax.member_worktime_update) > DEBUG :: Post 1 ▶ {"wt_no":"","wt_start_time":"07:00","wt_end_time":"16:00","work_days":null,"wt_fwd_ment_idx":"71","wt_fwd_ment_name":"[공통] 전화연결[착신] 멘트","wt_rcv_ment_idx":"71","wt_rcv_ment_name":"[공통] 전화연결[착신] 멘트","wt_end_ment_idx":"4519","wt_end_ment_name":"[학교] 업무종료","wt_lunch_start_time":"","wt_lunch_end_time":"","wt_lunch_ment_idx":"","wt_lunch_ment_name":""}
● 2020-09-26 11:55:30 / Sat > Worktime (ajax.member_worktime_update) > DEBUG :: Post 2 ▶ {"wt_no":"","wt_start_time":"07:00","wt_end_time":"16:00","work_days":null,"wt_fwd_ment_idx":"71","wt_fwd_ment_name":"[공통] 전화연결[착신] 멘트","wt_rcv_ment_idx":"71","wt_rcv_ment_name":"[공통] 전화연결[착신] 멘트","wt_end_ment_idx":"4519","wt_end_ment_name":"[학교] 업무종료","wt_lunch_start_time":"","wt_lunch_end_time":"","wt_lunch_ment_idx":"","wt_lunch_ment_name":""}
● 2020-09-26 11:55:30 / Sat > Worktime (ajax.member_worktime_update) > DEBUG :: days ▶ ["1","2","3","4","5"]
● 2020-09-26 11:55:30 / Sat > RequestCurl (teachercall.config) > INFO :: params ▶ {"Agency":"TC0010100","Work_Start":"0700","Work_End":"1600","Work_F_ment":"71","Work_R_ment":"71","Work_E_ment":"4519","Work_Days":"12345","Lunch_Start":"","Lunch_End":"","Lunch_ment":"","DNIS":"050841764279"}
● 2020-09-26 11:55:30 / Sat > RequestCurl (teachercall.config) > INFO :: reqUrl ▶ ["http://27.255.100.84:7123/tlogpbx201.asp"]
● 2020-09-26 11:55:30 / Sat > RequestCurl (teachercall.config) > INFO :: plain params ▶ ["Agency=TC0010100&Work_Start=0700&Work_End=1600&Work_F_ment=71&Work_R_ment=71&Work_E_ment=4519&Work_Days=12345&Lunch_Start=&Lunch_End=&Lunch_ment=&DNIS=050841764279"]
● 2020-09-26 11:55:30 / Sat > RequestCurl (teachercall.config) > DEBUG :: Request output ▶ ["{\"Result\":\"1\",\"Agency\":\"TC0010100\",\"DNIS\":\"050841764279\",\"ErrCode\":\"0\"}\r\n"]
● 2020-09-26 11:55:30 / Sat > Worktime (ajax.member_worktime_update) > INFO :: sql ▶ [" update g5_work_time set\n              wt_start_time = '07:00' , wt_end_time = '16:00', wt_work_days = '1,2,3,4,5',\n           wt_fwd_ment_idx = '71', wt_rcv_ment_idx = '71', wt_end_ment_idx = '4519'     where mb_id = '050841764279' and wt_no = ''     "]
● 2020-09-26 11:56:48 / Sat > Worktime (ajax.member_worktime_update) > DEBUG :: Post 1 ▶ {"wt_no":"12","wt_start_time":"07:00","wt_end_time":"18:00","work_days":null,"wt_fwd_ment_idx":"71","wt_fwd_ment_name":"[공통] 전화연결[착신] 멘트","wt_rcv_ment_idx":"71","wt_rcv_ment_name":"[공통] 전화연결[착신] 멘트","wt_end_ment_idx":"4519","wt_end_ment_name":"업무종료","wt_lunch_start_time":"","wt_lunch_end_time":"","wt_lunch_ment_idx":"","wt_lunch_ment_name":""}
● 2020-09-26 11:56:48 / Sat > Worktime (ajax.member_worktime_update) > DEBUG :: Post 2 ▶ {"wt_no":"12","wt_start_time":"07:00","wt_end_time":"18:00","work_days":null,"wt_fwd_ment_idx":"71","wt_fwd_ment_name":"[공통] 전화연결[착신] 멘트","wt_rcv_ment_idx":"71","wt_rcv_ment_name":"[공통] 전화연결[착신] 멘트","wt_end_ment_idx":"4519","wt_end_ment_name":"업무종료","wt_lunch_start_time":"","wt_lunch_end_time":"","wt_lunch_ment_idx":"","wt_lunch_ment_name":""}
● 2020-09-26 11:56:48 / Sat > Worktime (ajax.member_worktime_update) > DEBUG :: days ▶ ["1","2","3","4","5"]
● 2020-09-26 11:56:48 / Sat > RequestCurl (teachercall.config) > INFO :: params ▶ {"Agency":"TC0010100","Work_Start":"0700","Work_End":"1800","Work_F_ment":"71","Work_R_ment":"71","Work_E_ment":"4519","Work_Days":"12345","Lunch_Start":"","Lunch_End":"","Lunch_ment":"","DNIS":"050841764279"}
● 2020-09-26 11:56:48 / Sat > RequestCurl (teachercall.config) > INFO :: reqUrl ▶ ["http://27.255.100.84:7123/tlogpbx201.asp"]
● 2020-09-26 11:56:48 / Sat > RequestCurl (teachercall.config) > INFO :: plain params ▶ ["Agency=TC0010100&Work_Start=0700&Work_End=1800&Work_F_ment=71&Work_R_ment=71&Work_E_ment=4519&Work_Days=12345&Lunch_Start=&Lunch_End=&Lunch_ment=&DNIS=050841764279"]
● 2020-09-26 11:56:48 / Sat > RequestCurl (teachercall.config) > DEBUG :: Request output ▶ ["{\"Result\":\"1\",\"Agency\":\"TC0010100\",\"DNIS\":\"050841764279\",\"ErrCode\":\"0\"}\r\n"]
● 2020-09-26 11:56:48 / Sat > Worktime (ajax.member_worktime_update) > INFO :: sql ▶ [" update g5_work_time set\n              wt_start_time = '07:00' , wt_end_time = '18:00', wt_work_days = '1,2,3,4,5',\n           wt_fwd_ment_idx = '71', wt_rcv_ment_idx = '71', wt_end_ment_idx = '4519'     where mb_id = '050841764279' and wt_no = '12'     "]
● 2020-09-26 11:57:47 / Sat > Worktime (ajax.member_worktime_update) > DEBUG :: Post 1 ▶ {"wt_no":"12","wt_start_time":"07:00","wt_end_time":"18:00","work_days":null,"wt_fwd_ment_idx":"71","wt_fwd_ment_name":"[공통] 전화연결[착신] 멘트","wt_rcv_ment_idx":"71","wt_rcv_ment_name":"[공통] 전화연결[착신] 멘트","wt_end_ment_idx":"4519","wt_end_ment_name":"업무종료","wt_lunch_start_time":"12:00","wt_lunch_end_time":"13:00","wt_lunch_ment_idx":"4537","wt_lunch_ment_name":"[학교] 점심시간"}
● 2020-09-26 11:57:47 / Sat > Worktime (ajax.member_worktime_update) > DEBUG :: Post 2 ▶ {"wt_no":"12","wt_start_time":"07:00","wt_end_time":"18:00","work_days":null,"wt_fwd_ment_idx":"71","wt_fwd_ment_name":"[공통] 전화연결[착신] 멘트","wt_rcv_ment_idx":"71","wt_rcv_ment_name":"[공통] 전화연결[착신] 멘트","wt_end_ment_idx":"4519","wt_end_ment_name":"업무종료","wt_lunch_start_time":"12:00","wt_lunch_end_time":"13:00","wt_lunch_ment_idx":"4537","wt_lunch_ment_name":"[학교] 점심시간"}
● 2020-09-26 11:57:47 / Sat > Worktime (ajax.member_worktime_update) > DEBUG :: days ▶ ["1","2","3","4","5"]
● 2020-09-26 11:57:47 / Sat > RequestCurl (teachercall.config) > INFO :: params ▶ {"Agency":"TC0010100","Work_Start":"0700","Work_End":"1800","Work_F_ment":"71","Work_R_ment":"71","Work_E_ment":"4519","Work_Days":"12345","Lunch_Start":"1200","Lunch_End":"1300","Lunch_ment":"4537","DNIS":"050841764279"}
● 2020-09-26 11:57:47 / Sat > RequestCurl (teachercall.config) > INFO :: reqUrl ▶ ["http://27.255.100.84:7123/tlogpbx201.asp"]
● 2020-09-26 11:57:47 / Sat > RequestCurl (teachercall.config) > INFO :: plain params ▶ ["Agency=TC0010100&Work_Start=0700&Work_End=1800&Work_F_ment=71&Work_R_ment=71&Work_E_ment=4519&Work_Days=12345&Lunch_Start=1200&Lunch_End=1300&Lunch_ment=4537&DNIS=050841764279"]
● 2020-09-26 11:57:47 / Sat > RequestCurl (teachercall.config) > DEBUG :: Request output ▶ ["{\"Result\":\"1\",\"Agency\":\"TC0010100\",\"DNIS\":\"050841764279\",\"ErrCode\":\"0\"}\r\n"]
● 2020-09-26 11:57:47 / Sat > Worktime (ajax.member_worktime_update) > INFO :: sql ▶ [" update g5_work_time set\n              wt_start_time = '07:00' , wt_end_time = '18:00', wt_work_days = '1,2,3,4,5',\n           wt_fwd_ment_idx = '71', wt_rcv_ment_idx = '71', wt_end_ment_idx = '4519'  , wt_lunch_start_time = '12:00', wt_lunch_end_time = '13:00', wt_lunch_ment_idx = '4537'     where mb_id = '050841764279' and wt_no = '12'     "]
● 2020-09-26 11:57:51 / Sat > Worktime (ajax.member_worktime_update) > DEBUG :: Post 1 ▶ {"wt_no":"12","wt_start_time":"07:00","wt_end_time":"18:00","work_days":null,"wt_fwd_ment_idx":"71","wt_fwd_ment_name":"[공통] 전화연결[착신] 멘트","wt_rcv_ment_idx":"71","wt_rcv_ment_name":"[공통] 전화연결[착신] 멘트","wt_end_ment_idx":"4519","wt_end_ment_name":"업무종료","wt_lunch_start_time":"12:00","wt_lunch_end_time":"13:00","wt_lunch_ment_idx":"4537","wt_lunch_ment_name":"[학교] 점심시간"}
● 2020-09-26 11:57:51 / Sat > Worktime (ajax.member_worktime_update) > DEBUG :: Post 2 ▶ {"wt_no":"12","wt_start_time":"07:00","wt_end_time":"18:00","work_days":null,"wt_fwd_ment_idx":"71","wt_fwd_ment_name":"[공통] 전화연결[착신] 멘트","wt_rcv_ment_idx":"71","wt_rcv_ment_name":"[공통] 전화연결[착신] 멘트","wt_end_ment_idx":"4519","wt_end_ment_name":"업무종료","wt_lunch_start_time":"12:00","wt_lunch_end_time":"13:00","wt_lunch_ment_idx":"4537","wt_lunch_ment_name":"[학교] 점심시간"}
● 2020-09-26 11:57:51 / Sat > Worktime (ajax.member_worktime_update) > DEBUG :: days ▶ ["1","2","3","4","5"]
● 2020-09-26 11:57:51 / Sat > RequestCurl (teachercall.config) > INFO :: params ▶ {"Agency":"TC0010100","Work_Start":"0700","Work_End":"1800","Work_F_ment":"71","Work_R_ment":"71","Work_E_ment":"4519","Work_Days":"12345","Lunch_Start":"1200","Lunch_End":"1300","Lunch_ment":"4537","DNIS":"050841764279"}
● 2020-09-26 11:57:51 / Sat > RequestCurl (teachercall.config) > INFO :: reqUrl ▶ ["http://27.255.100.84:7123/tlogpbx201.asp"]
● 2020-09-26 11:57:51 / Sat > RequestCurl (teachercall.config) > INFO :: plain params ▶ ["Agency=TC0010100&Work_Start=0700&Work_End=1800&Work_F_ment=71&Work_R_ment=71&Work_E_ment=4519&Work_Days=12345&Lunch_Start=1200&Lunch_End=1300&Lunch_ment=4537&DNIS=050841764279"]
● 2020-09-26 11:57:51 / Sat > RequestCurl (teachercall.config) > DEBUG :: Request output ▶ ["{\"Result\":\"1\",\"Agency\":\"TC0010100\",\"DNIS\":\"050841764279\",\"ErrCode\":\"0\"}\r\n"]
● 2020-09-26 11:57:51 / Sat > Worktime (ajax.member_worktime_update) > INFO :: sql ▶ [" update g5_work_time set\n              wt_start_time = '07:00' , wt_end_time = '18:00', wt_work_days = '1,2,3,4,5',\n           wt_fwd_ment_idx = '71', wt_rcv_ment_idx = '71', wt_end_ment_idx = '4519'  , wt_lunch_start_time = '12:00', wt_lunch_end_time = '13:00', wt_lunch_ment_idx = '4537'     where mb_id = '050841764279' and wt_no = '12'     "]
