● 2020-09-21 13:03:39 / Mon > wav (curl.tlog_wav_android) > INFO :: reqPath ▶ ["/recnas/svcment/ADMIN_20200827-6663.wav"]
● 2020-09-21 13:03:39 / Mon > wav (curl.tlog_wav_android) > ERROR :: reqUrl ▶ ["http://adm.moa1000.co.kr/recnas/svcment/ADMIN_20200827-6663.wav"]
● 2020-09-21 13:03:39 / Mon > wav (curl.tlog_wav_android) > ERROR :: Request Error ▶ null
● 2020-09-21 13:03:41 / Mon > wav (curl.tlog_wav_android) > INFO :: reqPath ▶ ["/recnas/svcment/ADMIN_20200902-5448.wav"]
● 2020-09-21 13:03:41 / Mon > wav (curl.tlog_wav_android) > ERROR :: reqUrl ▶ ["http://adm.moa1000.co.kr/recnas/svcment/ADMIN_20200902-5448.wav"]
● 2020-09-21 13:03:42 / Mon > wav (curl.tlog_wav_android) > ERROR :: Request Error ▶ null
● 2020-09-21 13:07:15 / Mon > wav (curl.tlog_wav_android) > INFO :: reqPath ▶ ["/recnas/svcment/ADMIN_20200902-3658.wav"]
● 2020-09-21 13:07:15 / Mon > wav (curl.tlog_wav_android) > ERROR :: reqUrl ▶ ["http://adm.moa1000.co.kr/recnas/svcment/ADMIN_20200902-3658.wav"]
● 2020-09-21 13:07:15 / Mon > wav (curl.tlog_wav_android) > ERROR :: Request Error ▶ null
● 2020-09-21 13:07:17 / Mon > wav (curl.tlog_wav_android) > INFO :: reqPath ▶ ["/recnas/svcment/ADMIN_20200902-4848.wav"]
● 2020-09-21 13:07:17 / Mon > wav (curl.tlog_wav_android) > ERROR :: reqUrl ▶ ["http://adm.moa1000.co.kr/recnas/svcment/ADMIN_20200902-4848.wav"]
● 2020-09-21 13:07:17 / Mon > wav (curl.tlog_wav_android) > ERROR :: Request Error ▶ null
● 2020-09-21 13:07:23 / Mon > wav (curl.tlog_wav_android) > INFO :: reqPath ▶ ["/recnas/svcment/ADMIN_20200902-5448.wav"]
● 2020-09-21 13:07:23 / Mon > wav (curl.tlog_wav_android) > ERROR :: reqUrl ▶ ["http://adm.moa1000.co.kr/recnas/svcment/ADMIN_20200902-5448.wav"]
● 2020-09-21 13:07:23 / Mon > wav (curl.tlog_wav_android) > ERROR :: Request Error ▶ null
● 2020-09-21 13:10:59 / Mon > wav (curl.tlog_wav_android) > INFO :: reqPath ▶ ["/recnas/svcment/ADMIN_20200902-3658.wav"]
● 2020-09-21 13:10:59 / Mon > wav (curl.tlog_wav_android) > ERROR :: reqUrl ▶ ["http://adm.moa1000.co.kr/recnas/svcment/ADMIN_20200902-3658.wav"]
● 2020-09-21 13:10:59 / Mon > wav (curl.tlog_wav_android) > INFO :: output ▶ null
● 2020-09-21 13:11:02 / Mon > wav (curl.tlog_wav_android) > INFO :: reqPath ▶ ["/recnas/svcment/ADMIN_20200902-4848.wav"]
● 2020-09-21 13:11:02 / Mon > wav (curl.tlog_wav_android) > ERROR :: reqUrl ▶ ["http://adm.moa1000.co.kr/recnas/svcment/ADMIN_20200902-4848.wav"]
● 2020-09-21 13:11:02 / Mon > wav (curl.tlog_wav_android) > INFO :: output ▶ null
● 2020-09-21 13:11:03 / Mon > wav (curl.tlog_wav_android) > INFO :: reqPath ▶ ["/recnas/svcment/ADMIN_20200827-6663.wav"]
● 2020-09-21 13:11:03 / Mon > wav (curl.tlog_wav_android) > ERROR :: reqUrl ▶ ["http://adm.moa1000.co.kr/recnas/svcment/ADMIN_20200827-6663.wav"]
● 2020-09-21 13:11:03 / Mon > wav (curl.tlog_wav_android) > INFO :: output ▶ null
● 2020-09-21 13:12:32 / Mon > wav (curl.tlog_wav_android) > INFO :: reqPath ▶ ["/recnas/svcment/ADMIN_20200902-5448.wav"]
● 2020-09-21 13:12:32 / Mon > wav (curl.tlog_wav_android) > ERROR :: reqUrl ▶ ["http://adm.moa1000.co.kr/recnas/svcment/ADMIN_20200902-5448.wav"]
● 2020-09-21 13:12:33 / Mon > wav (curl.tlog_wav_android) > INFO :: output ▶ null
● 2020-09-21 13:12:35 / Mon > wav (curl.tlog_wav_android) > INFO :: reqPath ▶ ["/recnas/svcment/ADMIN_20200902-4848.wav"]
● 2020-09-21 13:12:35 / Mon > wav (curl.tlog_wav_android) > ERROR :: reqUrl ▶ ["http://adm.moa1000.co.kr/recnas/svcment/ADMIN_20200902-4848.wav"]
● 2020-09-21 13:12:35 / Mon > wav (curl.tlog_wav_android) > INFO :: output ▶ null
● 2020-09-21 13:12:37 / Mon > wav (curl.tlog_wav_android) > INFO :: reqPath ▶ ["/recnas/svcment/ADMIN_20200827-6663.wav"]
● 2020-09-21 13:12:37 / Mon > wav (curl.tlog_wav_android) > ERROR :: reqUrl ▶ ["http://adm.moa1000.co.kr/recnas/svcment/ADMIN_20200827-6663.wav"]
● 2020-09-21 13:12:37 / Mon > wav (curl.tlog_wav_android) > INFO :: output ▶ null
● 2020-09-21 13:12:40 / Mon > wav (curl.tlog_wav_android) > INFO :: reqPath ▶ ["/recnas/svcment/ADMIN_20200827-6745.wav"]
● 2020-09-21 13:12:40 / Mon > wav (curl.tlog_wav_android) > ERROR :: reqUrl ▶ ["http://adm.moa1000.co.kr/recnas/svcment/ADMIN_20200827-6745.wav"]
● 2020-09-21 13:12:40 / Mon > wav (curl.tlog_wav_android) > INFO :: output ▶ null
● 2020-09-21 13:16:51 / Mon > wav (curl.tlog_wav_android) > INFO :: reqPath ▶ ["/RecCID/2020/09/11/16/31788_5.WAV"]
● 2020-09-21 13:16:51 / Mon > wav (curl.tlog_wav_android) > ERROR :: reqUrl ▶ ["http://adm.moa1000.co.kr/RecCID/2020/09/11/16/31788_5.WAV"]
● 2020-09-21 13:16:52 / Mon > wav (curl.tlog_wav_android) > INFO :: output ▶ null
● 2020-09-21 13:16:54 / Mon > wav (curl.tlog_wav_android) > INFO :: reqPath ▶ ["/RecCID/2020/09/08/16/26999_5.WAV"]
● 2020-09-21 13:16:54 / Mon > wav (curl.tlog_wav_android) > ERROR :: reqUrl ▶ ["http://adm.moa1000.co.kr/RecCID/2020/09/08/16/26999_5.WAV"]
● 2020-09-21 13:16:54 / Mon > wav (curl.tlog_wav_android) > INFO :: output ▶ null
● 2020-09-21 13:33:23 / Mon > wav (curl.tlog_wav_android) > INFO :: reqPath ▶ ["/recnas/svcment/ADMIN_20200902-5448.wav"]
● 2020-09-21 13:33:23 / Mon > wav (curl.tlog_wav_android) > ERROR :: reqUrl ▶ ["http://adm.moa1000.co.kr/recnas/svcment/ADMIN_20200902-5448.wav"]
● 2020-09-21 13:33:23 / Mon > wav (curl.tlog_wav_android) > INFO :: output ▶ null
● 2020-09-21 13:33:26 / Mon > wav (curl.tlog_wav_android) > INFO :: reqPath ▶ ["/recnas/svcment/ADMIN_20200827-6663.wav"]
● 2020-09-21 13:33:26 / Mon > wav (curl.tlog_wav_android) > ERROR :: reqUrl ▶ ["http://adm.moa1000.co.kr/recnas/svcment/ADMIN_20200827-6663.wav"]
● 2020-09-21 13:33:26 / Mon > wav (curl.tlog_wav_android) > INFO :: output ▶ null
● 2020-09-21 13:33:28 / Mon > wav (curl.tlog_wav_android) > INFO :: reqPath ▶ ["/recnas/svcment/ADMIN_20200902-5448.wav"]
● 2020-09-21 13:33:28 / Mon > wav (curl.tlog_wav_android) > ERROR :: reqUrl ▶ ["http://adm.moa1000.co.kr/recnas/svcment/ADMIN_20200902-5448.wav"]
● 2020-09-21 13:33:28 / Mon > wav (curl.tlog_wav_android) > INFO :: output ▶ null
● 2020-09-21 13:36:03 / Mon > wav (curl.tlog_wav_android) > INFO :: reqPath ▶ ["/recnas/svcment/ADMIN_20200902-5448.wav"]
● 2020-09-21 13:36:03 / Mon > wav (curl.tlog_wav_android) > INFO :: reqUrl ▶ ["http://adm.moa1000.co.kr/recnas/svcment/ADMIN_20200902-5448.wav"]
● 2020-09-21 13:36:03 / Mon > wav (curl.tlog_wav_android) > DEBUG :: output ▶ null
● 2020-09-21 13:41:27 / Mon > wav (curl.tlog_wav_android) > INFO :: reqPath ▶ ["/recnas/svcment/ADMIN_20200827-6663.wav"]
● 2020-09-21 13:41:27 / Mon > wav (curl.tlog_wav_android) > INFO :: reqUrl ▶ ["http://adm.moa1000.co.kr/recnas/svcment/ADMIN_20200827-6663.wav"]
● 2020-09-21 13:41:28 / Mon > wav (curl.tlog_wav_android) > DEBUG :: output ▶ null
● 2020-09-21 13:41:30 / Mon > wav (curl.tlog_wav_android) > INFO :: reqPath ▶ ["/recnas/svcment/ADMIN_20200902-4848.wav"]
● 2020-09-21 13:41:30 / Mon > wav (curl.tlog_wav_android) > INFO :: reqUrl ▶ ["http://adm.moa1000.co.kr/recnas/svcment/ADMIN_20200902-4848.wav"]
● 2020-09-21 13:41:31 / Mon > wav (curl.tlog_wav_android) > DEBUG :: output ▶ null
● 2020-09-21 13:41:42 / Mon > wav (curl.tlog_wav_android) > INFO :: reqPath ▶ ["/recnas/svcment/ADMIN_20200902-5448.wav"]
● 2020-09-21 13:41:42 / Mon > wav (curl.tlog_wav_android) > INFO :: reqUrl ▶ ["http://adm.moa1000.co.kr/recnas/svcment/ADMIN_20200902-5448.wav"]
● 2020-09-21 13:41:43 / Mon > wav (curl.tlog_wav_android) > DEBUG :: output ▶ null
● 2020-09-21 13:43:13 / Mon > wav (curl.tlog_wav_android) > INFO :: reqPath ▶ ["/recnas/svcment/ADMIN_20200902-5448.wav"]
● 2020-09-21 13:43:13 / Mon > wav (curl.tlog_wav_android) > INFO :: reqUrl ▶ ["http://adm.moa1000.co.kr/recnas/svcment/ADMIN_20200902-5448.wav"]
● 2020-09-21 13:43:15 / Mon > wav (curl.tlog_wav_android) > DEBUG :: output ▶ null
● 2020-09-21 13:43:18 / Mon > wav (curl.tlog_wav_android) > INFO :: reqPath ▶ ["/recnas/svcment/ADMIN_20200827-6663.wav"]
● 2020-09-21 13:43:18 / Mon > wav (curl.tlog_wav_android) > INFO :: reqUrl ▶ ["http://adm.moa1000.co.kr/recnas/svcment/ADMIN_20200827-6663.wav"]
● 2020-09-21 13:43:20 / Mon > wav (curl.tlog_wav_android) > DEBUG :: output ▶ null
● 2020-09-21 13:43:23 / Mon > wav (curl.tlog_wav_android) > INFO :: reqPath ▶ ["/recnas/svcment/TN_TC0010100_20200828-181126.wav"]
● 2020-09-21 13:43:23 / Mon > wav (curl.tlog_wav_android) > INFO :: reqUrl ▶ ["http://adm.moa1000.co.kr/recnas/svcment/TN_TC0010100_20200828-181126.wav"]
● 2020-09-21 13:43:24 / Mon > wav (curl.tlog_wav_android) > DEBUG :: output ▶ null
● 2020-09-21 13:45:08 / Mon > wav (curl.tlog_wav_android) > INFO :: reqPath ▶ ["/recnas/svcment/ADMIN_20200902-5448.wav"]
● 2020-09-21 13:45:08 / Mon > wav (curl.tlog_wav_android) > INFO :: reqUrl ▶ ["http://adm.moa1000.co.kr/recnas/svcment/ADMIN_20200902-5448.wav"]
● 2020-09-21 13:45:09 / Mon > wav (curl.tlog_wav_android) > DEBUG :: output ▶ null
● 2020-09-21 13:47:11 / Mon > wav (curl.tlog_wav_android) > INFO :: reqPath ▶ ["/recnas/svcment/ADMIN_20200902-5448.wav"]
● 2020-09-21 13:47:11 / Mon > wav (curl.tlog_wav_android) > INFO :: reqUrl ▶ ["http://adm.moa1000.co.kr/recnas/svcment/ADMIN_20200902-5448.wav"]
● 2020-09-21 13:47:11 / Mon > wav (curl.tlog_wav_android) > DEBUG :: output ▶ null
● 2020-09-21 13:57:23 / Mon > wav (curl.tlog_wav_android) > INFO :: reqPath ▶ ["/RecCID/2020/09/11/16/31788_5.WAV"]
● 2020-09-21 13:57:23 / Mon > wav (curl.tlog_wav_android) > INFO :: reqUrl ▶ ["http://adm.moa1000.co.kr/RecCID/2020/09/11/16/31788_5.WAV"]
● 2020-09-21 13:57:24 / Mon > wav (curl.tlog_wav_android) > DEBUG :: output ▶ null
● 2020-09-21 16:01:26 / Mon > wav (curl.tlog_wav_android) > INFO :: reqPath ▶ ["/recnas/svcment/ADMIN_20200902-5448.wav"]
● 2020-09-21 16:01:26 / Mon > wav (curl.tlog_wav_android) > INFO :: reqUrl ▶ ["http://adm.moa1000.co.kr/recnas/svcment/ADMIN_20200902-5448.wav"]
● 2020-09-21 16:01:26 / Mon > wav (curl.tlog_wav_android) > DEBUG :: output ▶ null
● 2020-09-21 16:01:29 / Mon > wav (curl.tlog_wav_android) > INFO :: reqPath ▶ ["/recnas/svcment/ADMIN_20200902-3658.wav"]
● 2020-09-21 16:01:29 / Mon > wav (curl.tlog_wav_android) > INFO :: reqUrl ▶ ["http://adm.moa1000.co.kr/recnas/svcment/ADMIN_20200902-3658.wav"]
● 2020-09-21 16:01:29 / Mon > wav (curl.tlog_wav_android) > DEBUG :: output ▶ null
● 2020-09-21 16:01:32 / Mon > wav (curl.tlog_wav_android) > INFO :: reqPath ▶ ["/recnas/svcment/ADMIN_20200827-6745.wav"]
● 2020-09-21 16:01:32 / Mon > wav (curl.tlog_wav_android) > INFO :: reqUrl ▶ ["http://adm.moa1000.co.kr/recnas/svcment/ADMIN_20200827-6745.wav"]
● 2020-09-21 16:01:32 / Mon > wav (curl.tlog_wav_android) > DEBUG :: output ▶ null
